<?xml version="1.0" encoding="UTF-8"?>
<coverage generated="1772483198817" clover="3.2.0">
  <project timestamp="1772483198817" name="All files">
    <metrics statements="2734" coveredstatements="1038" conditionals="846" coveredconditionals="183" methods="727" coveredmethods="287" elements="4307" coveredelements="1508" complexity="0" loc="2734" ncloc="2734" packages="55" files="174" classes="174"/>
    <package name="src">
      <metrics statements="42" coveredstatements="32" conditionals="8" coveredconditionals="4" methods="6" coveredmethods="2"/>
      <file name="index.js" path="/Users/anderson/learlify-backend/src/index.js">
        <metrics statements="42" coveredstatements="32" conditionals="8" coveredconditionals="4" methods="6" coveredmethods="2"/>
        <line num="48" count="1" type="stmt"/>
        <line num="54" count="1" type="stmt"/>
        <line num="56" count="1" type="stmt"/>
        <line num="58" count="1" type="stmt"/>
        <line num="65" count="1" type="cond" truecount="1" falsecount="1"/>
        <line num="70" count="1" type="stmt"/>
        <line num="72" count="1" type="stmt"/>
        <line num="73" count="1" type="stmt"/>
        <line num="75" count="1" type="stmt"/>
        <line num="76" count="1" type="stmt"/>
        <line num="77" count="1" type="stmt"/>
        <line num="79" count="1" type="stmt"/>
        <line num="80" count="13" type="cond" truecount="1" falsecount="1"/>
        <line num="81" count="0" type="stmt"/>
        <line num="84" count="13" type="stmt"/>
        <line num="90" count="1" type="stmt"/>
        <line num="91" count="1" type="stmt"/>
        <line num="92" count="1" type="stmt"/>
        <line num="99" count="1" type="stmt"/>
        <line num="105" count="1" type="stmt"/>
        <line num="111" count="1" type="stmt"/>
        <line num="125" count="1" type="stmt"/>
        <line num="130" count="1" type="stmt"/>
        <line num="147" count="1" type="stmt"/>
        <line num="148" count="1" type="stmt"/>
        <line num="150" count="1" type="stmt"/>
        <line num="152" count="1" type="stmt"/>
        <line num="158" count="1" type="cond" truecount="1" falsecount="1"/>
        <line num="159" count="0" type="stmt"/>
        <line num="160" count="1" type="cond" truecount="1" falsecount="1"/>
        <line num="161" count="0" type="stmt"/>
        <line num="163" count="1" type="stmt"/>
        <line num="167" count="1" type="stmt"/>
        <line num="168" count="0" type="stmt"/>
        <line num="169" count="0" type="stmt"/>
        <line num="172" count="1" type="stmt"/>
        <line num="173" count="0" type="stmt"/>
        <line num="174" count="0" type="stmt"/>
        <line num="177" count="1" type="stmt"/>
        <line num="178" count="0" type="stmt"/>
        <line num="179" count="0" type="stmt"/>
        <line num="180" count="0" type="stmt"/>
      </file>
    </package>
    <package name="src.api">
      <metrics statements="2" coveredstatements="2" conditionals="0" coveredconditionals="0" methods="0" coveredmethods="0"/>
      <file name="routes.js" path="/Users/anderson/learlify-backend/src/api/routes.js">
        <metrics statements="2" coveredstatements="2" conditionals="0" coveredconditionals="0" methods="0" coveredmethods="0"/>
        <line num="30" count="1" type="stmt"/>
        <line num="61" count="1" type="stmt"/>
      </file>
    </package>
    <package name="src.api.access">
      <metrics statements="41" coveredstatements="19" conditionals="4" coveredconditionals="1" methods="20" coveredmethods="8"/>
      <file name="access.controller.js" path="/Users/anderson/learlify-backend/src/api/access/access.controller.js">
        <metrics statements="17" coveredstatements="4" conditionals="2" coveredconditionals="0" methods="5" coveredmethods="1"/>
        <line num="10" count="1" type="stmt"/>
        <line num="11" count="1" type="stmt"/>
        <line num="12" count="1" type="stmt"/>
        <line num="13" count="1" type="stmt"/>
        <line num="18" count="0" type="stmt"/>
        <line num="19" count="0" type="stmt"/>
        <line num="21" count="0" type="stmt"/>
        <line num="30" count="0" type="stmt"/>
        <line num="32" count="0" type="stmt"/>
        <line num="41" count="0" type="stmt"/>
        <line num="43" count="0" type="cond" truecount="0" falsecount="2"/>
        <line num="44" count="0" type="stmt"/>
        <line num="50" count="0" type="stmt"/>
        <line num="53" count="0" type="stmt"/>
        <line num="58" count="0" type="stmt"/>
        <line num="59" count="0" type="stmt"/>
        <line num="61" count="0" type="stmt"/>
      </file>
      <file name="access.features.js" path="/Users/anderson/learlify-backend/src/api/access/access.features.js">
        <metrics statements="1" coveredstatements="1" conditionals="0" coveredconditionals="0" methods="0" coveredmethods="0"/>
        <line num="1" count="1" type="stmt"/>
      </file>
      <file name="access.model.js" path="/Users/anderson/learlify-backend/src/api/access/access.model.js">
        <metrics statements="4" coveredstatements="0" conditionals="0" coveredconditionals="0" methods="4" coveredmethods="0"/>
        <line num="6" count="0" type="stmt"/>
        <line num="10" count="0" type="stmt"/>
        <line num="24" count="0" type="stmt"/>
        <line num="26" count="0" type="stmt"/>
      </file>
      <file name="access.pipe.js" path="/Users/anderson/learlify-backend/src/api/access/access.pipe.js">
        <metrics statements="5" coveredstatements="5" conditionals="0" coveredconditionals="0" methods="4" coveredmethods="4"/>
        <line num="5" count="1" type="stmt"/>
        <line num="19" count="1" type="stmt"/>
        <line num="23" count="1" type="stmt"/>
        <line num="27" count="1" type="stmt"/>
        <line num="31" count="1" type="stmt"/>
      </file>
      <file name="access.routes.js" path="/Users/anderson/learlify-backend/src/api/access/access.routes.js">
        <metrics statements="9" coveredstatements="8" conditionals="2" coveredconditionals="1" methods="2" coveredmethods="2"/>
        <line num="15" count="1" type="stmt"/>
        <line num="16" count="1" type="stmt"/>
        <line num="20" count="1" type="cond" truecount="1" falsecount="1"/>
        <line num="21" count="0" type="stmt"/>
        <line num="24" count="1" type="stmt"/>
        <line num="35" count="1" type="stmt"/>
        <line num="46" count="1" type="stmt"/>
        <line num="57" count="1" type="stmt"/>
        <line num="68" count="1" type="stmt"/>
      </file>
      <file name="access.service.js" path="/Users/anderson/learlify-backend/src/api/access/access.service.js">
        <metrics statements="5" coveredstatements="1" conditionals="0" coveredconditionals="0" methods="5" coveredmethods="1"/>
        <line num="7" count="1" type="stmt"/>
        <line num="12" count="0" type="stmt"/>
        <line num="17" count="0" type="stmt"/>
        <line num="22" count="0" type="stmt"/>
        <line num="27" count="0" type="stmt"/>
      </file>
    </package>
    <package name="src.api.admin">
      <metrics statements="47" coveredstatements="20" conditionals="8" coveredconditionals="1" methods="10" coveredmethods="6"/>
      <file name="admin.controller.js" path="/Users/anderson/learlify-backend/src/api/admin/admin.controller.js">
        <metrics statements="30" coveredstatements="8" conditionals="6" coveredconditionals="0" methods="3" coveredmethods="1"/>
        <line num="14" count="1" type="stmt"/>
        <line num="16" count="1" type="stmt"/>
        <line num="18" count="1" type="stmt"/>
        <line num="20" count="1" type="stmt"/>
        <line num="22" count="1" type="stmt"/>
        <line num="24" count="1" type="stmt"/>
        <line num="26" count="1" type="stmt"/>
        <line num="28" count="1" type="stmt"/>
        <line num="36" count="0" type="stmt"/>
        <line num="38" count="0" type="stmt"/>
        <line num="40" count="0" type="stmt"/>
        <line num="42" count="0" type="cond" truecount="0" falsecount="2"/>
        <line num="43" count="0" type="stmt"/>
        <line num="46" count="0" type="cond" truecount="0" falsecount="2"/>
        <line num="47" count="0" type="stmt"/>
        <line num="51" count="0" type="stmt"/>
        <line num="60" count="0" type="stmt"/>
        <line num="62" count="0" type="stmt"/>
        <line num="82" count="0" type="stmt"/>
        <line num="84" count="0" type="stmt"/>
        <line num="91" count="0" type="stmt"/>
        <line num="104" count="0" type="stmt"/>
        <line num="106" count="0" type="stmt"/>
        <line num="110" count="0" type="stmt"/>
        <line num="111" count="0" type="stmt"/>
        <line num="113" count="0" type="cond" truecount="0" falsecount="2"/>
        <line num="114" count="0" type="stmt"/>
        <line num="118" count="0" type="stmt"/>
        <line num="122" count="0" type="stmt"/>
        <line num="132" count="0" type="stmt"/>
      </file>
      <file name="admin.pipe.js" path="/Users/anderson/learlify-backend/src/api/admin/admin.pipe.js">
        <metrics statements="5" coveredstatements="5" conditionals="0" coveredconditionals="0" methods="3" coveredmethods="3"/>
        <line num="6" count="1" type="stmt"/>
        <line num="10" count="1" type="stmt"/>
        <line num="12" count="1" type="stmt"/>
        <line num="40" count="1" type="stmt"/>
        <line num="49" count="1" type="stmt"/>
      </file>
      <file name="admin.routes.js" path="/Users/anderson/learlify-backend/src/api/admin/admin.routes.js">
        <metrics statements="8" coveredstatements="7" conditionals="2" coveredconditionals="1" methods="2" coveredmethods="2"/>
        <line num="11" count="1" type="stmt"/>
        <line num="12" count="1" type="stmt"/>
        <line num="13" count="1" type="stmt"/>
        <line num="17" count="1" type="cond" truecount="1" falsecount="1"/>
        <line num="18" count="0" type="stmt"/>
        <line num="21" count="1" type="stmt"/>
        <line num="32" count="1" type="stmt"/>
        <line num="43" count="1" type="stmt"/>
      </file>
      <file name="admin.service.js" path="/Users/anderson/learlify-backend/src/api/admin/admin.service.js">
        <metrics statements="4" coveredstatements="0" conditionals="0" coveredconditionals="0" methods="2" coveredmethods="0"/>
        <line num="18" count="0" type="stmt"/>
        <line num="20" count="0" type="stmt"/>
        <line num="29" count="0" type="stmt"/>
        <line num="33" count="0" type="stmt"/>
      </file>
    </package>
    <package name="src.api.advance">
      <metrics statements="50" coveredstatements="15" conditionals="18" coveredconditionals="1" methods="16" coveredmethods="5"/>
      <file name="advance.controller.js" path="/Users/anderson/learlify-backend/src/api/advance/advance.controller.js">
        <metrics statements="32" coveredstatements="5" conditionals="16" coveredconditionals="0" methods="5" coveredmethods="1"/>
        <line num="11" count="1" type="stmt"/>
        <line num="12" count="1" type="stmt"/>
        <line num="13" count="1" type="stmt"/>
        <line num="14" count="1" type="stmt"/>
        <line num="15" count="1" type="stmt"/>
        <line num="24" count="0" type="stmt"/>
        <line num="26" count="0" type="stmt"/>
        <line num="28" count="0" type="stmt"/>
        <line num="34" count="0" type="stmt"/>
        <line num="47" count="0" type="stmt"/>
        <line num="49" count="0" type="stmt"/>
        <line num="54" count="0" type="stmt"/>
        <line num="62" count="0" type="cond" truecount="0" falsecount="2"/>
        <line num="63" count="0" type="cond" truecount="0" falsecount="2"/>
        <line num="64" count="0" type="stmt"/>
        <line num="71" count="0" type="stmt"/>
        <line num="74" count="0" type="stmt"/>
        <line num="76" count="0" type="stmt"/>
        <line num="85" count="0" type="stmt"/>
        <line num="87" count="0" type="stmt"/>
        <line num="89" count="0" type="stmt"/>
        <line num="94" count="0" type="cond" truecount="0" falsecount="2"/>
        <line num="95" count="0" type="stmt"/>
        <line num="97" count="0" type="cond" truecount="0" falsecount="2"/>
        <line num="98" count="0" type="stmt"/>
        <line num="106" count="0" type="stmt"/>
        <line num="115" count="0" type="stmt"/>
        <line num="116" count="0" type="cond" truecount="0" falsecount="2"/>
        <line num="117" count="0" type="stmt"/>
        <line num="126" count="0" type="stmt"/>
        <line num="131" count="0" type="stmt"/>
        <line num="137" count="0" type="stmt"/>
      </file>
      <file name="advance.model.js" path="/Users/anderson/learlify-backend/src/api/advance/advance.model.js">
        <metrics statements="4" coveredstatements="0" conditionals="0" coveredconditionals="0" methods="4" coveredmethods="0"/>
        <line num="11" count="0" type="stmt"/>
        <line num="15" count="0" type="stmt"/>
        <line num="22" count="0" type="stmt"/>
        <line num="40" count="0" type="stmt"/>
      </file>
      <file name="advance.pipe.js" path="/Users/anderson/learlify-backend/src/api/advance/advance.pipe.js">
        <metrics statements="3" coveredstatements="3" conditionals="0" coveredconditionals="0" methods="2" coveredmethods="2"/>
        <line num="6" count="2" type="stmt"/>
        <line num="17" count="1" type="stmt"/>
        <line num="39" count="1" type="stmt"/>
      </file>
      <file name="advance.routes.js" path="/Users/anderson/learlify-backend/src/api/advance/advance.routes.js">
        <metrics statements="8" coveredstatements="7" conditionals="2" coveredconditionals="1" methods="2" coveredmethods="2"/>
        <line num="14" count="1" type="stmt"/>
        <line num="15" count="1" type="stmt"/>
        <line num="22" count="1" type="cond" truecount="1" falsecount="1"/>
        <line num="23" count="0" type="stmt"/>
        <line num="26" count="1" type="stmt"/>
        <line num="32" count="1" type="stmt"/>
        <line num="38" count="1" type="stmt"/>
        <line num="44" count="1" type="stmt"/>
      </file>
      <file name="advance.service.js" path="/Users/anderson/learlify-backend/src/api/advance/advance.service.js">
        <metrics statements="3" coveredstatements="0" conditionals="0" coveredconditionals="0" methods="3" coveredmethods="0"/>
        <line num="15" count="0" type="stmt"/>
        <line num="23" count="0" type="stmt"/>
        <line num="30" count="0" type="stmt"/>
      </file>
    </package>
    <package name="src.api.authentication">
      <metrics statements="162" coveredstatements="120" conditionals="49" coveredconditionals="31" methods="29" coveredmethods="27"/>
      <file name="authentication.controller.js" path="/Users/anderson/learlify-backend/src/api/authentication/authentication.controller.js">
        <metrics statements="106" coveredstatements="66" conditionals="38" coveredconditionals="22" methods="11" coveredmethods="9"/>
        <line num="21" count="20" type="stmt"/>
        <line num="22" count="20" type="stmt"/>
        <line num="23" count="20" type="stmt"/>
        <line num="24" count="20" type="stmt"/>
        <line num="25" count="20" type="stmt"/>
        <line num="26" count="20" type="stmt"/>
        <line num="36" count="2" type="stmt"/>
        <line num="38" count="2" type="stmt"/>
        <line num="42" count="2" type="cond" truecount="2" falsecount="0"/>
        <line num="43" count="1" type="stmt"/>
        <line num="44" count="1" type="stmt"/>
        <line num="47" count="1" type="stmt"/>
        <line num="49" count="1" type="stmt"/>
        <line num="60" count="1" type="stmt"/>
        <line num="64" count="1" type="stmt"/>
        <line num="73" count="1" type="stmt"/>
        <line num="99" count="1" type="stmt"/>
        <line num="114" count="3" type="stmt"/>
        <line num="116" count="3" type="stmt"/>
        <line num="121" count="3" type="cond" truecount="2" falsecount="0"/>
        <line num="122" count="2" type="stmt"/>
        <line num="127" count="2" type="cond" truecount="2" falsecount="0"/>
        <line num="128" count="1" type="stmt"/>
        <line num="134" count="1" type="stmt"/>
        <line num="139" count="1" type="stmt"/>
        <line num="149" count="2" type="stmt"/>
        <line num="158" count="0" type="stmt"/>
        <line num="160" count="0" type="stmt"/>
        <line num="165" count="0" type="cond" truecount="0" falsecount="2"/>
        <line num="166" count="0" type="stmt"/>
        <line num="171" count="0" type="stmt"/>
        <line num="179" count="0" type="stmt"/>
        <line num="188" count="0" type="stmt"/>
        <line num="192" count="0" type="cond" truecount="0" falsecount="2"/>
        <line num="193" count="0" type="stmt"/>
        <line num="200" count="0" type="stmt"/>
        <line num="202" count="0" type="stmt"/>
        <line num="210" count="0" type="stmt"/>
        <line num="223" count="0" type="stmt"/>
        <line num="230" count="0" type="stmt"/>
        <line num="232" count="0" type="stmt"/>
        <line num="245" count="0" type="stmt"/>
        <line num="265" count="0" type="stmt"/>
        <line num="270" count="0" type="stmt"/>
        <line num="285" count="0" type="stmt"/>
        <line num="287" count="0" type="stmt"/>
        <line num="292" count="0" type="cond" truecount="0" falsecount="2"/>
        <line num="293" count="0" type="stmt"/>
        <line num="298" count="0" type="stmt"/>
        <line num="306" count="0" type="stmt"/>
        <line num="315" count="0" type="stmt"/>
        <line num="319" count="0" type="cond" truecount="0" falsecount="2"/>
        <line num="320" count="0" type="stmt"/>
        <line num="327" count="0" type="stmt"/>
        <line num="329" count="0" type="stmt"/>
        <line num="337" count="0" type="stmt"/>
        <line num="350" count="0" type="stmt"/>
        <line num="357" count="0" type="stmt"/>
        <line num="359" count="0" type="stmt"/>
        <line num="372" count="0" type="stmt"/>
        <line num="392" count="0" type="stmt"/>
        <line num="397" count="0" type="stmt"/>
        <line num="412" count="3" type="stmt"/>
        <line num="418" count="3" type="stmt"/>
        <line num="420" count="2" type="stmt"/>
        <line num="425" count="2" type="cond" truecount="1" falsecount="1"/>
        <line num="426" count="0" type="stmt"/>
        <line num="431" count="2" type="stmt"/>
        <line num="435" count="2" type="cond" truecount="2" falsecount="0"/>
        <line num="436" count="1" type="stmt"/>
        <line num="441" count="1" type="stmt"/>
        <line num="453" count="1" type="stmt"/>
        <line num="462" count="2" type="stmt"/>
        <line num="467" count="2" type="stmt"/>
        <line num="471" count="2" type="cond" truecount="2" falsecount="0"/>
        <line num="472" count="1" type="stmt"/>
        <line num="481" count="1" type="stmt"/>
        <line num="490" count="1" type="stmt"/>
        <line num="517" count="1" type="stmt"/>
        <line num="529" count="1" type="stmt"/>
        <line num="531" count="1" type="stmt"/>
        <line num="543" count="3" type="stmt"/>
        <line num="548" count="2" type="cond" truecount="1" falsecount="1"/>
        <line num="549" count="0" type="stmt"/>
        <line num="551" count="0" type="stmt"/>
        <line num="554" count="2" type="stmt"/>
        <line num="556" count="2" type="cond" truecount="2" falsecount="0"/>
        <line num="557" count="1" type="stmt"/>
        <line num="566" count="1" type="stmt"/>
        <line num="571" count="2" type="stmt"/>
        <line num="573" count="2" type="stmt"/>
        <line num="575" count="1" type="cond" truecount="1" falsecount="1"/>
        <line num="576" count="0" type="stmt"/>
        <line num="581" count="1" type="stmt"/>
        <line num="585" count="1" type="cond" truecount="1" falsecount="1"/>
        <line num="586" count="1" type="stmt"/>
        <line num="591" count="1" type="stmt"/>
        <line num="607" count="1" type="stmt"/>
        <line num="612" count="1" type="stmt"/>
        <line num="618" count="1" type="stmt"/>
        <line num="623" count="1" type="stmt"/>
        <line num="634" count="3" type="cond" truecount="2" falsecount="0"/>
        <line num="635" count="3" type="cond" truecount="2" falsecount="0"/>
        <line num="637" count="3" type="cond" truecount="2" falsecount="0"/>
        <line num="638" count="1" type="stmt"/>
        <line num="641" count="3" type="stmt"/>
      </file>
      <file name="authentication.pipe.js" path="/Users/anderson/learlify-backend/src/api/authentication/authentication.pipe.js">
        <metrics statements="15" coveredstatements="15" conditionals="0" coveredconditionals="0" methods="9" coveredmethods="9"/>
        <line num="9" count="1" type="stmt"/>
        <line num="16" count="1" type="stmt"/>
        <line num="18" count="1" type="stmt"/>
        <line num="49" count="1" type="stmt"/>
        <line num="51" count="1" type="stmt"/>
        <line num="72" count="1" type="stmt"/>
        <line num="74" count="1" type="stmt"/>
        <line num="108" count="1" type="stmt"/>
        <line num="110" count="1" type="stmt"/>
        <line num="139" count="1" type="stmt"/>
        <line num="155" count="1" type="stmt"/>
        <line num="165" count="1" type="stmt"/>
        <line num="176" count="1" type="stmt"/>
        <line num="178" count="1" type="stmt"/>
        <line num="193" count="1" type="stmt"/>
      </file>
      <file name="authentication.routes.js" path="/Users/anderson/learlify-backend/src/api/authentication/authentication.routes.js">
        <metrics statements="16" coveredstatements="15" conditionals="2" coveredconditionals="1" methods="2" coveredmethods="2"/>
        <line num="11" count="1" type="stmt"/>
        <line num="12" count="1" type="stmt"/>
        <line num="13" count="1" type="stmt"/>
        <line num="17" count="1" type="cond" truecount="1" falsecount="1"/>
        <line num="18" count="0" type="stmt"/>
        <line num="21" count="1" type="stmt"/>
        <line num="27" count="1" type="stmt"/>
        <line num="33" count="1" type="stmt"/>
        <line num="39" count="1" type="stmt"/>
        <line num="45" count="1" type="stmt"/>
        <line num="51" count="1" type="stmt"/>
        <line num="57" count="1" type="stmt"/>
        <line num="68" count="1" type="stmt"/>
        <line num="74" count="1" type="stmt"/>
        <line num="76" count="1" type="stmt"/>
        <line num="82" count="1" type="stmt"/>
      </file>
      <file name="authentication.service.js" path="/Users/anderson/learlify-backend/src/api/authentication/authentication.service.js">
        <metrics statements="25" coveredstatements="24" conditionals="9" coveredconditionals="8" methods="7" coveredmethods="7"/>
        <line num="10" count="33" type="stmt"/>
        <line num="11" count="33" type="stmt"/>
        <line num="12" count="33" type="stmt"/>
        <line num="13" count="33" type="stmt"/>
        <line num="22" count="4" type="stmt"/>
        <line num="30" count="8" type="stmt"/>
        <line num="32" count="8" type="stmt"/>
        <line num="33" count="8" type="cond" truecount="2" falsecount="0"/>
        <line num="34" count="3" type="stmt"/>
        <line num="36" count="0" type="stmt"/>
        <line num="41" count="5" type="stmt"/>
        <line num="57" count="10" type="stmt"/>
        <line num="59" count="10" type="cond" truecount="2" falsecount="0"/>
        <line num="60" count="7" type="stmt"/>
        <line num="61" count="7" type="stmt"/>
        <line num="62" count="7" type="stmt"/>
        <line num="63" count="7" type="stmt"/>
        <line num="65" count="7" type="stmt"/>
        <line num="70" count="3" type="cond" truecount="2" falsecount="0"/>
        <line num="71" count="2" type="stmt"/>
        <line num="74" count="1" type="stmt"/>
        <line num="83" count="2" type="stmt"/>
        <line num="88" count="2" type="stmt"/>
        <line num="99" count="6" type="stmt"/>
        <line num="101" count="6" type="stmt"/>
      </file>
    </package>
    <package name="src.api.aws">
      <metrics statements="56" coveredstatements="35" conditionals="14" coveredconditionals="5" methods="19" coveredmethods="12"/>
      <file name="aws.controller.js" path="/Users/anderson/learlify-backend/src/api/aws/aws.controller.js">
        <metrics statements="18" coveredstatements="5" conditionals="6" coveredconditionals="0" methods="3" coveredmethods="1"/>
        <line num="10" count="1" type="stmt"/>
        <line num="11" count="1" type="stmt"/>
        <line num="12" count="1" type="stmt"/>
        <line num="13" count="1" type="stmt"/>
        <line num="14" count="1" type="stmt"/>
        <line num="23" count="0" type="stmt"/>
        <line num="25" count="0" type="stmt"/>
        <line num="30" count="0" type="stmt"/>
        <line num="43" count="0" type="stmt"/>
        <line num="45" count="0" type="stmt"/>
        <line num="47" count="0" type="stmt"/>
        <line num="52" count="0" type="stmt"/>
        <line num="54" count="0" type="cond" truecount="0" falsecount="4"/>
        <line num="55" count="0" type="stmt"/>
        <line num="56" count="0" type="stmt"/>
        <line num="57" count="0" type="stmt"/>
        <line num="60" count="0" type="stmt"/>
        <line num="68" count="0" type="stmt"/>
      </file>
      <file name="aws.pipe.js" path="/Users/anderson/learlify-backend/src/api/aws/aws.pipe.js">
        <metrics statements="3" coveredstatements="3" conditionals="0" coveredconditionals="0" methods="2" coveredmethods="2"/>
        <line num="5" count="1" type="stmt"/>
        <line num="25" count="1" type="stmt"/>
        <line num="39" count="1" type="stmt"/>
      </file>
      <file name="aws.routes.js" path="/Users/anderson/learlify-backend/src/api/aws/aws.routes.js">
        <metrics statements="12" coveredstatements="11" conditionals="4" coveredconditionals="2" methods="2" coveredmethods="2"/>
        <line num="12" count="1" type="stmt"/>
        <line num="13" count="1" type="stmt"/>
        <line num="19" count="1" type="stmt"/>
        <line num="20" count="1" type="stmt"/>
        <line num="21" count="1" type="stmt"/>
        <line num="22" count="1" type="stmt"/>
        <line num="26" count="1" type="stmt"/>
        <line num="28" count="1" type="cond" truecount="1" falsecount="1"/>
        <line num="29" count="0" type="stmt"/>
        <line num="32" count="1" type="stmt"/>
        <line num="38" count="1" type="stmt"/>
        <line num="49" count="1" type="stmt"/>
      </file>
      <file name="aws.service.js" path="/Users/anderson/learlify-backend/src/api/aws/aws.service.js">
        <metrics statements="23" coveredstatements="16" conditionals="4" coveredconditionals="3" methods="12" coveredmethods="7"/>
        <line num="14" count="1" type="stmt"/>
        <line num="15" count="3" type="stmt"/>
        <line num="16" count="3" type="stmt"/>
        <line num="17" count="4" type="cond" truecount="1" falsecount="1"/>
        <line num="19" count="3" type="stmt"/>
        <line num="24" count="6" type="stmt"/>
        <line num="25" count="6" type="stmt"/>
        <line num="26" count="6" type="stmt"/>
        <line num="36" count="0" type="stmt"/>
        <line num="37" count="0" type="stmt"/>
        <line num="40" count="0" type="stmt"/>
        <line num="46" count="0" type="stmt"/>
        <line num="49" count="0" type="stmt"/>
        <line num="54" count="0" type="stmt"/>
        <line num="58" count="3" type="stmt"/>
        <line num="59" count="3" type="stmt"/>
        <line num="63" count="2" type="stmt"/>
        <line num="64" count="2" type="stmt"/>
        <line num="65" count="2" type="cond" truecount="2" falsecount="0"/>
        <line num="69" count="1" type="stmt"/>
        <line num="73" count="1" type="stmt"/>
        <line num="77" count="1" type="stmt"/>
        <line num="81" count="0" type="stmt"/>
      </file>
    </package>
    <package name="src.api.categories">
      <metrics statements="16" coveredstatements="4" conditionals="2" coveredconditionals="0" methods="12" coveredmethods="3"/>
      <file name="categories.controller.js" path="/Users/anderson/learlify-backend/src/api/categories/categories.controller.js">
        <metrics statements="3" coveredstatements="1" conditionals="0" coveredconditionals="0" methods="2" coveredmethods="1"/>
        <line num="7" count="1" type="stmt"/>
        <line num="17" count="0" type="stmt"/>
        <line num="19" count="0" type="stmt"/>
      </file>
      <file name="categories.model.js" path="/Users/anderson/learlify-backend/src/api/categories/categories.model.js">
        <metrics statements="6" coveredstatements="0" conditionals="0" coveredconditionals="0" methods="6" coveredmethods="0"/>
        <line num="8" count="0" type="stmt"/>
        <line num="12" count="0" type="stmt"/>
        <line num="16" count="0" type="stmt"/>
        <line num="29" count="0" type="stmt"/>
        <line num="51" count="0" type="stmt"/>
        <line num="53" count="0" type="stmt"/>
      </file>
      <file name="categories.routes.js" path="/Users/anderson/learlify-backend/src/api/categories/categories.routes.js">
        <metrics statements="3" coveredstatements="3" conditionals="0" coveredconditionals="0" methods="2" coveredmethods="2"/>
        <line num="11" count="1" type="stmt"/>
        <line num="15" count="1" type="stmt"/>
        <line num="21" count="1" type="stmt"/>
      </file>
      <file name="categories.service.js" path="/Users/anderson/learlify-backend/src/api/categories/categories.service.js">
        <metrics statements="4" coveredstatements="0" conditionals="2" coveredconditionals="0" methods="2" coveredmethods="0"/>
        <line num="8" count="0" type="stmt"/>
        <line num="16" count="0" type="cond" truecount="0" falsecount="2"/>
        <line num="17" count="0" type="stmt"/>
        <line num="19" count="0" type="stmt"/>
      </file>
    </package>
    <package name="src.api.classes">
      <metrics statements="109" coveredstatements="21" conditionals="34" coveredconditionals="1" methods="25" coveredmethods="6"/>
      <file name="classes.controller.js" path="/Users/anderson/learlify-backend/src/api/classes/classes.controller.js">
        <metrics statements="67" coveredstatements="7" conditionals="24" coveredconditionals="0" methods="8" coveredmethods="1"/>
        <line num="22" count="1" type="stmt"/>
        <line num="29" count="1" type="stmt"/>
        <line num="30" count="1" type="stmt"/>
        <line num="31" count="1" type="stmt"/>
        <line num="32" count="1" type="stmt"/>
        <line num="33" count="1" type="stmt"/>
        <line num="34" count="1" type="stmt"/>
        <line num="42" count="0" type="stmt"/>
        <line num="52" count="0" type="stmt"/>
        <line num="54" count="0" type="stmt"/>
        <line num="56" count="0" type="stmt"/>
        <line num="60" count="0" type="stmt"/>
        <line num="64" count="0" type="cond" truecount="0" falsecount="2"/>
        <line num="65" count="0" type="stmt"/>
        <line num="68" count="0" type="cond" truecount="0" falsecount="2"/>
        <line num="69" count="0" type="stmt"/>
        <line num="71" count="0" type="cond" truecount="0" falsecount="2"/>
        <line num="72" count="0" type="stmt"/>
        <line num="75" count="0" type="stmt"/>
        <line num="79" count="0" type="cond" truecount="0" falsecount="2"/>
        <line num="80" count="0" type="stmt"/>
        <line num="89" count="0" type="stmt"/>
        <line num="91" count="0" type="cond" truecount="0" falsecount="2"/>
        <line num="92" count="0" type="stmt"/>
        <line num="95" count="0" type="stmt"/>
        <line num="106" count="0" type="stmt"/>
        <line num="133" count="0" type="stmt"/>
        <line num="166" count="0" type="stmt"/>
        <line num="199" count="0" type="stmt"/>
        <line num="205" count="0" type="stmt"/>
        <line num="208" count="0" type="stmt"/>
        <line num="218" count="0" type="stmt"/>
        <line num="220" count="0" type="stmt"/>
        <line num="222" count="0" type="cond" truecount="0" falsecount="2"/>
        <line num="223" count="0" type="stmt"/>
        <line num="228" count="0" type="stmt"/>
        <line num="230" count="0" type="stmt"/>
        <line num="241" count="0" type="stmt"/>
        <line num="243" count="0" type="cond" truecount="0" falsecount="2"/>
        <line num="244" count="0" type="stmt"/>
        <line num="246" count="0" type="stmt"/>
        <line num="252" count="0" type="stmt"/>
        <line num="253" count="0" type="stmt"/>
        <line num="262" count="0" type="stmt"/>
        <line num="264" count="0" type="stmt"/>
        <line num="271" count="0" type="stmt"/>
        <line num="276" count="0" type="stmt"/>
        <line num="277" count="0" type="stmt"/>
        <line num="286" count="0" type="stmt"/>
        <line num="288" count="0" type="stmt"/>
        <line num="302" count="0" type="stmt"/>
        <line num="304" count="0" type="stmt"/>
        <line num="308" count="0" type="cond" truecount="0" falsecount="2"/>
        <line num="309" count="0" type="cond" truecount="0" falsecount="2"/>
        <line num="310" count="0" type="stmt"/>
        <line num="316" count="0" type="stmt"/>
        <line num="317" count="0" type="stmt"/>
        <line num="320" count="0" type="stmt"/>
        <line num="327" count="0" type="stmt"/>
        <line num="334" count="0" type="stmt"/>
        <line num="336" count="0" type="stmt"/>
        <line num="338" count="0" type="cond" truecount="0" falsecount="2"/>
        <line num="339" count="0" type="cond" truecount="0" falsecount="4"/>
        <line num="340" count="0" type="stmt"/>
        <line num="347" count="0" type="stmt"/>
        <line num="352" count="0" type="stmt"/>
        <line num="355" count="0" type="stmt"/>
      </file>
      <file name="classes.model.js" path="/Users/anderson/learlify-backend/src/api/classes/classes.model.js">
        <metrics statements="8" coveredstatements="0" conditionals="0" coveredconditionals="0" methods="8" coveredmethods="0"/>
        <line num="7" count="0" type="stmt"/>
        <line num="11" count="0" type="stmt"/>
        <line num="18" count="0" type="stmt"/>
        <line num="32" count="0" type="stmt"/>
        <line num="57" count="0" type="stmt"/>
        <line num="59" count="0" type="stmt"/>
        <line num="63" count="0" type="stmt"/>
        <line num="67" count="0" type="stmt"/>
      </file>
      <file name="classes.pipe.js" path="/Users/anderson/learlify-backend/src/api/classes/classes.pipe.js">
        <metrics statements="3" coveredstatements="3" conditionals="0" coveredconditionals="0" methods="2" coveredmethods="2"/>
        <line num="5" count="1" type="stmt"/>
        <line num="22" count="1" type="stmt"/>
        <line num="36" count="1" type="stmt"/>
      </file>
      <file name="classes.routes.js" path="/Users/anderson/learlify-backend/src/api/classes/classes.routes.js">
        <metrics statements="9" coveredstatements="8" conditionals="2" coveredconditionals="1" methods="2" coveredmethods="2"/>
        <line num="18" count="1" type="stmt"/>
        <line num="19" count="1" type="stmt"/>
        <line num="26" count="1" type="cond" truecount="1" falsecount="1"/>
        <line num="27" count="0" type="stmt"/>
        <line num="35" count="1" type="stmt"/>
        <line num="51" count="1" type="stmt"/>
        <line num="62" count="1" type="stmt"/>
        <line num="68" count="1" type="stmt"/>
        <line num="74" count="1" type="stmt"/>
      </file>
      <file name="classes.service.js" path="/Users/anderson/learlify-backend/src/api/classes/classes.service.js">
        <metrics statements="22" coveredstatements="3" conditionals="8" coveredconditionals="0" methods="5" coveredmethods="1"/>
        <line num="12" count="1" type="stmt"/>
        <line num="16" count="4" type="stmt"/>
        <line num="35" count="4" type="stmt"/>
        <line num="42" count="0" type="stmt"/>
        <line num="43" count="0" type="stmt"/>
        <line num="47" count="0" type="stmt"/>
        <line num="57" count="0" type="stmt"/>
        <line num="70" count="0" type="stmt"/>
        <line num="78" count="0" type="stmt"/>
        <line num="84" count="0" type="stmt"/>
        <line num="91" count="0" type="stmt"/>
        <line num="98" count="0" type="stmt"/>
        <line num="106" count="0" type="stmt"/>
        <line num="108" count="0" type="cond" truecount="0" falsecount="2"/>
        <line num="109" count="0" type="stmt"/>
        <line num="112" count="0" type="stmt"/>
        <line num="124" count="0" type="stmt"/>
        <line num="126" count="0" type="cond" truecount="0" falsecount="2"/>
        <line num="127" count="0" type="stmt"/>
        <line num="133" count="0" type="cond" truecount="0" falsecount="2"/>
        <line num="134" count="0" type="stmt"/>
        <line num="143" count="0" type="cond" truecount="0" falsecount="2"/>
      </file>
    </package>
    <package name="src.api.cloudstorage">
      <metrics statements="7" coveredstatements="1" conditionals="0" coveredconditionals="0" methods="7" coveredmethods="1"/>
      <file name="cloudstorage.model.js" path="/Users/anderson/learlify-backend/src/api/cloudstorage/cloudstorage.model.js">
        <metrics statements="4" coveredstatements="0" conditionals="0" coveredconditionals="0" methods="4" coveredmethods="0"/>
        <line num="10" count="0" type="stmt"/>
        <line num="14" count="0" type="stmt"/>
        <line num="18" count="0" type="stmt"/>
        <line num="33" count="0" type="stmt"/>
      </file>
      <file name="cloudstorage.service.js" path="/Users/anderson/learlify-backend/src/api/cloudstorage/cloudstorage.service.js">
        <metrics statements="3" coveredstatements="1" conditionals="0" coveredconditionals="0" methods="3" coveredmethods="1"/>
        <line num="8" count="3" type="stmt"/>
        <line num="16" count="0" type="stmt"/>
        <line num="21" count="0" type="stmt"/>
      </file>
    </package>
    <package name="src.api.config">
      <metrics statements="5" coveredstatements="3" conditionals="0" coveredconditionals="0" methods="3" coveredmethods="1"/>
      <file name="config.service.js" path="/Users/anderson/learlify-backend/src/api/config/config.service.js">
        <metrics statements="5" coveredstatements="3" conditionals="0" coveredconditionals="0" methods="3" coveredmethods="1"/>
        <line num="6" count="71" type="stmt"/>
        <line num="7" count="71" type="stmt"/>
        <line num="13" count="71" type="stmt"/>
        <line num="25" count="0" type="stmt"/>
        <line num="32" count="0" type="stmt"/>
      </file>
    </package>
    <package name="src.api.courses">
      <metrics statements="62" coveredstatements="17" conditionals="20" coveredconditionals="1" methods="16" coveredmethods="5"/>
      <file name="courses.controller.js" path="/Users/anderson/learlify-backend/src/api/courses/courses.controller.js">
        <metrics statements="36" coveredstatements="8" conditionals="16" coveredconditionals="0" methods="4" coveredmethods="1"/>
        <line num="20" count="1" type="stmt"/>
        <line num="22" count="1" type="stmt"/>
        <line num="24" count="1" type="stmt"/>
        <line num="26" count="1" type="stmt"/>
        <line num="28" count="1" type="stmt"/>
        <line num="30" count="1" type="stmt"/>
        <line num="32" count="1" type="stmt"/>
        <line num="34" count="1" type="stmt"/>
        <line num="43" count="0" type="stmt"/>
        <line num="45" count="0" type="stmt"/>
        <line num="47" count="0" type="stmt"/>
        <line num="51" count="0" type="cond" truecount="0" falsecount="2"/>
        <line num="52" count="0" type="stmt"/>
        <line num="54" count="0" type="stmt"/>
        <line num="62" count="0" type="stmt"/>
        <line num="69" count="0" type="cond" truecount="0" falsecount="4"/>
        <line num="71" count="0" type="stmt"/>
        <line num="77" count="0" type="stmt"/>
        <line num="84" count="0" type="cond" truecount="0" falsecount="4"/>
        <line num="85" count="0" type="stmt"/>
        <line num="87" count="0" type="stmt"/>
        <line num="97" count="0" type="stmt"/>
        <line num="100" count="0" type="stmt"/>
        <line num="109" count="0" type="stmt"/>
        <line num="111" count="0" type="stmt"/>
        <line num="113" count="0" type="stmt"/>
        <line num="115" count="0" type="cond" truecount="0" falsecount="2"/>
        <line num="116" count="0" type="stmt"/>
        <line num="121" count="0" type="stmt"/>
        <line num="126" count="0" type="cond" truecount="0" falsecount="2"/>
        <line num="127" count="0" type="stmt"/>
        <line num="130" count="0" type="stmt"/>
        <line num="136" count="0" type="stmt"/>
        <line num="138" count="0" type="cond" truecount="0" falsecount="2"/>
        <line num="139" count="0" type="stmt"/>
        <line num="142" count="0" type="stmt"/>
      </file>
      <file name="courses.model.js" path="/Users/anderson/learlify-backend/src/api/courses/courses.model.js">
        <metrics statements="6" coveredstatements="0" conditionals="0" coveredconditionals="0" methods="6" coveredmethods="0"/>
        <line num="12" count="0" type="stmt"/>
        <line num="19" count="0" type="stmt"/>
        <line num="26" count="0" type="stmt"/>
        <line num="38" count="0" type="stmt"/>
        <line num="70" count="0" type="stmt"/>
        <line num="72" count="0" type="stmt"/>
      </file>
      <file name="courses.pipe.js" path="/Users/anderson/learlify-backend/src/api/courses/courses.pipe.js">
        <metrics statements="3" coveredstatements="3" conditionals="0" coveredconditionals="0" methods="2" coveredmethods="2"/>
        <line num="5" count="1" type="stmt"/>
        <line num="21" count="1" type="stmt"/>
        <line num="35" count="1" type="stmt"/>
      </file>
      <file name="courses.routes.js" path="/Users/anderson/learlify-backend/src/api/courses/courses.routes.js">
        <metrics statements="7" coveredstatements="6" conditionals="2" coveredconditionals="1" methods="2" coveredmethods="2"/>
        <line num="14" count="1" type="stmt"/>
        <line num="15" count="1" type="stmt"/>
        <line num="19" count="1" type="cond" truecount="1" falsecount="1"/>
        <line num="20" count="0" type="stmt"/>
        <line num="28" count="1" type="stmt"/>
        <line num="39" count="1" type="stmt"/>
        <line num="45" count="1" type="stmt"/>
      </file>
      <file name="courses.service.js" path="/Users/anderson/learlify-backend/src/api/courses/courses.service.js">
        <metrics statements="10" coveredstatements="0" conditionals="2" coveredconditionals="0" methods="2" coveredmethods="0"/>
        <line num="11" count="0" type="stmt"/>
        <line num="15" count="0" type="stmt"/>
        <line num="16" count="0" type="stmt"/>
        <line num="20" count="0" type="stmt"/>
        <line num="22" count="0" type="stmt"/>
        <line num="23" count="0" type="stmt"/>
        <line num="26" count="0" type="stmt"/>
        <line num="31" count="0" type="cond" truecount="0" falsecount="2"/>
        <line num="32" count="0" type="stmt"/>
        <line num="35" count="0" type="stmt"/>
      </file>
    </package>
    <package name="src.api.evaluations">
      <metrics statements="170" coveredstatements="32" conditionals="74" coveredconditionals="1" methods="32" coveredmethods="7"/>
      <file name="evaluations.controller.js" path="/Users/anderson/learlify-backend/src/api/evaluations/evaluations.controller.js">
        <metrics statements="107" coveredstatements="11" conditionals="55" coveredconditionals="0" methods="13" coveredmethods="1"/>
        <line num="30" count="1" type="stmt"/>
        <line num="32" count="1" type="stmt"/>
        <line num="34" count="1" type="stmt"/>
        <line num="36" count="1" type="stmt"/>
        <line num="38" count="1" type="stmt"/>
        <line num="40" count="1" type="stmt"/>
        <line num="42" count="1" type="stmt"/>
        <line num="44" count="1" type="stmt"/>
        <line num="46" count="1" type="stmt"/>
        <line num="48" count="1" type="stmt"/>
        <line num="50" count="1" type="stmt"/>
        <line num="62" count="0" type="stmt"/>
        <line num="64" count="0" type="stmt"/>
        <line num="72" count="0" type="cond" truecount="0" falsecount="2"/>
        <line num="73" count="0" type="stmt"/>
        <line num="84" count="0" type="cond" truecount="0" falsecount="2"/>
        <line num="85" count="0" type="stmt"/>
        <line num="87" count="0" type="stmt"/>
        <line num="88" count="0" type="stmt"/>
        <line num="89" count="0" type="stmt"/>
        <line num="93" count="0" type="stmt"/>
        <line num="97" count="0" type="stmt"/>
        <line num="102" count="0" type="cond" truecount="0" falsecount="3"/>
        <line num="104" count="0" type="cond" truecount="0" falsecount="2"/>
        <line num="109" count="0" type="stmt"/>
        <line num="110" count="0" type="stmt"/>
        <line num="114" count="0" type="cond" truecount="0" falsecount="2"/>
        <line num="119" count="0" type="stmt"/>
        <line num="120" count="0" type="stmt"/>
        <line num="128" count="0" type="stmt"/>
        <line num="131" count="0" type="stmt"/>
        <line num="134" count="0" type="cond" truecount="0" falsecount="2"/>
        <line num="139" count="0" type="stmt"/>
        <line num="140" count="0" type="stmt"/>
        <line num="144" count="0" type="cond" truecount="0" falsecount="2"/>
        <line num="149" count="0" type="stmt"/>
        <line num="161" count="0" type="stmt"/>
        <line num="165" count="0" type="stmt"/>
        <line num="168" count="0" type="stmt"/>
        <line num="169" count="0" type="stmt"/>
        <line num="172" count="0" type="stmt"/>
        <line num="182" count="0" type="cond" truecount="0" falsecount="2"/>
        <line num="183" count="0" type="stmt"/>
        <line num="190" count="0" type="stmt"/>
        <line num="200" count="0" type="stmt"/>
        <line num="202" count="0" type="stmt"/>
        <line num="204" count="0" type="cond" truecount="0" falsecount="2"/>
        <line num="205" count="0" type="stmt"/>
        <line num="208" count="0" type="cond" truecount="0" falsecount="2"/>
        <line num="209" count="0" type="stmt"/>
        <line num="211" count="0" type="cond" truecount="0" falsecount="2"/>
        <line num="212" count="0" type="stmt"/>
        <line num="215" count="0" type="stmt"/>
        <line num="222" count="0" type="stmt"/>
        <line num="228" count="0" type="stmt"/>
        <line num="235" count="0" type="cond" truecount="0" falsecount="2"/>
        <line num="236" count="0" type="cond" truecount="0" falsecount="2"/>
        <line num="237" count="0" type="stmt"/>
        <line num="243" count="0" type="stmt"/>
        <line num="249" count="0" type="stmt"/>
        <line num="256" count="0" type="stmt"/>
        <line num="261" count="0" type="stmt"/>
        <line num="267" count="0" type="stmt"/>
        <line num="274" count="0" type="stmt"/>
        <line num="278" count="0" type="cond" truecount="0" falsecount="2"/>
        <line num="283" count="0" type="stmt"/>
        <line num="285" count="0" type="stmt"/>
        <line num="291" count="0" type="stmt"/>
        <line num="304" count="0" type="stmt"/>
        <line num="310" count="0" type="stmt"/>
        <line num="319" count="0" type="stmt"/>
        <line num="342" count="0" type="stmt"/>
        <line num="347" count="0" type="stmt"/>
        <line num="350" count="0" type="cond" truecount="0" falsecount="2"/>
        <line num="353" count="0" type="cond" truecount="0" falsecount="2"/>
        <line num="355" count="0" type="stmt"/>
        <line num="373" count="0" type="stmt"/>
        <line num="375" count="0" type="stmt"/>
        <line num="377" count="0" type="stmt"/>
        <line num="384" count="0" type="cond" truecount="0" falsecount="4"/>
        <line num="385" count="0" type="stmt"/>
        <line num="389" count="0" type="cond" truecount="0" falsecount="2"/>
        <line num="390" count="0" type="stmt"/>
        <line num="396" count="0" type="stmt"/>
        <line num="397" count="0" type="cond" truecount="0" falsecount="2"/>
        <line num="400" count="0" type="cond" truecount="0" falsecount="2"/>
        <line num="401" count="0" type="stmt"/>
        <line num="404" count="0" type="cond" truecount="0" falsecount="2"/>
        <line num="409" count="0" type="stmt"/>
        <line num="418" count="0" type="stmt"/>
        <line num="426" count="0" type="stmt"/>
        <line num="428" count="0" type="stmt"/>
        <line num="434" count="0" type="stmt"/>
        <line num="445" count="0" type="cond" truecount="0" falsecount="2"/>
        <line num="446" count="0" type="stmt"/>
        <line num="449" count="0" type="stmt"/>
        <line num="456" count="0" type="stmt"/>
        <line num="463" count="0" type="stmt"/>
        <line num="469" count="0" type="cond" truecount="0" falsecount="2"/>
        <line num="470" count="0" type="stmt"/>
        <line num="477" count="0" type="stmt"/>
        <line num="486" count="0" type="stmt"/>
        <line num="488" count="0" type="stmt"/>
        <line num="492" count="0" type="cond" truecount="0" falsecount="4"/>
        <line num="493" count="0" type="stmt"/>
        <line num="498" count="0" type="stmt"/>
        <line num="504" count="0" type="stmt"/>
      </file>
      <file name="evaluations.model.js" path="/Users/anderson/learlify-backend/src/api/evaluations/evaluations.model.js">
        <metrics statements="4" coveredstatements="0" conditionals="0" coveredconditionals="0" methods="4" coveredmethods="0"/>
        <line num="14" count="0" type="stmt"/>
        <line num="18" count="0" type="stmt"/>
        <line num="22" count="0" type="stmt"/>
        <line num="60" count="0" type="stmt"/>
      </file>
      <file name="evaluations.pipe.js" path="/Users/anderson/learlify-backend/src/api/evaluations/evaluations.pipe.js">
        <metrics statements="5" coveredstatements="4" conditionals="0" coveredconditionals="0" methods="4" coveredmethods="3"/>
        <line num="5" count="2" type="stmt"/>
        <line num="16" count="1" type="stmt"/>
        <line num="43" count="0" type="stmt"/>
        <line num="60" count="1" type="stmt"/>
        <line num="85" count="1" type="stmt"/>
      </file>
      <file name="evaluations.routes.js" path="/Users/anderson/learlify-backend/src/api/evaluations/evaluations.routes.js">
        <metrics statements="9" coveredstatements="8" conditionals="2" coveredconditionals="1" methods="2" coveredmethods="2"/>
        <line num="15" count="1" type="stmt"/>
        <line num="16" count="1" type="stmt"/>
        <line num="20" count="1" type="cond" truecount="1" falsecount="1"/>
        <line num="21" count="0" type="stmt"/>
        <line num="24" count="1" type="stmt"/>
        <line num="39" count="1" type="stmt"/>
        <line num="50" count="1" type="stmt"/>
        <line num="61" count="1" type="stmt"/>
        <line num="71" count="1" type="stmt"/>
      </file>
      <file name="evaluations.services.js" path="/Users/anderson/learlify-backend/src/api/evaluations/evaluations.services.js">
        <metrics statements="42" coveredstatements="7" conditionals="17" coveredconditionals="0" methods="8" coveredmethods="1"/>
        <line num="24" count="1" type="stmt"/>
        <line num="25" count="1" type="stmt"/>
        <line num="29" count="3" type="stmt"/>
        <line num="34" count="3" type="stmt"/>
        <line num="73" count="3" type="stmt"/>
        <line num="74" count="3" type="stmt"/>
        <line num="75" count="3" type="stmt"/>
        <line num="84" count="0" type="stmt"/>
        <line num="87" count="0" type="cond" truecount="0" falsecount="2"/>
        <line num="88" count="0" type="stmt"/>
        <line num="100" count="0" type="cond" truecount="0" falsecount="4"/>
        <line num="101" count="0" type="stmt"/>
        <line num="106" count="0" type="cond" truecount="0" falsecount="2"/>
        <line num="107" count="0" type="cond" truecount="0" falsecount="2"/>
        <line num="121" count="0" type="stmt"/>
        <line num="136" count="0" type="stmt"/>
        <line num="145" count="0" type="stmt"/>
        <line num="147" count="0" type="cond" truecount="0" falsecount="2"/>
        <line num="148" count="0" type="stmt"/>
        <line num="157" count="0" type="stmt"/>
        <line num="160" count="0" type="stmt"/>
        <line num="164" count="0" type="stmt"/>
        <line num="173" count="0" type="stmt"/>
        <line num="175" count="0" type="stmt"/>
        <line num="188" count="0" type="stmt"/>
        <line num="190" count="0" type="stmt"/>
        <line num="197" count="0" type="stmt"/>
        <line num="199" count="0" type="stmt"/>
        <line num="201" count="0" type="stmt"/>
        <line num="202" count="0" type="stmt"/>
        <line num="203" count="0" type="stmt"/>
        <line num="214" count="0" type="cond" truecount="0" falsecount="2"/>
        <line num="215" count="0" type="stmt"/>
        <line num="219" count="0" type="stmt"/>
        <line num="222" count="0" type="stmt"/>
        <line num="229" count="0" type="stmt"/>
        <line num="236" count="0" type="stmt"/>
        <line num="238" count="0" type="stmt"/>
        <line num="240" count="0" type="stmt"/>
        <line num="242" count="0" type="stmt"/>
        <line num="244" count="0" type="stmt"/>
        <line num="251" count="0" type="stmt"/>
      </file>
      <file name="evaluations.status.js" path="/Users/anderson/learlify-backend/src/api/evaluations/evaluations.status.js">
        <metrics statements="3" coveredstatements="2" conditionals="0" coveredconditionals="0" methods="1" coveredmethods="0"/>
        <line num="1" count="1" type="stmt"/>
        <line num="6" count="0" type="stmt"/>
        <line num="10" count="1" type="stmt"/>
      </file>
    </package>
    <package name="src.api.exams">
      <metrics statements="74" coveredstatements="16" conditionals="26" coveredconditionals="1" methods="27" coveredmethods="6"/>
      <file name="exams.controller.js" path="/Users/anderson/learlify-backend/src/api/exams/exams.controller.js">
        <metrics statements="33" coveredstatements="4" conditionals="14" coveredconditionals="0" methods="8" coveredmethods="1"/>
        <line num="11" count="1" type="stmt"/>
        <line num="12" count="1" type="stmt"/>
        <line num="13" count="1" type="stmt"/>
        <line num="14" count="1" type="stmt"/>
        <line num="23" count="0" type="stmt"/>
        <line num="25" count="0" type="stmt"/>
        <line num="27" count="0" type="cond" truecount="0" falsecount="2"/>
        <line num="28" count="0" type="stmt"/>
        <line num="34" count="0" type="stmt"/>
        <line num="35" count="0" type="stmt"/>
        <line num="38" count="0" type="stmt"/>
        <line num="44" count="0" type="cond" truecount="0" falsecount="2"/>
        <line num="45" count="0" type="stmt"/>
        <line num="46" count="0" type="cond" truecount="0" falsecount="2"/>
        <line num="47" count="0" type="stmt"/>
        <line num="51" count="0" type="stmt"/>
        <line num="55" count="0" type="stmt"/>
        <line num="61" count="0" type="stmt"/>
        <line num="67" count="0" type="stmt"/>
        <line num="76" count="0" type="stmt"/>
        <line num="78" count="0" type="stmt"/>
        <line num="80" count="0" type="stmt"/>
        <line num="84" count="0" type="stmt"/>
        <line num="89" count="0" type="cond" truecount="0" falsecount="2"/>
        <line num="90" count="0" type="cond" truecount="0" falsecount="2"/>
        <line num="91" count="0" type="stmt"/>
        <line num="101" count="0" type="stmt"/>
        <line num="102" count="0" type="stmt"/>
        <line num="105" count="0" type="cond" truecount="0" falsecount="4"/>
        <line num="106" count="0" type="stmt"/>
        <line num="113" count="0" type="stmt"/>
        <line num="118" count="0" type="stmt"/>
        <line num="125" count="0" type="stmt"/>
      </file>
      <file name="exams.model.js" path="/Users/anderson/learlify-backend/src/api/exams/exams.model.js">
        <metrics statements="9" coveredstatements="0" conditionals="0" coveredconditionals="0" methods="9" coveredmethods="0"/>
        <line num="9" count="0" type="stmt"/>
        <line num="13" count="0" type="stmt"/>
        <line num="17" count="0" type="stmt"/>
        <line num="29" count="0" type="stmt"/>
        <line num="72" count="0" type="stmt"/>
        <line num="74" count="0" type="stmt"/>
        <line num="78" count="0" type="stmt"/>
        <line num="82" count="0" type="stmt"/>
        <line num="86" count="0" type="stmt"/>
      </file>
      <file name="exams.pipe.js" path="/Users/anderson/learlify-backend/src/api/exams/exams.pipe.js">
        <metrics statements="3" coveredstatements="3" conditionals="0" coveredconditionals="0" methods="2" coveredmethods="2"/>
        <line num="6" count="1" type="stmt"/>
        <line num="16" count="1" type="stmt"/>
        <line num="25" count="1" type="stmt"/>
      </file>
      <file name="exams.routes.js" path="/Users/anderson/learlify-backend/src/api/exams/exams.routes.js">
        <metrics statements="7" coveredstatements="6" conditionals="2" coveredconditionals="1" methods="2" coveredmethods="2"/>
        <line num="15" count="1" type="stmt"/>
        <line num="16" count="1" type="stmt"/>
        <line num="20" count="1" type="cond" truecount="1" falsecount="1"/>
        <line num="21" count="0" type="stmt"/>
        <line num="24" count="1" type="stmt"/>
        <line num="30" count="1" type="stmt"/>
        <line num="36" count="1" type="stmt"/>
      </file>
      <file name="exams.service.js" path="/Users/anderson/learlify-backend/src/api/exams/exams.service.js">
        <metrics statements="22" coveredstatements="3" conditionals="10" coveredconditionals="0" methods="6" coveredmethods="1"/>
        <line num="16" count="4" type="stmt"/>
        <line num="18" count="4" type="stmt"/>
        <line num="24" count="4" type="stmt"/>
        <line num="42" count="0" type="stmt"/>
        <line num="51" count="0" type="stmt"/>
        <line num="56" count="0" type="cond" truecount="0" falsecount="4"/>
        <line num="57" count="0" type="stmt"/>
        <line num="62" count="0" type="stmt"/>
        <line num="68" count="0" type="stmt"/>
        <line num="69" count="0" type="stmt"/>
        <line num="71" count="0" type="stmt"/>
        <line num="80" count="0" type="stmt"/>
        <line num="82" count="0" type="cond" truecount="0" falsecount="2"/>
        <line num="83" count="0" type="stmt"/>
        <line num="89" count="0" type="stmt"/>
        <line num="91" count="0" type="stmt"/>
        <line num="102" count="0" type="stmt"/>
        <line num="104" count="0" type="cond" truecount="0" falsecount="2"/>
        <line num="105" count="0" type="stmt"/>
        <line num="111" count="0" type="cond" truecount="0" falsecount="2"/>
        <line num="116" count="0" type="stmt"/>
        <line num="123" count="0" type="stmt"/>
      </file>
    </package>
    <package name="src.api.feedback">
      <metrics statements="63" coveredstatements="14" conditionals="29" coveredconditionals="0" methods="6" coveredmethods="4"/>
      <file name="feedback.controller.js" path="/Users/anderson/learlify-backend/src/api/feedback/feedback.controller.js">
        <metrics statements="58" coveredstatements="9" conditionals="29" coveredconditionals="0" methods="3" coveredmethods="1"/>
        <line num="21" count="1" type="stmt"/>
        <line num="22" count="1" type="stmt"/>
        <line num="23" count="1" type="stmt"/>
        <line num="24" count="1" type="stmt"/>
        <line num="25" count="1" type="stmt"/>
        <line num="26" count="1" type="stmt"/>
        <line num="27" count="1" type="stmt"/>
        <line num="28" count="1" type="stmt"/>
        <line num="29" count="1" type="stmt"/>
        <line num="38" count="0" type="stmt"/>
        <line num="40" count="0" type="stmt"/>
        <line num="46" count="0" type="stmt"/>
        <line num="55" count="0" type="cond" truecount="0" falsecount="2"/>
        <line num="56" count="0" type="stmt"/>
        <line num="58" count="0" type="stmt"/>
        <line num="63" count="0" type="stmt"/>
        <line num="67" count="0" type="stmt"/>
        <line num="71" count="0" type="cond" truecount="0" falsecount="4"/>
        <line num="72" count="0" type="stmt"/>
        <line num="81" count="0" type="stmt"/>
        <line num="83" count="0" type="stmt"/>
        <line num="88" count="0" type="stmt"/>
        <line num="90" count="0" type="cond" truecount="0" falsecount="2"/>
        <line num="93" count="0" type="cond" truecount="0" falsecount="2"/>
        <line num="96" count="0" type="cond" truecount="0" falsecount="4"/>
        <line num="97" count="0" type="cond" truecount="0" falsecount="2"/>
        <line num="98" count="0" type="stmt"/>
        <line num="101" count="0" type="stmt"/>
        <line num="103" count="0" type="cond" truecount="0" falsecount="2"/>
        <line num="104" count="0" type="stmt"/>
        <line num="105" count="0" type="stmt"/>
        <line num="110" count="0" type="stmt"/>
        <line num="117" count="0" type="stmt"/>
        <line num="119" count="0" type="stmt"/>
        <line num="121" count="0" type="stmt"/>
        <line num="135" count="0" type="stmt"/>
        <line num="142" count="0" type="stmt"/>
        <line num="155" count="0" type="stmt"/>
        <line num="157" count="0" type="cond" truecount="0" falsecount="2"/>
        <line num="158" count="0" type="stmt"/>
        <line num="167" count="0" type="cond" truecount="0" falsecount="2"/>
        <line num="168" count="0" type="stmt"/>
        <line num="171" count="0" type="stmt"/>
        <line num="177" count="0" type="stmt"/>
        <line num="179" count="0" type="cond" truecount="0" falsecount="2"/>
        <line num="180" count="0" type="cond" truecount="0" falsecount="3"/>
        <line num="182" count="0" type="cond" truecount="0" falsecount="2"/>
        <line num="183" count="0" type="stmt"/>
        <line num="185" count="0" type="stmt"/>
        <line num="187" count="0" type="stmt"/>
        <line num="190" count="0" type="stmt"/>
        <line num="191" count="0" type="stmt"/>
        <line num="194" count="0" type="stmt"/>
        <line num="198" count="0" type="stmt"/>
        <line num="200" count="0" type="stmt"/>
        <line num="212" count="0" type="stmt"/>
        <line num="215" count="0" type="stmt"/>
        <line num="218" count="0" type="stmt"/>
      </file>
      <file name="feedback.pipe.js" path="/Users/anderson/learlify-backend/src/api/feedback/feedback.pipe.js">
        <metrics statements="2" coveredstatements="2" conditionals="0" coveredconditionals="0" methods="1" coveredmethods="1"/>
        <line num="5" count="1" type="stmt"/>
        <line num="31" count="1" type="stmt"/>
      </file>
      <file name="feedback.routes.js" path="/Users/anderson/learlify-backend/src/api/feedback/feedback.routes.js">
        <metrics statements="3" coveredstatements="3" conditionals="0" coveredconditionals="0" methods="2" coveredmethods="2"/>
        <line num="12" count="1" type="stmt"/>
        <line num="16" count="1" type="stmt"/>
        <line num="23" count="1" type="stmt"/>
      </file>
    </package>
    <package name="src.api.gifts">
      <metrics statements="97" coveredstatements="18" conditionals="31" coveredconditionals="1" methods="19" coveredmethods="6"/>
      <file name="gifts.controller.js" path="/Users/anderson/learlify-backend/src/api/gifts/gifts.controller.js">
        <metrics statements="33" coveredstatements="5" conditionals="16" coveredconditionals="0" methods="3" coveredmethods="1"/>
        <line num="13" count="1" type="stmt"/>
        <line num="14" count="1" type="stmt"/>
        <line num="15" count="1" type="stmt"/>
        <line num="16" count="1" type="stmt"/>
        <line num="18" count="1" type="stmt"/>
        <line num="27" count="0" type="stmt"/>
        <line num="29" count="0" type="stmt"/>
        <line num="31" count="0" type="stmt"/>
        <line num="36" count="0" type="stmt"/>
        <line num="38" count="0" type="cond" truecount="0" falsecount="4"/>
        <line num="39" count="0" type="stmt"/>
        <line num="53" count="0" type="cond" truecount="0" falsecount="2"/>
        <line num="54" count="0" type="stmt"/>
        <line num="57" count="0" type="stmt"/>
        <line num="85" count="0" type="stmt"/>
        <line num="101" count="0" type="stmt"/>
        <line num="111" count="0" type="stmt"/>
        <line num="120" count="0" type="stmt"/>
        <line num="122" count="0" type="stmt"/>
        <line num="123" count="0" type="stmt"/>
        <line num="125" count="0" type="cond" truecount="0" falsecount="2"/>
        <line num="126" count="0" type="stmt"/>
        <line num="131" count="0" type="cond" truecount="0" falsecount="2"/>
        <line num="132" count="0" type="stmt"/>
        <line num="139" count="0" type="stmt"/>
        <line num="140" count="0" type="stmt"/>
        <line num="142" count="0" type="cond" truecount="0" falsecount="2"/>
        <line num="143" count="0" type="stmt"/>
        <line num="144" count="0" type="stmt"/>
        <line num="147" count="0" type="stmt"/>
        <line num="152" count="0" type="cond" truecount="0" falsecount="2"/>
        <line num="153" count="0" type="stmt"/>
        <line num="156" count="0" type="stmt"/>
      </file>
      <file name="gifts.model.js" path="/Users/anderson/learlify-backend/src/api/gifts/gifts.model.js">
        <metrics statements="4" coveredstatements="0" conditionals="0" coveredconditionals="0" methods="4" coveredmethods="0"/>
        <line num="7" count="0" type="stmt"/>
        <line num="11" count="0" type="stmt"/>
        <line num="15" count="0" type="stmt"/>
        <line num="30" count="0" type="stmt"/>
      </file>
      <file name="gifts.pipe.js" path="/Users/anderson/learlify-backend/src/api/gifts/gifts.pipe.js">
        <metrics statements="3" coveredstatements="3" conditionals="0" coveredconditionals="0" methods="2" coveredmethods="2"/>
        <line num="5" count="1" type="stmt"/>
        <line num="27" count="1" type="stmt"/>
        <line num="37" count="1" type="stmt"/>
      </file>
      <file name="gifts.routes.js" path="/Users/anderson/learlify-backend/src/api/gifts/gifts.routes.js">
        <metrics statements="7" coveredstatements="6" conditionals="2" coveredconditionals="1" methods="2" coveredmethods="2"/>
        <line num="14" count="1" type="stmt"/>
        <line num="15" count="1" type="stmt"/>
        <line num="19" count="1" type="cond" truecount="1" falsecount="1"/>
        <line num="20" count="0" type="stmt"/>
        <line num="28" count="1" type="stmt"/>
        <line num="39" count="1" type="stmt"/>
        <line num="45" count="1" type="stmt"/>
      </file>
      <file name="gifts.service.js" path="/Users/anderson/learlify-backend/src/api/gifts/gifts.service.js">
        <metrics statements="50" coveredstatements="4" conditionals="13" coveredconditionals="0" methods="8" coveredmethods="1"/>
        <line num="21" count="1" type="stmt"/>
        <line num="22" count="1" type="stmt"/>
        <line num="23" count="1" type="stmt"/>
        <line num="24" count="1" type="stmt"/>
        <line num="32" count="0" type="stmt"/>
        <line num="34" count="0" type="stmt"/>
        <line num="43" count="0" type="stmt"/>
        <line num="45" count="0" type="stmt"/>
        <line num="46" count="0" type="stmt"/>
        <line num="47" count="0" type="stmt"/>
        <line num="49" count="0" type="stmt"/>
        <line num="57" count="0" type="stmt"/>
        <line num="59" count="0" type="cond" truecount="0" falsecount="2"/>
        <line num="60" count="0" type="stmt"/>
        <line num="66" count="0" type="cond" truecount="0" falsecount="2"/>
        <line num="67" count="0" type="stmt"/>
        <line num="69" count="0" type="stmt"/>
        <line num="71" count="0" type="stmt"/>
        <line num="78" count="0" type="stmt"/>
        <line num="84" count="0" type="stmt"/>
        <line num="94" count="0" type="stmt"/>
        <line num="97" count="0" type="stmt"/>
        <line num="99" count="0" type="cond" truecount="0" falsecount="2"/>
        <line num="100" count="0" type="stmt"/>
        <line num="106" count="0" type="stmt"/>
        <line num="114" count="0" type="stmt"/>
        <line num="116" count="0" type="stmt"/>
        <line num="118" count="0" type="stmt"/>
        <line num="126" count="0" type="stmt"/>
        <line num="128" count="0" type="stmt"/>
        <line num="130" count="0" type="stmt"/>
        <line num="143" count="0" type="stmt"/>
        <line num="144" count="0" type="stmt"/>
        <line num="145" count="0" type="stmt"/>
        <line num="147" count="0" type="stmt"/>
        <line num="155" count="0" type="stmt"/>
        <line num="157" count="0" type="stmt"/>
        <line num="162" count="0" type="stmt"/>
        <line num="171" count="0" type="stmt"/>
        <line num="173" count="0" type="stmt"/>
        <line num="175" count="0" type="stmt"/>
        <line num="178" count="0" type="stmt"/>
        <line num="180" count="0" type="stmt"/>
        <line num="182" count="0" type="stmt"/>
        <line num="194" count="0" type="cond" truecount="0" falsecount="2"/>
        <line num="195" count="0" type="stmt"/>
        <line num="198" count="0" type="stmt"/>
        <line num="206" count="0" type="cond" truecount="0" falsecount="2"/>
        <line num="207" count="0" type="stmt"/>
        <line num="212" count="0" type="stmt"/>
      </file>
    </package>
    <package name="src.api.health">
      <metrics statements="25" coveredstatements="24" conditionals="10" coveredconditionals="10" methods="3" coveredmethods="3"/>
      <file name="health.routes.js" path="/Users/anderson/learlify-backend/src/api/health/health.routes.js">
        <metrics statements="25" coveredstatements="24" conditionals="10" coveredconditionals="10" methods="3" coveredmethods="3"/>
        <line num="6" count="5" type="stmt"/>
        <line num="9" count="4" type="stmt"/>
        <line num="10" count="4" type="stmt"/>
        <line num="11" count="4" type="stmt"/>
        <line num="12" count="3" type="stmt"/>
        <line num="14" count="1" type="stmt"/>
        <line num="15" count="1" type="stmt"/>
        <line num="20" count="4" type="stmt"/>
        <line num="22" count="4" type="cond" truecount="2" falsecount="0"/>
        <line num="23" count="2" type="stmt"/>
        <line num="26" count="2" type="stmt"/>
        <line num="27" count="2" type="stmt"/>
        <line num="28" count="2" type="stmt"/>
        <line num="29" count="1" type="stmt"/>
        <line num="31" count="1" type="stmt"/>
        <line num="32" count="1" type="stmt"/>
        <line num="36" count="5" type="stmt"/>
        <line num="37" count="4" type="stmt"/>
        <line num="38" count="4" type="stmt"/>
        <line num="40" count="4" type="stmt"/>
        <line num="41" count="4" type="cond" truecount="2" falsecount="0"/>
        <line num="43" count="4" type="cond" truecount="4" falsecount="0"/>
        <line num="45" count="4" type="cond" truecount="2" falsecount="0"/>
        <line num="47" count="4" type="stmt"/>
        <line num="57" count="0" type="stmt"/>
      </file>
    </package>
    <package name="src.api.jwt">
      <metrics statements="41" coveredstatements="35" conditionals="18" coveredconditionals="14" methods="5" coveredmethods="5"/>
      <file name="jwt.blocklist.js" path="/Users/anderson/learlify-backend/src/api/jwt/jwt.blocklist.js">
        <metrics statements="23" coveredstatements="22" conditionals="12" coveredconditionals="11" methods="4" coveredmethods="4"/>
        <line num="6" count="1" type="stmt"/>
        <line num="9" count="3" type="stmt"/>
        <line num="13" count="2" type="stmt"/>
        <line num="14" count="2" type="stmt"/>
        <line num="15" count="2" type="cond" truecount="3" falsecount="1"/>
        <line num="16" count="2" type="stmt"/>
        <line num="17" count="2" type="cond" truecount="2" falsecount="0"/>
        <line num="19" count="0" type="stmt"/>
        <line num="24" count="3" type="stmt"/>
        <line num="26" count="3" type="cond" truecount="2" falsecount="0"/>
        <line num="27" count="1" type="stmt"/>
        <line num="30" count="1" type="stmt"/>
        <line num="33" count="2" type="stmt"/>
        <line num="35" count="2" type="cond" truecount="2" falsecount="0"/>
        <line num="36" count="1" type="stmt"/>
        <line num="39" count="1" type="stmt"/>
        <line num="40" count="1" type="stmt"/>
        <line num="42" count="1" type="stmt"/>
        <line num="46" count="3" type="stmt"/>
        <line num="48" count="3" type="cond" truecount="2" falsecount="0"/>
        <line num="50" count="2" type="stmt"/>
        <line num="51" count="2" type="stmt"/>
        <line num="53" count="2" type="stmt"/>
      </file>
      <file name="jwt.guard.js" path="/Users/anderson/learlify-backend/src/api/jwt/jwt.guard.js">
        <metrics statements="18" coveredstatements="13" conditionals="6" coveredconditionals="3" methods="1" coveredmethods="1"/>
        <line num="7" count="1" type="stmt"/>
        <line num="8" count="1" type="stmt"/>
        <line num="10" count="1" type="stmt"/>
        <line num="12" count="1" type="stmt"/>
        <line num="20" count="1" type="stmt"/>
        <line num="21" count="1" type="stmt"/>
        <line num="23" count="1" type="cond" truecount="1" falsecount="1"/>
        <line num="24" count="1" type="stmt"/>
        <line num="25" count="1" type="cond" truecount="1" falsecount="1"/>
        <line num="26" count="0" type="stmt"/>
        <line num="27" count="0" type="stmt"/>
        <line num="31" count="1" type="stmt"/>
        <line num="33" count="1" type="cond" truecount="1" falsecount="1"/>
        <line num="34" count="1" type="stmt"/>
        <line num="36" count="1" type="stmt"/>
        <line num="49" count="0" type="stmt"/>
        <line num="51" count="0" type="stmt"/>
        <line num="52" count="0" type="stmt"/>
      </file>
    </package>
    <package name="src.api.languages">
      <metrics statements="15" coveredstatements="6" conditionals="2" coveredconditionals="1" methods="10" coveredmethods="3"/>
      <file name="language.controller.js" path="/Users/anderson/learlify-backend/src/api/languages/language.controller.js">
        <metrics statements="3" coveredstatements="1" conditionals="0" coveredconditionals="0" methods="2" coveredmethods="1"/>
        <line num="6" count="1" type="stmt"/>
        <line num="16" count="0" type="stmt"/>
        <line num="18" count="0" type="stmt"/>
      </file>
      <file name="language.routes.js" path="/Users/anderson/learlify-backend/src/api/languages/language.routes.js">
        <metrics statements="6" coveredstatements="5" conditionals="2" coveredconditionals="1" methods="2" coveredmethods="2"/>
        <line num="13" count="1" type="stmt"/>
        <line num="14" count="1" type="stmt"/>
        <line num="21" count="1" type="cond" truecount="1" falsecount="1"/>
        <line num="22" count="0" type="stmt"/>
        <line num="25" count="1" type="stmt"/>
        <line num="31" count="1" type="stmt"/>
      </file>
      <file name="languages.model.js" path="/Users/anderson/learlify-backend/src/api/languages/languages.model.js">
        <metrics statements="4" coveredstatements="0" conditionals="0" coveredconditionals="0" methods="4" coveredmethods="0"/>
        <line num="6" count="0" type="stmt"/>
        <line num="10" count="0" type="stmt"/>
        <line num="17" count="0" type="stmt"/>
        <line num="31" count="0" type="stmt"/>
      </file>
      <file name="languages.services.js" path="/Users/anderson/learlify-backend/src/api/languages/languages.services.js">
        <metrics statements="2" coveredstatements="0" conditionals="0" coveredconditionals="0" methods="2" coveredmethods="0"/>
        <line num="6" count="0" type="stmt"/>
        <line num="13" count="0" type="stmt"/>
      </file>
    </package>
    <package name="src.api.latest-evaluations">
      <metrics statements="57" coveredstatements="21" conditionals="8" coveredconditionals="1" methods="19" coveredmethods="6"/>
      <file name="latestEvaluations.controller.js" path="/Users/anderson/learlify-backend/src/api/latest-evaluations/latestEvaluations.controller.js">
        <metrics statements="32" coveredstatements="7" conditionals="4" coveredconditionals="0" methods="7" coveredmethods="1"/>
        <line num="18" count="1" type="stmt"/>
        <line num="19" count="1" type="stmt"/>
        <line num="20" count="1" type="stmt"/>
        <line num="21" count="1" type="stmt"/>
        <line num="22" count="1" type="stmt"/>
        <line num="23" count="1" type="stmt"/>
        <line num="24" count="1" type="stmt"/>
        <line num="33" count="0" type="stmt"/>
        <line num="34" count="0" type="stmt"/>
        <line num="36" count="0" type="cond" truecount="0" falsecount="2"/>
        <line num="37" count="0" type="stmt"/>
        <line num="42" count="0" type="stmt"/>
        <line num="45" count="0" type="stmt"/>
        <line num="55" count="0" type="stmt"/>
        <line num="56" count="0" type="stmt"/>
        <line num="58" count="0" type="cond" truecount="0" falsecount="2"/>
        <line num="59" count="0" type="stmt"/>
        <line num="64" count="0" type="stmt"/>
        <line num="70" count="0" type="stmt"/>
        <line num="75" count="0" type="stmt"/>
        <line num="78" count="0" type="stmt"/>
        <line num="84" count="0" type="stmt"/>
        <line num="85" count="0" type="stmt"/>
        <line num="86" count="0" type="stmt"/>
        <line num="87" count="0" type="stmt"/>
        <line num="91" count="0" type="stmt"/>
        <line num="97" count="0" type="stmt"/>
        <line num="111" count="0" type="stmt"/>
        <line num="117" count="0" type="stmt"/>
        <line num="126" count="0" type="stmt"/>
        <line num="143" count="0" type="stmt"/>
        <line num="145" count="0" type="stmt"/>
      </file>
      <file name="latestEvaluations.model.js" path="/Users/anderson/learlify-backend/src/api/latest-evaluations/latestEvaluations.model.js">
        <metrics statements="4" coveredstatements="0" conditionals="0" coveredconditionals="0" methods="4" coveredmethods="0"/>
        <line num="11" count="0" type="stmt"/>
        <line num="15" count="0" type="stmt"/>
        <line num="19" count="0" type="stmt"/>
        <line num="43" count="0" type="stmt"/>
      </file>
      <file name="latestEvaluations.pipe.js" path="/Users/anderson/learlify-backend/src/api/latest-evaluations/latestEvaluations.pipe.js">
        <metrics statements="3" coveredstatements="3" conditionals="0" coveredconditionals="0" methods="2" coveredmethods="2"/>
        <line num="5" count="1" type="stmt"/>
        <line num="16" count="1" type="stmt"/>
        <line num="32" count="1" type="stmt"/>
      </file>
      <file name="latestEvaluations.routes.js" path="/Users/anderson/learlify-backend/src/api/latest-evaluations/latestEvaluations.routes.js">
[...]
        <metrics statements="1" coveredstatements="1" conditionals="0" coveredconditionals="0" methods="0" coveredmethods="0"/>
        <line num="1" count="1" type="stmt"/>
      </file>
      <file name="plans.js" path="/Users/anderson/learlify-backend/src/metadata/plans.js">
        <metrics statements="1" coveredstatements="1" conditionals="0" coveredconditionals="0" methods="0" coveredmethods="0"/>
        <line num="1" count="1" type="stmt"/>
      </file>
      <file name="roles.js" path="/Users/anderson/learlify-backend/src/metadata/roles.js">
        <metrics statements="1" coveredstatements="1" conditionals="0" coveredconditionals="0" methods="0" coveredmethods="0"/>
        <line num="11" count="1" type="stmt"/>
      </file>
    </package>
    <package name="src.middlewares">
      <metrics statements="148" coveredstatements="54" conditionals="52" coveredconditionals="8" methods="32" coveredmethods="13"/>
      <file name="handlers.js" path="/Users/anderson/learlify-backend/src/middlewares/handlers.js">
        <metrics statements="15" coveredstatements="8" conditionals="6" coveredconditionals="2" methods="4" coveredmethods="2"/>
        <line num="11" count="0" type="cond" truecount="0" falsecount="2"/>
        <line num="12" count="0" type="stmt"/>
        <line num="17" count="0" type="stmt"/>
        <line num="18" count="0" type="stmt"/>
        <line num="19" count="0" type="stmt"/>
        <line num="20" count="0" type="stmt"/>
        <line num="27" count="0" type="stmt"/>
        <line num="39" count="2" type="stmt"/>
        <line num="40" count="4" type="stmt"/>
        <line num="42" count="4" type="cond" truecount="1" falsecount="1"/>
        <line num="44" count="4" type="stmt"/>
        <line num="60" count="2" type="stmt"/>
        <line num="61" count="1" type="cond" truecount="1" falsecount="1"/>
        <line num="62" count="1" type="stmt"/>
        <line num="64" count="1" type="stmt"/>
      </file>
      <file name="index.js" path="/Users/anderson/learlify-backend/src/middlewares/index.js">
        <metrics statements="111" coveredstatements="24" conditionals="42" coveredconditionals="3" methods="25" coveredmethods="8"/>
        <line num="20" count="1" type="stmt"/>
        <line num="22" count="1" type="stmt"/>
        <line num="27" count="1" type="stmt"/>
        <line num="29" count="0" type="stmt"/>
        <line num="31" count="0" type="stmt"/>
        <line num="34" count="0" type="stmt"/>
        <line num="44" count="15" type="stmt"/>
        <line num="45" count="0" type="stmt"/>
        <line num="47" count="0" type="stmt"/>
        <line num="48" count="0" type="cond" truecount="0" falsecount="2"/>
        <line num="49" count="0" type="stmt"/>
        <line num="51" count="0" type="stmt"/>
        <line num="54" count="0" type="stmt"/>
        <line num="63" count="0" type="stmt"/>
        <line num="64" count="0" type="stmt"/>
        <line num="66" count="0" type="stmt"/>
        <line num="70" count="0" type="cond" truecount="0" falsecount="2"/>
        <line num="71" count="0" type="stmt"/>
        <line num="77" count="0" type="cond" truecount="0" falsecount="2"/>
        <line num="78" count="0" type="stmt"/>
        <line num="85" count="0" type="stmt"/>
        <line num="95" count="1" type="stmt"/>
        <line num="97" count="1" type="stmt"/>
        <line num="99" count="1" type="cond" truecount="1" falsecount="1"/>
        <line num="100" count="1" type="stmt"/>
        <line num="103" count="0" type="stmt"/>
        <line num="116" count="0" type="stmt"/>
        <line num="118" count="0" type="stmt"/>
        <line num="120" count="0" type="stmt"/>
        <line num="122" count="0" type="stmt"/>
        <line num="130" count="98" type="stmt"/>
        <line num="131" count="1" type="stmt"/>
        <line num="132" count="0" type="stmt"/>
        <line num="134" count="0" type="stmt"/>
        <line num="135" count="0" type="stmt"/>
        <line num="137" count="0" type="cond" truecount="0" falsecount="2"/>
        <line num="154" count="1" type="stmt"/>
        <line num="155" count="1" type="cond" truecount="1" falsecount="1"/>
        <line num="156" count="1" type="stmt"/>
        <line num="158" count="1" type="stmt"/>
        <line num="161" count="0" type="stmt"/>
        <line num="176" count="0" type="stmt"/>
        <line num="178" count="0" type="stmt"/>
        <line num="180" count="0" type="cond" truecount="0" falsecount="2"/>
        <line num="181" count="0" type="stmt"/>
        <line num="183" count="0" type="stmt"/>
        <line num="187" count="0" type="stmt"/>
        <line num="190" count="0" type="stmt"/>
        <line num="192" count="0" type="stmt"/>
        <line num="202" count="0" type="stmt"/>
        <line num="204" count="0" type="cond" truecount="0" falsecount="2"/>
        <line num="205" count="0" type="stmt"/>
        <line num="208" count="0" type="stmt"/>
        <line num="219" count="0" type="stmt"/>
        <line num="221" count="0" type="cond" truecount="0" falsecount="2"/>
        <line num="222" count="0" type="stmt"/>
        <line num="227" count="0" type="stmt"/>
        <line num="234" count="0" type="stmt"/>
        <line num="238" count="0" type="stmt"/>
        <line num="242" count="0" type="stmt"/>
        <line num="246" count="0" type="stmt"/>
        <line num="251" count="0" type="stmt"/>
        <line num="252" count="0" type="cond" truecount="0" falsecount="4"/>
        <line num="253" count="0" type="stmt"/>
        <line num="257" count="0" type="stmt"/>
        <line num="258" count="0" type="stmt"/>
        <line num="261" count="0" type="stmt"/>
        <line num="270" count="0" type="stmt"/>
        <line num="271" count="0" type="stmt"/>
        <line num="275" count="0" type="stmt"/>
        <line num="276" count="0" type="stmt"/>
        <line num="278" count="0" type="stmt"/>
        <line num="284" count="0" type="stmt"/>
        <line num="286" count="0" type="stmt"/>
        <line num="298" count="3" type="stmt"/>
        <line num="299" count="0" type="stmt"/>
        <line num="301" count="0" type="cond" truecount="0" falsecount="2"/>
        <line num="302" count="0" type="stmt"/>
        <line num="306" count="0" type="cond" truecount="0" falsecount="2"/>
        <line num="307" count="0" type="cond" truecount="0" falsecount="2"/>
        <line num="308" count="0" type="stmt"/>
        <line num="311" count="0" type="stmt"/>
        <line num="313" count="0" type="stmt"/>
        <line num="316" count="0" type="stmt"/>
        <line num="319" count="0" type="cond" truecount="0" falsecount="2"/>
        <line num="320" count="0" type="stmt"/>
        <line num="324" count="0" type="cond" truecount="0" falsecount="2"/>
        <line num="325" count="0" type="cond" truecount="0" falsecount="2"/>
        <line num="326" count="0" type="stmt"/>
        <line num="329" count="0" type="stmt"/>
        <line num="331" count="0" type="stmt"/>
        <line num="334" count="0" type="stmt"/>
        <line num="340" count="1" type="stmt"/>
        <line num="342" count="1" type="stmt"/>
        <line num="344" count="1" type="stmt"/>
        <line num="346" count="1" type="stmt"/>
        <line num="348" count="1" type="cond" truecount="1" falsecount="1"/>
        <line num="349" count="1" type="stmt"/>
        <line num="351" count="1" type="stmt"/>
        <line num="353" count="1" type="stmt"/>
        <line num="355" count="1" type="stmt"/>
        <line num="358" count="0" type="stmt"/>
        <line num="360" count="0" type="cond" truecount="0" falsecount="2"/>
        <line num="361" count="0" type="stmt"/>
        <line num="363" count="0" type="stmt"/>
        <line num="365" count="0" type="stmt"/>
        <line num="367" count="0" type="stmt"/>
        <line num="370" count="0" type="stmt"/>
        <line num="375" count="0" type="stmt"/>
        <line num="377" count="0" type="stmt"/>
        <line num="379" count="0" type="stmt"/>
      </file>
      <file name="metricsCollector.js" path="/Users/anderson/learlify-backend/src/middlewares/metricsCollector.js">
        <metrics statements="13" coveredstatements="13" conditionals="2" coveredconditionals="1" methods="2" coveredmethods="2"/>
        <line num="3" count="1" type="stmt"/>
        <line num="5" count="1" type="stmt"/>
        <line num="7" count="1" type="stmt"/>
        <line num="14" count="1" type="stmt"/>
        <line num="23" count="1" type="stmt"/>
        <line num="25" count="1" type="stmt"/>
        <line num="26" count="1" type="stmt"/>
        <line num="27" count="1" type="stmt"/>
        <line num="29" count="1" type="cond" truecount="1" falsecount="1"/>
        <line num="30" count="1" type="stmt"/>
        <line num="36" count="1" type="stmt"/>
        <line num="37" count="1" type="stmt"/>
        <line num="40" count="1" type="stmt"/>
      </file>
      <file name="rateLimit.js" path="/Users/anderson/learlify-backend/src/middlewares/rateLimit.js">
        <metrics statements="2" coveredstatements="2" conditionals="0" coveredconditionals="0" methods="0" coveredmethods="0"/>
        <line num="4" count="1" type="stmt"/>
        <line num="12" count="1" type="stmt"/>
      </file>
      <file name="requestId.js" path="/Users/anderson/learlify-backend/src/middlewares/requestId.js">
        <metrics statements="4" coveredstatements="4" conditionals="2" coveredconditionals="2" methods="1" coveredmethods="1"/>
        <line num="12" count="1" type="cond" truecount="2" falsecount="0"/>
        <line num="13" count="1" type="stmt"/>
        <line num="14" count="1" type="stmt"/>
        <line num="15" count="1" type="stmt"/>
      </file>
      <file name="rootMiddlware.js" path="/Users/anderson/learlify-backend/src/middlewares/rootMiddlware.js">
        <metrics statements="3" coveredstatements="3" conditionals="0" coveredconditionals="0" methods="0" coveredmethods="0"/>
        <line num="16" count="1" type="stmt"/>
        <line num="26" count="1" type="stmt"/>
        <line num="32" count="1" type="stmt"/>
      </file>
    </package>
    <package name="src.modules">
      <metrics statements="2" coveredstatements="1" conditionals="0" coveredconditionals="0" methods="2" coveredmethods="1"/>
      <file name="index.js" path="/Users/anderson/learlify-backend/src/modules/index.js">
        <metrics statements="2" coveredstatements="1" conditionals="0" coveredconditionals="0" methods="2" coveredmethods="1"/>
        <line num="8" count="2" type="stmt"/>
        <line num="12" count="0" type="stmt"/>
      </file>
    </package>
    <package name="src.pipe">
      <metrics statements="4" coveredstatements="2" conditionals="0" coveredconditionals="0" methods="6" coveredmethods="2"/>
      <file name="index.js" path="/Users/anderson/learlify-backend/src/pipe/index.js">
        <metrics statements="4" coveredstatements="2" conditionals="0" coveredconditionals="0" methods="6" coveredmethods="2"/>
        <line num="5" count="0" type="stmt"/>
        <line num="14" count="0" type="stmt"/>
        <line num="23" count="1" type="stmt"/>
        <line num="27" count="1" type="stmt"/>
      </file>
    </package>
    <package name="src.router">
      <metrics statements="7" coveredstatements="7" conditionals="2" coveredconditionals="1" methods="3" coveredmethods="3"/>
      <file name="index.js" path="/Users/anderson/learlify-backend/src/router/index.js">
        <metrics statements="7" coveredstatements="7" conditionals="2" coveredconditionals="1" methods="3" coveredmethods="3"/>
        <line num="10" count="1" type="cond" truecount="1" falsecount="1"/>
        <line num="11" count="1" type="stmt"/>
        <line num="15" count="1" type="stmt"/>
        <line num="17" count="1" type="stmt"/>
        <line num="19" count="1" type="stmt"/>
        <line num="20" count="26" type="stmt"/>
        <line num="23" count="1" type="stmt"/>
      </file>
    </package>
    <package name="src.tasks">
      <metrics statements="139" coveredstatements="23" conditionals="14" coveredconditionals="0" methods="30" coveredmethods="12"/>
      <file name="notifications.task.js" path="/Users/anderson/learlify-backend/src/tasks/notifications.task.js">
        <metrics statements="7" coveredstatements="3" conditionals="0" coveredconditionals="0" methods="3" coveredmethods="2"/>
        <line num="8" count="1" type="stmt"/>
        <line num="9" count="1" type="stmt"/>
        <line num="14" count="1" type="stmt"/>
        <line num="15" count="0" type="stmt"/>
        <line num="16" count="0" type="stmt"/>
        <line num="18" count="0" type="stmt"/>
        <line num="19" count="0" type="stmt"/>
      </file>
      <file name="packages.tasks.js" path="/Users/anderson/learlify-backend/src/tasks/packages.tasks.js">
        <metrics statements="32" coveredstatements="6" conditionals="0" coveredconditionals="0" methods="5" coveredmethods="3"/>
        <line num="13" count="1" type="stmt"/>
        <line num="14" count="1" type="stmt"/>
        <line num="15" count="1" type="stmt"/>
        <line num="16" count="1" type="stmt"/>
        <line num="21" count="1" type="stmt"/>
        <line num="22" count="0" type="stmt"/>
        <line num="24" count="0" type="stmt"/>
        <line num="25" count="0" type="stmt"/>
        <line num="27" count="0" type="stmt"/>
        <line num="32" count="0" type="stmt"/>
        <line num="38" count="0" type="stmt"/>
        <line num="39" count="0" type="stmt"/>
        <line num="44" count="0" type="stmt"/>
        <line num="46" count="0" type="stmt"/>
        <line num="48" count="0" type="stmt"/>
        <line num="66" count="0" type="stmt"/>
        <line num="69" count="0" type="stmt"/>
        <line num="72" count="0" type="stmt"/>
        <line num="76" count="0" type="stmt"/>
        <line num="77" count="0" type="stmt"/>
        <line num="84" count="1" type="stmt"/>
        <line num="85" count="0" type="stmt"/>
        <line num="87" count="0" type="stmt"/>
        <line num="92" count="0" type="stmt"/>
        <line num="98" count="0" type="stmt"/>
        <line num="100" count="0" type="stmt"/>
        <line num="101" count="0" type="stmt"/>
        <line num="103" count="0" type="stmt"/>
        <line num="105" count="0" type="stmt"/>
        <line num="110" count="0" type="stmt"/>
        <line num="134" count="0" type="stmt"/>
        <line num="135" count="0" type="stmt"/>
      </file>
      <file name="schedule.tasks.js" path="/Users/anderson/learlify-backend/src/tasks/schedule.tasks.js">
        <metrics statements="84" coveredstatements="11" conditionals="14" coveredconditionals="0" methods="17" coveredmethods="5"/>
        <line num="15" count="1" type="stmt"/>
        <line num="16" count="1" type="stmt"/>
        <line num="17" count="1" type="stmt"/>
        <line num="18" count="1" type="stmt"/>
        <line num="19" count="1" type="stmt"/>
        <line num="20" count="1" type="stmt"/>
        <line num="21" count="1" type="stmt"/>
        <line num="27" count="0" type="stmt"/>
        <line num="31" count="0" type="stmt"/>
        <line num="36" count="1" type="stmt"/>
        <line num="37" count="0" type="stmt"/>
        <line num="38" count="0" type="stmt"/>
        <line num="40" count="0" type="stmt"/>
        <line num="45" count="0" type="stmt"/>
        <line num="51" count="0" type="stmt"/>
        <line num="57" count="0" type="stmt"/>
        <line num="63" count="0" type="stmt"/>
        <line num="64" count="0" type="stmt"/>
        <line num="69" count="0" type="stmt"/>
        <line num="71" count="0" type="stmt"/>
        <line num="103" count="0" type="stmt"/>
        <line num="108" count="0" type="cond" truecount="0" falsecount="2"/>
        <line num="109" count="0" type="stmt"/>
        <line num="110" count="0" type="stmt"/>
        <line num="112" count="0" type="stmt"/>
        <line num="117" count="0" type="stmt"/>
        <line num="122" count="0" type="stmt"/>
        <line num="156" count="0" type="stmt"/>
        <line num="161" count="0" type="stmt"/>
        <line num="162" count="0" type="stmt"/>
        <line num="169" count="1" type="stmt"/>
        <line num="170" count="0" type="stmt"/>
        <line num="171" count="0" type="stmt"/>
        <line num="173" count="0" type="stmt"/>
        <line num="180" count="0" type="stmt"/>
        <line num="182" count="0" type="stmt"/>
        <line num="183" count="0" type="stmt"/>
        <line num="185" count="0" type="stmt"/>
        <line num="187" count="0" type="cond" truecount="0" falsecount="2"/>
        <line num="188" count="0" type="stmt"/>
        <line num="199" count="0" type="stmt"/>
        <line num="200" count="0" type="stmt"/>
        <line num="205" count="0" type="stmt"/>
        <line num="207" count="0" type="stmt"/>
        <line num="209" count="0" type="stmt"/>
        <line num="210" count="0" type="stmt"/>
        <line num="218" count="1" type="stmt"/>
        <line num="219" count="0" type="stmt"/>
        <line num="220" count="0" type="stmt"/>
        <line num="222" count="0" type="stmt"/>
        <line num="224" count="0" type="stmt"/>
        <line num="233" count="0" type="stmt"/>
        <line num="234" count="0" type="cond" truecount="0" falsecount="2"/>
        <line num="235" count="0" type="stmt"/>
        <line num="237" count="0" type="stmt"/>
        <line num="240" count="0" type="stmt"/>
        <line num="242" count="0" type="stmt"/>
        <line num="246" count="0" type="cond" truecount="0" falsecount="2"/>
        <line num="247" count="0" type="stmt"/>
        <line num="248" count="0" type="cond" truecount="0" falsecount="2"/>
        <line num="249" count="0" type="cond" truecount="0" falsecount="2"/>
        <line num="250" count="0" type="stmt"/>
        <line num="253" count="0" type="stmt"/>
        <line num="254" count="0" type="cond" truecount="0" falsecount="2"/>
        <line num="255" count="0" type="stmt"/>
        <line num="257" count="0" type="stmt"/>
        <line num="270" count="0" type="stmt"/>
        <line num="271" count="0" type="stmt"/>
        <line num="277" count="0" type="stmt"/>
        <line num="279" count="0" type="stmt"/>
        <line num="284" count="0" type="stmt"/>
        <line num="285" count="0" type="stmt"/>
        <line num="292" count="1" type="stmt"/>
        <line num="293" count="0" type="stmt"/>
        <line num="294" count="0" type="stmt"/>
        <line num="296" count="0" type="stmt"/>
        <line num="303" count="0" type="stmt"/>
        <line num="304" count="0" type="stmt"/>
        <line num="306" count="0" type="stmt"/>
        <line num="325" count="0" type="stmt"/>
        <line num="327" count="0" type="stmt"/>
        <line num="332" count="0" type="stmt"/>
        <line num="336" count="0" type="stmt"/>
        <line num="337" count="0" type="stmt"/>
      </file>
      <file name="users.tasks.js" path="/Users/anderson/learlify-backend/src/tasks/users.tasks.js">
        <metrics statements="16" coveredstatements="3" conditionals="0" coveredconditionals="0" methods="5" coveredmethods="2"/>
        <line num="8" count="1" type="stmt"/>
        <line num="9" count="1" type="stmt"/>
        <line num="14" count="0" type="stmt"/>
        <line num="15" count="0" type="stmt"/>
        <line num="16" count="0" type="stmt"/>
        <line num="17" count="0" type="stmt"/>
        <line num="18" count="0" type="stmt"/>
        <line num="20" count="0" type="stmt"/>
        <line num="21" count="0" type="stmt"/>
        <line num="28" count="1" type="stmt"/>
        <line num="31" count="0" type="stmt"/>
        <line num="32" count="0" type="stmt"/>
        <line num="33" count="0" type="stmt"/>
        <line num="34" count="0" type="stmt"/>
        <line num="36" count="0" type="stmt"/>
        <line num="37" count="0" type="stmt"/>
      </file>
    </package>
  </project>
</coverage>
