{"total": {"lines":{"total":2734,"covered":1038,"skipped":0,"pct":37.96},"statements":{"total":2761,"covered":1044,"skipped":0,"pct":37.81},"functions":{"total":727,"covered":287,"skipped":0,"pct":39.47},"branches":{"total":846,"covered":183,"skipped":0,"pct":21.63},"branchesTrue":{"total":0,"covered":0,"skipped":0,"pct":100}}
,"/Users/anderson/learlify-backend/src/index.js": {"lines":{"total":42,"covered":32,"skipped":0,"pct":76.19},"functions":{"total":6,"covered":2,"skipped":0,"pct":33.33},"statements":{"total":42,"covered":32,"skipped":0,"pct":76.19},"branches":{"total":8,"covered":4,"skipped":0,"pct":50}}
,"/Users/anderson/learlify-backend/src/api/routes.js": {"lines":{"total":2,"covered":2,"skipped":0,"pct":100},"functions":{"total":0,"covered":0,"skipped":0,"pct":100},"statements":{"total":2,"covered":2,"skipped":0,"pct":100},"branches":{"total":0,"covered":0,"skipped":0,"pct":100}}
,"/Users/anderson/learlify-backend/src/api/access/access.controller.js": {"lines":{"total":17,"covered":4,"skipped":0,"pct":23.52},"functions":{"total":5,"covered":1,"skipped":0,"pct":20},"statements":{"total":17,"covered":4,"skipped":0,"pct":23.52},"branches":{"total":2,"covered":0,"skipped":0,"pct":0}}
,"/Users/anderson/learlify-backend/src/api/access/access.features.js": {"lines":{"total":1,"covered":1,"skipped":0,"pct":100},"functions":{"total":0,"covered":0,"skipped":0,"pct":100},"statements":{"total":1,"covered":1,"skipped":0,"pct":100},"branches":{"total":0,"covered":0,"skipped":0,"pct":100}}
,"/Users/anderson/learlify-backend/src/api/access/access.model.js": {"lines":{"total":4,"covered":0,"skipped":0,"pct":0},"functions":{"total":4,"covered":0,"skipped":0,"pct":0},"statements":{"total":4,"covered":0,"skipped":0,"pct":0},"branches":{"total":0,"covered":0,"skipped":0,"pct":100}}
,"/Users/anderson/learlify-backend/src/api/access/access.pipe.js": {"lines":{"total":5,"covered":5,"skipped":0,"pct":100},"functions":{"total":4,"covered":4,"skipped":0,"pct":100},"statements":{"total":5,"covered":5,"skipped":0,"pct":100},"branches":{"total":0,"covered":0,"skipped":0,"pct":100}}
,"/Users/anderson/learlify-backend/src/api/access/access.routes.js": {"lines":{"total":9,"covered":8,"skipped":0,"pct":88.88},"functions":{"total":2,"covered":2,"skipped":0,"pct":100},"statements":{"total":9,"covered":8,"skipped":0,"pct":88.88},"branches":{"total":2,"covered":1,"skipped":0,"pct":50}}
,"/Users/anderson/learlify-backend/src/api/access/access.service.js": {"lines":{"total":5,"covered":1,"skipped":0,"pct":20},"functions":{"total":5,"covered":1,"skipped":0,"pct":20},"statements":{"total":5,"covered":1,"skipped":0,"pct":20},"branches":{"total":0,"covered":0,"skipped":0,"pct":100}}
,"/Users/anderson/learlify-backend/src/api/admin/admin.controller.js": {"lines":{"total":30,"covered":8,"skipped":0,"pct":26.66},"functions":{"total":3,"covered":1,"skipped":0,"pct":33.33},"statements":{"total":30,"covered":8,"skipped":0,"pct":26.66},"branches":{"total":6,"covered":0,"skipped":0,"pct":0}}
,"/Users/anderson/learlify-backend/src/api/admin/admin.pipe.js": {"lines":{"total":5,"covered":5,"skipped":0,"pct":100},"functions":{"total":3,"covered":3,"skipped":0,"pct":100},"statements":{"total":5,"covered":5,"skipped":0,"pct":100},"branches":{"total":0,"covered":0,"skipped":0,"pct":100}}
,"/Users/anderson/learlify-backend/src/api/admin/admin.routes.js": {"lines":{"total":8,"covered":7,"skipped":0,"pct":87.5},"functions":{"total":2,"covered":2,"skipped":0,"pct":100},"statements":{"total":8,"covered":7,"skipped":0,"pct":87.5},"branches":{"total":2,"covered":1,"skipped":0,"pct":50}}
,"/Users/anderson/learlify-backend/src/api/admin/admin.service.js": {"lines":{"total":4,"covered":0,"skipped":0,"pct":0},"functions":{"total":2,"covered":0,"skipped":0,"pct":0},"statements":{"total":4,"covered":0,"skipped":0,"pct":0},"branches":{"total":0,"covered":0,"skipped":0,"pct":100}}
,"/Users/anderson/learlify-backend/src/api/advance/advance.controller.js": {"lines":{"total":32,"covered":5,"skipped":0,"pct":15.62},"functions":{"total":5,"covered":1,"skipped":0,"pct":20},"statements":{"total":32,"covered":5,"skipped":0,"pct":15.62},"branches":{"total":16,"covered":0,"skipped":0,"pct":0}}
,"/Users/anderson/learlify-backend/src/api/advance/advance.model.js": {"lines":{"total":4,"covered":0,"skipped":0,"pct":0},"functions":{"total":4,"covered":0,"skipped":0,"pct":0},"statements":{"total":4,"covered":0,"skipped":0,"pct":0},"branches":{"total":0,"covered":0,"skipped":0,"pct":100}}
,"/Users/anderson/learlify-backend/src/api/advance/advance.pipe.js": {"lines":{"total":3,"covered":3,"skipped":0,"pct":100},"functions":{"total":2,"covered":2,"skipped":0,"pct":100},"statements":{"total":3,"covered":3,"skipped":0,"pct":100},"branches":{"total":0,"covered":0,"skipped":0,"pct":100}}
,"/Users/anderson/learlify-backend/src/api/advance/advance.routes.js": {"lines":{"total":8,"covered":7,"skipped":0,"pct":87.5},"functions":{"total":2,"covered":2,"skipped":0,"pct":100},"statements":{"total":8,"covered":7,"skipped":0,"pct":87.5},"branches":{"total":2,"covered":1,"skipped":0,"pct":50}}
,"/Users/anderson/learlify-backend/src/api/advance/advance.service.js": {"lines":{"total":3,"covered":0,"skipped":0,"pct":0},"functions":{"total":3,"covered":0,"skipped":0,"pct":0},"statements":{"total":3,"covered":0,"skipped":0,"pct":0},"branches":{"total":0,"covered":0,"skipped":0,"pct":100}}
,"/Users/anderson/learlify-backend/src/api/authentication/authentication.controller.js": {"lines":{"total":106,"covered":66,"skipped":0,"pct":62.26},"functions":{"total":11,"covered":9,"skipped":0,"pct":81.81},"statements":{"total":106,"covered":66,"skipped":0,"pct":62.26},"branches":{"total":38,"covered":22,"skipped":0,"pct":57.89}}
,"/Users/anderson/learlify-backend/src/api/authentication/authentication.pipe.js": {"lines":{"total":15,"covered":15,"skipped":0,"pct":100},"functions":{"total":9,"covered":9,"skipped":0,"pct":100},"statements":{"total":15,"covered":15,"skipped":0,"pct":100},"branches":{"total":0,"covered":0,"skipped":0,"pct":100}}
,"/Users/anderson/learlify-backend/src/api/authentication/authentication.routes.js": {"lines":{"total":16,"covered":15,"skipped":0,"pct":93.75},"functions":{"total":2,"covered":2,"skipped":0,"pct":100},"statements":{"total":16,"covered":15,"skipped":0,"pct":93.75},"branches":{"total":2,"covered":1,"skipped":0,"pct":50}}
,"/Users/anderson/learlify-backend/src/api/authentication/authentication.service.js": {"lines":{"total":25,"covered":24,"skipped":0,"pct":96},"functions":{"total":7,"covered":7,"skipped":0,"pct":100},"statements":{"total":25,"covered":24,"skipped":0,"pct":96},"branches":{"total":9,"covered":8,"skipped":0,"pct":88.88}}
,"/Users/anderson/learlify-backend/src/api/aws/aws.controller.js": {"lines":{"total":18,"covered":5,"skipped":0,"pct":27.77},"functions":{"total":3,"covered":1,"skipped":0,"pct":33.33},"statements":{"total":18,"covered":5,"skipped":0,"pct":27.77},"branches":{"total":6,"covered":0,"skipped":0,"pct":0}}
,"/Users/anderson/learlify-backend/src/api/aws/aws.pipe.js": {"lines":{"total":3,"covered":3,"skipped":0,"pct":100},"functions":{"total":2,"covered":2,"skipped":0,"pct":100},"statements":{"total":3,"covered":3,"skipped":0,"pct":100},"branches":{"total":0,"covered":0,"skipped":0,"pct":100}}
,"/Users/anderson/learlify-backend/src/api/aws/aws.routes.js": {"lines":{"total":12,"covered":11,"skipped":0,"pct":91.66},"functions":{"total":2,"covered":2,"skipped":0,"pct":100},"statements":{"total":12,"covered":11,"skipped":0,"pct":91.66},"branches":{"total":4,"covered":2,"skipped":0,"pct":50}}
,"/Users/anderson/learlify-backend/src/api/aws/aws.service.js": {"lines":{"total":23,"covered":16,"skipped":0,"pct":69.56},"functions":{"total":12,"covered":7,"skipped":0,"pct":58.33},"statements":{"total":23,"covered":16,"skipped":0,"pct":69.56},"branches":{"total":4,"covered":3,"skipped":0,"pct":75}}
,"/Users/anderson/learlify-backend/src/api/categories/categories.controller.js": {"lines":{"total":3,"covered":1,"skipped":0,"pct":33.33},"functions":{"total":2,"covered":1,"skipped":0,"pct":50},"statements":{"total":3,"covered":1,"skipped":0,"pct":33.33},"branches":{"total":0,"covered":0,"skipped":0,"pct":100}}
,"/Users/anderson/learlify-backend/src/api/categories/categories.model.js": {"lines":{"total":6,"covered":0,"skipped":0,"pct":0},"functions":{"total":6,"covered":0,"skipped":0,"pct":0},"statements":{"total":6,"covered":0,"skipped":0,"pct":0},"branches":{"total":0,"covered":0,"skipped":0,"pct":100}}
,"/Users/anderson/learlify-backend/src/api/categories/categories.routes.js": {"lines":{"total":3,"covered":3,"skipped":0,"pct":100},"functions":{"total":2,"covered":2,"skipped":0,"pct":100},"statements":{"total":3,"covered":3,"skipped":0,"pct":100},"branches":{"total":0,"covered":0,"skipped":0,"pct":100}}
,"/Users/anderson/learlify-backend/src/api/categories/categories.service.js": {"lines":{"total":4,"covered":0,"skipped":0,"pct":0},"functions":{"total":2,"covered":0,"skipped":0,"pct":0},"statements":{"total":4,"covered":0,"skipped":0,"pct":0},"branches":{"total":2,"covered":0,"skipped":0,"pct":0}}
,"/Users/anderson/learlify-backend/src/api/classes/classes.controller.js": {"lines":{"total":67,"covered":7,"skipped":0,"pct":10.44},"functions":{"total":8,"covered":1,"skipped":0,"pct":12.5},"statements":{"total":67,"covered":7,"skipped":0,"pct":10.44},"branches":{"total":24,"covered":0,"skipped":0,"pct":0}}
,"/Users/anderson/learlify-backend/src/api/classes/classes.model.js": {"lines":{"total":8,"covered":0,"skipped":0,"pct":0},"functions":{"total":8,"covered":0,"skipped":0,"pct":0},"statements":{"total":8,"covered":0,"skipped":0,"pct":0},"branches":{"total":0,"covered":0,"skipped":0,"pct":100}}
,"/Users/anderson/learlify-backend/src/api/classes/classes.pipe.js": {"lines":{"total":3,"covered":3,"skipped":0,"pct":100},"functions":{"total":2,"covered":2,"skipped":0,"pct":100},"statements":{"total":3,"covered":3,"skipped":0,"pct":100},"branches":{"total":0,"covered":0,"skipped":0,"pct":100}}
,"/Users/anderson/learlify-backend/src/api/classes/classes.routes.js": {"lines":{"total":9,"covered":8,"skipped":0,"pct":88.88},"functions":{"total":2,"covered":2,"skipped":0,"pct":100},"statements":{"total":9,"covered":8,"skipped":0,"pct":88.88},"branches":{"total":2,"covered":1,"skipped":0,"pct":50}}
,"/Users/anderson/learlify-backend/src/api/classes/classes.service.js": {"lines":{"total":22,"covered":3,"skipped":0,"pct":13.63},"functions":{"total":5,"covered":1,"skipped":0,"pct":20},"statements":{"total":22,"covered":3,"skipped":0,"pct":13.63},"branches":{"total":8,"covered":0,"skipped":0,"pct":0}}
,"/Users/anderson/learlify-backend/src/api/cloudstorage/cloudstorage.model.js": {"lines":{"total":4,"covered":0,"skipped":0,"pct":0},"functions":{"total":4,"covered":0,"skipped":0,"pct":0},"statements":{"total":4,"covered":0,"skipped":0,"pct":0},"branches":{"total":0,"covered":0,"skipped":0,"pct":100}}
,"/Users/anderson/learlify-backend/src/api/cloudstorage/cloudstorage.service.js": {"lines":{"total":3,"covered":1,"skipped":0,"pct":33.33},"functions":{"total":3,"covered":1,"skipped":0,"pct":33.33},"statements":{"total":3,"covered":1,"skipped":0,"pct":33.33},"branches":{"total":0,"covered":0,"skipped":0,"pct":100}}
,"/Users/anderson/learlify-backend/src/api/config/config.service.js": {"lines":{"total":5,"covered":3,"skipped":0,"pct":60},"functions":{"total":3,"covered":1,"skipped":0,"pct":33.33},"statements":{"total":5,"covered":3,"skipped":0,"pct":60},"branches":{"total":0,"covered":0,"skipped":0,"pct":100}}
,"/Users/anderson/learlify-backend/src/api/courses/courses.controller.js": {"lines":{"total":36,"covered":8,"skipped":0,"pct":22.22},"functions":{"total":4,"covered":1,"skipped":0,"pct":25},"statements":{"total":37,"covered":8,"skipped":0,"pct":21.62},"branches":{"total":16,"covered":0,"skipped":0,"pct":0}}
,"/Users/anderson/learlify-backend/src/api/courses/courses.model.js": {"lines":{"total":6,"covered":0,"skipped":0,"pct":0},"functions":{"total":6,"covered":0,"skipped":0,"pct":0},"statements":{"total":6,"covered":0,"skipped":0,"pct":0},"branches":{"total":0,"covered":0,"skipped":0,"pct":100}}
,"/Users/anderson/learlify-backend/src/api/courses/courses.pipe.js": {"lines":{"total":3,"covered":3,"skipped":0,"pct":100},"functions":{"total":2,"covered":2,"skipped":0,"pct":100},"statements":{"total":3,"covered":3,"skipped":0,"pct":100},"branches":{"total":0,"covered":0,"skipped":0,"pct":100}}
,"/Users/anderson/learlify-backend/src/api/courses/courses.routes.js": {"lines":{"total":7,"covered":6,"skipped":0,"pct":85.71},"functions":{"total":2,"covered":2,"skipped":0,"pct":100},"statements":{"total":7,"covered":6,"skipped":0,"pct":85.71},"branches":{"total":2,"covered":1,"skipped":0,"pct":50}}
,"/Users/anderson/learlify-backend/src/api/courses/courses.service.js": {"lines":{"total":10,"covered":0,"skipped":0,"pct":0},"functions":{"total":2,"covered":0,"skipped":0,"pct":0},"statements":{"total":10,"covered":0,"skipped":0,"pct":0},"branches":{"total":2,"covered":0,"skipped":0,"pct":0}}
,"/Users/anderson/learlify-backend/src/api/evaluations/evaluations.controller.js": {"lines":{"total":107,"covered":11,"skipped":0,"pct":10.28},"functions":{"total":13,"covered":1,"skipped":0,"pct":7.69},"statements":{"total":110,"covered":11,"skipped":0,"pct":10},"branches":{"total":55,"covered":0,"skipped":0,"pct":0}}
,"/Users/anderson/learlify-backend/src/api/evaluations/evaluations.model.js": {"lines":{"total":4,"covered":0,"skipped":0,"pct":0},"functions":{"total":4,"covered":0,"skipped":0,"pct":0},"statements":{"total":4,"covered":0,"skipped":0,"pct":0},"branches":{"total":0,"covered":0,"skipped":0,"pct":100}}
,"/Users/anderson/learlify-backend/src/api/evaluations/evaluations.pipe.js": {"lines":{"total":5,"covered":4,"skipped":0,"pct":80},"functions":{"total":4,"covered":3,"skipped":0,"pct":75},"statements":{"total":5,"covered":4,"skipped":0,"pct":80},"branches":{"total":0,"covered":0,"skipped":0,"pct":100}}
,"/Users/anderson/learlify-backend/src/api/evaluations/evaluations.routes.js": {"lines":{"total":9,"covered":8,"skipped":0,"pct":88.88},"functions":{"total":2,"covered":2,"skipped":0,"pct":100},"statements":{"total":9,"covered":8,"skipped":0,"pct":88.88},"branches":{"total":2,"covered":1,"skipped":0,"pct":50}}
,"/Users/anderson/learlify-backend/src/api/evaluations/evaluations.services.js": {"lines":{"total":42,"covered":7,"skipped":0,"pct":16.66},"functions":{"total":8,"covered":1,"skipped":0,"pct":12.5},"statements":{"total":42,"covered":7,"skipped":0,"pct":16.66},"branches":{"total":17,"covered":0,"skipped":0,"pct":0}}
,"/Users/anderson/learlify-backend/src/api/evaluations/evaluations.status.js": {"lines":{"total":3,"covered":2,"skipped":0,"pct":66.66},"functions":{"total":1,"covered":0,"skipped":0,"pct":0},"statements":{"total":3,"covered":2,"skipped":0,"pct":66.66},"branches":{"total":0,"covered":0,"skipped":0,"pct":100}}
,"/Users/anderson/learlify-backend/src/api/exams/exams.controller.js": {"lines":{"total":33,"covered":4,"skipped":0,"pct":12.12},"functions":{"total":8,"covered":1,"skipped":0,"pct":12.5},"statements":{"total":35,"covered":4,"skipped":0,"pct":11.42},"branches":{"total":14,"covered":0,"skipped":0,"pct":0}}
,"/Users/anderson/learlify-backend/src/api/exams/exams.model.js": {"lines":{"total":9,"covered":0,"skipped":0,"pct":0},"functions":{"total":9,"covered":0,"skipped":0,"pct":0},"statements":{"total":9,"covered":0,"skipped":0,"pct":0},"branches":{"total":0,"covered":0,"skipped":0,"pct":100}}
,"/Users/anderson/learlify-backend/src/api/exams/exams.pipe.js": {"lines":{"total":3,"covered":3,"skipped":0,"pct":100},"functions":{"total":2,"covered":2,"skipped":0,"pct":100},"statements":{"total":3,"covered":3,"skipped":0,"pct":100},"branches":{"total":0,"covered":0,"skipped":0,"pct":100}}
,"/Users/anderson/learlify-backend/src/api/exams/exams.routes.js": {"lines":{"total":7,"covered":6,"skipped":0,"pct":85.71},"functions":{"total":2,"covered":2,"skipped":0,"pct":100},"statements":{"total":7,"covered":6,"skipped":0,"pct":85.71},"branches":{"total":2,"covered":1,"skipped":0,"pct":50}}
,"/Users/anderson/learlify-backend/src/api/exams/exams.service.js": {"lines":{"total":22,"covered":3,"skipped":0,"pct":13.63},"functions":{"total":6,"covered":1,"skipped":0,"pct":16.66},"statements":{"total":23,"covered":3,"skipped":0,"pct":13.04},"branches":{"total":10,"covered":0,"skipped":0,"pct":0}}
,"/Users/anderson/learlify-backend/src/api/feedback/feedback.controller.js": {"lines":{"total":58,"covered":9,"skipped":0,"pct":15.51},"functions":{"total":3,"covered":1,"skipped":0,"pct":33.33},"statements":{"total":58,"covered":9,"skipped":0,"pct":15.51},"branches":{"total":29,"covered":0,"skipped":0,"pct":0}}
,"/Users/anderson/learlify-backend/src/api/feedback/feedback.pipe.js": {"lines":{"total":2,"covered":2,"skipped":0,"pct":100},"functions":{"total":1,"covered":1,"skipped":0,"pct":100},"statements":{"total":2,"covered":2,"skipped":0,"pct":100},"branches":{"total":0,"covered":0,"skipped":0,"pct":100}}
,"/Users/anderson/learlify-backend/src/api/feedback/feedback.routes.js": {"lines":{"total":3,"covered":3,"skipped":0,"pct":100},"functions":{"total":2,"covered":2,"skipped":0,"pct":100},"statements":{"total":3,"covered":3,"skipped":0,"pct":100},"branches":{"total":0,"covered":0,"skipped":0,"pct":100}}
,"/Users/anderson/learlify-backend/src/api/gifts/gifts.controller.js": {"lines":{"total":33,"covered":5,"skipped":0,"pct":15.15},"functions":{"total":3,"covered":1,"skipped":0,"pct":33.33},"statements":{"total":33,"covered":5,"skipped":0,"pct":15.15},"branches":{"total":16,"covered":0,"skipped":0,"pct":0}}
,"/Users/anderson/learlify-backend/src/api/gifts/gifts.model.js": {"lines":{"total":4,"covered":0,"skipped":0,"pct":0},"functions":{"total":4,"covered":0,"skipped":0,"pct":0},"statements":{"total":4,"covered":0,"skipped":0,"pct":0},"branches":{"total":0,"covered":0,"skipped":0,"pct":100}}
,"/Users/anderson/learlify-backend/src/api/gifts/gifts.pipe.js": {"lines":{"total":3,"covered":3,"skipped":0,"pct":100},"functions":{"total":2,"covered":2,"skipped":0,"pct":100},"statements":{"total":3,"covered":3,"skipped":0,"pct":100},"branches":{"total":0,"covered":0,"skipped":0,"pct":100}}
,"/Users/anderson/learlify-backend/src/api/gifts/gifts.routes.js": {"lines":{"total":7,"covered":6,"skipped":0,"pct":85.71},"functions":{"total":2,"covered":2,"skipped":0,"pct":100},"statements":{"total":7,"covered":6,"skipped":0,"pct":85.71},"branches":{"total":2,"covered":1,"skipped":0,"pct":50}}
,"/Users/anderson/learlify-backend/src/api/gifts/gifts.service.js": {"lines":{"total":50,"covered":4,"skipped":0,"pct":8},"functions":{"total":8,"covered":1,"skipped":0,"pct":12.5},"statements":{"total":50,"covered":4,"skipped":0,"pct":8},"branches":{"total":13,"covered":0,"skipped":0,"pct":0}}
,"/Users/anderson/learlify-backend/src/api/health/health.routes.js": {"lines":{"total":25,"covered":24,"skipped":0,"pct":96},"functions":{"total":3,"covered":3,"skipped":0,"pct":100},"statements":{"total":25,"covered":24,"skipped":0,"pct":96},"branches":{"total":10,"covered":10,"skipped":0,"pct":100}}
,"/Users/anderson/learlify-backend/src/api/jwt/jwt.blocklist.js": {"lines":{"total":23,"covered":22,"skipped":0,"pct":95.65},"functions":{"total":4,"covered":4,"skipped":0,"pct":100},"statements":{"total":25,"covered":23,"skipped":0,"pct":92},"branches":{"total":12,"covered":11,"skipped":0,"pct":91.66}}
,"/Users/anderson/learlify-backend/src/api/jwt/jwt.guard.js": {"lines":{"total":18,"covered":13,"skipped":0,"pct":72.22},"functions":{"total":1,"covered":1,"skipped":0,"pct":100},"statements":{"total":18,"covered":13,"skipped":0,"pct":72.22},"branches":{"total":6,"covered":3,"skipped":0,"pct":50}}
,"/Users/anderson/learlify-backend/src/api/languages/language.controller.js": {"lines":{"total":3,"covered":1,"skipped":0,"pct":33.33},"functions":{"total":2,"covered":1,"skipped":0,"pct":50},"statements":{"total":3,"covered":1,"skipped":0,"pct":33.33},"branches":{"total":0,"covered":0,"skipped":0,"pct":100}}
,"/Users/anderson/learlify-backend/src/api/languages/language.routes.js": {"lines":{"total":6,"covered":5,"skipped":0,"pct":83.33},"functions":{"total":2,"covered":2,"skipped":0,"pct":100},"statements":{"total":6,"covered":5,"skipped":0,"pct":83.33},"branches":{"total":2,"covered":1,"skipped":0,"pct":50}}
,"/Users/anderson/learlify-backend/src/api/languages/languages.model.js": {"lines":{"total":4,"covered":0,"skipped":0,"pct":0},"functions":{"total":4,"covered":0,"skipped":0,"pct":0},"statements":{"total":4,"covered":0,"skipped":0,"pct":0},"branches":{"total":0,"covered":0,"skipped":0,"pct":100}}
,"/Users/anderson/learlify-backend/src/api/languages/languages.services.js": {"lines":{"total":2,"covered":0,"skipped":0,"pct":0},"functions":{"total":2,"covered":0,"skipped":0,"pct":0},"statements":{"total":2,"covered":0,"skipped":0,"pct":0},"branches":{"total":0,"covered":0,"skipped":0,"pct":100}}
,"/Users/anderson/learlify-backend/src/api/latest-evaluations/latestEvaluations.controller.js": {"lines":{"total":32,"covered":7,"skipped":0,"pct":21.87},"functions":{"total":7,"covered":1,"skipped":0,"pct":14.28},"statements":{"total":32,"covered":7,"skipped":0,"pct":21.87},"branches":{"total":4,"covered":0,"skipped":0,"pct":0}}
,"/Users/anderson/learlify-backend/src/api/latest-evaluations/latestEvaluations.model.js": {"lines":{"total":4,"covered":0,"skipped":0,"pct":0},"functions":{"total":4,"covered":0,"skipped":0,"pct":0},"statements":{"total":4,"covered":0,"skipped":0,"pct":0},"branches":{"total":0,"covered":0,"skipped":0,"pct":100}}
,"/Users/anderson/learlify-backend/src/api/latest-evaluations/latestEvaluations.pipe.js": {"lines":{"total":3,"covered":3,"skipped":0,"pct":100},"functions":{"total":2,"covered":2,"skipped":0,"pct":100},"statements":{"total":3,"covered":3,"skipped":0,"pct":100},"branches":{"total":0,"covered":0,"skipped":0,"pct":100}}
,"/Users/anderson/learlify-backend/src/api/latest-evaluations/latestEvaluations.routes.js": {"lines":{"total":8,"covered":7,"skipped":0,"pct":87.5},"functions":{"total":2,"covered":2,"skipped":0,"pct":100},"statements":{"total":8,"covered":7,"skipped":0,"pct":87.5},"branches":{"total":2,"covered":1,"skipped":0,"pct":50}}
,"/Users/anderson/learlify-backend/src/api/latest-evaluations/latestEvaluations.service.js": {"lines":{"total":10,"covered":4,"skipped":0,"pct":40},"functions":{"total":4,"covered":1,"skipped":0,"pct":25},"statements":{"total":10,"covered":4,"skipped":0,"pct":40},"branches":{"total":2,"covered":0,"skipped":0,"pct":0}}
,"/Users/anderson/learlify-backend/src/api/logger/index.js": {"lines":{"total":1,"covered":1,"skipped":0,"pct":100},"functions":{"total":1,"covered":1,"skipped":0,"pct":100},"statements":{"total":1,"covered":1,"skipped":0,"pct":100},"branches":{"total":0,"covered":0,"skipped":0,"pct":100}}
,"/Users/anderson/learlify-backend/src/api/mails/index.js": {"lines":{"total":5,"covered":1,"skipped":0,"pct":20},"functions":{"total":2,"covered":0,"skipped":0,"pct":0},"statements":{"total":5,"covered":1,"skipped":0,"pct":20},"branches":{"total":6,"covered":1,"skipped":0,"pct":16.66}}
,"/Users/anderson/learlify-backend/src/api/mails/mails.service.js": {"lines":{"total":8,"covered":3,"skipped":0,"pct":37.5},"functions":{"total":2,"covered":1,"skipped":0,"pct":50},"statements":{"total":8,"covered":3,"skipped":0,"pct":37.5},"branches":{"total":2,"covered":0,"skipped":0,"pct":0}}
,"/Users/anderson/learlify-backend/src/api/meetings/meeetings.controller.js": {"lines":{"total":28,"covered":5,"skipped":0,"pct":17.85},"functions":{"total":5,"covered":1,"skipped":0,"pct":20},"statements":{"total":28,"covered":5,"skipped":0,"pct":17.85},"branches":{"total":10,"covered":0,"skipped":0,"pct":0}}
,"/Users/anderson/learlify-backend/src/api/meetings/meetings.model.js": {"lines":{"total":7,"covered":0,"skipped":0,"pct":0},"functions":{"total":7,"covered":0,"skipped":0,"pct":0},"statements":{"total":7,"covered":0,"skipped":0,"pct":0},"branches":{"total":0,"covered":0,"skipped":0,"pct":100}}
,"/Users/anderson/learlify-backend/src/api/meetings/meetings.pipe.js": {"lines":{"total":3,"covered":3,"skipped":0,"pct":100},"functions":{"total":2,"covered":2,"skipped":0,"pct":100},"statements":{"total":3,"covered":3,"skipped":0,"pct":100},"branches":{"total":0,"covered":0,"skipped":0,"pct":100}}
,"/Users/anderson/learlify-backend/src/api/meetings/meetings.routes.js": {"lines":{"total":9,"covered":8,"skipped":0,"pct":88.88},"functions":{"total":2,"covered":2,"skipped":0,"pct":100},"statements":{"total":9,"covered":8,"skipped":0,"pct":88.88},"branches":{"total":2,"covered":1,"skipped":0,"pct":50}}
,"/Users/anderson/learlify-backend/src/api/meetings/meetings.service.js": {"lines":{"total":10,"covered":1,"skipped":0,"pct":10},"functions":{"total":6,"covered":1,"skipped":0,"pct":16.66},"statements":{"total":10,"covered":1,"skipped":0,"pct":10},"branches":{"total":0,"covered":0,"skipped":0,"pct":100}}
,"/Users/anderson/learlify-backend/src/api/metrics/metrics.routes.js": {"lines":{"total":9,"covered":2,"skipped":0,"pct":22.22},"functions":{"total":1,"covered":0,"skipped":0,"pct":0},"statements":{"total":9,"covered":2,"skipped":0,"pct":22.22},"branches":{"total":2,"covered":0,"skipped":0,"pct":0}}
,"/Users/anderson/learlify-backend/src/api/models/models.controller.js": {"lines":{"total":22,"covered":4,"skipped":0,"pct":18.18},"functions":{"total":4,"covered":1,"skipped":0,"pct":25},"statements":{"total":22,"covered":4,"skipped":0,"pct":18.18},"branches":{"total":8,"covered":0,"skipped":0,"pct":0}}
,"/Users/anderson/learlify-backend/src/api/models/models.model.js": {"lines":{"total":6,"covered":0,"skipped":0,"pct":0},"functions":{"total":6,"covered":0,"skipped":0,"pct":0},"statements":{"total":6,"covered":0,"skipped":0,"pct":0},"branches":{"total":0,"covered":0,"skipped":0,"pct":100}}
,"/Users/anderson/learlify-backend/src/api/models/models.pipe.js": {"lines":{"total":3,"covered":3,"skipped":0,"pct":100},"functions":{"total":2,"covered":2,"skipped":0,"pct":100},"statements":{"total":3,"covered":3,"skipped":0,"pct":100},"branches":{"total":0,"covered":0,"skipped":0,"pct":100}}
,"/Users/anderson/learlify-backend/src/api/models/models.routes.js": {"lines":{"total":9,"covered":8,"skipped":0,"pct":88.88},"functions":{"total":2,"covered":2,"skipped":0,"pct":100},"statements":{"total":9,"covered":8,"skipped":0,"pct":88.88},"branches":{"total":2,"covered":1,"skipped":0,"pct":50}}
,"/Users/anderson/learlify-backend/src/api/notification-types/notificationTypes.model.js": {"lines":{"total":2,"covered":0,"skipped":0,"pct":0},"functions":{"total":2,"covered":0,"skipped":0,"pct":0},"statements":{"total":2,"covered":0,"skipped":0,"pct":0},"branches":{"total":0,"covered":0,"skipped":0,"pct":100}}
,"/Users/anderson/learlify-backend/src/api/notification-types/notificationTypes.service.js": {"lines":{"total":6,"covered":1,"skipped":0,"pct":16.66},"functions":{"total":5,"covered":1,"skipped":0,"pct":20},"statements":{"total":6,"covered":1,"skipped":0,"pct":16.66},"branches":{"total":0,"covered":0,"skipped":0,"pct":100}}
,"/Users/anderson/learlify-backend/src/api/notifications/notification.context.js": {"lines":{"total":1,"covered":0,"skipped":0,"pct":0},"functions":{"total":1,"covered":0,"skipped":0,"pct":0},"statements":{"total":1,"covered":0,"skipped":0,"pct":0},"branches":{"total":0,"covered":0,"skipped":0,"pct":100}}
,"/Users/anderson/learlify-backend/src/api/notifications/notifications.controller.js": {"lines":{"total":24,"covered":1,"skipped":0,"pct":4.16},"functions":{"total":7,"covered":1,"skipped":0,"pct":14.28},"statements":{"total":24,"covered":1,"skipped":0,"pct":4.16},"branches":{"total":8,"covered":0,"skipped":0,"pct":0}}
,"/Users/anderson/learlify-backend/src/api/notifications/notifications.model.js": {"lines":{"total":3,"covered":1,"skipped":0,"pct":33.33},"functions":{"total":2,"covered":0,"skipped":0,"pct":0},"statements":{"total":3,"covered":1,"skipped":0,"pct":33.33},"branches":{"total":0,"covered":0,"skipped":0,"pct":100}}
,"/Users/anderson/learlify-backend/src/api/notifications/notifications.pipe.js": {"lines":{"total":5,"covered":5,"skipped":0,"pct":100},"functions":{"total":4,"covered":4,"skipped":0,"pct":100},"statements":{"total":5,"covered":5,"skipped":0,"pct":100},"branches":{"total":0,"covered":0,"skipped":0,"pct":100}}
,"/Users/anderson/learlify-backend/src/api/notifications/notifications.routes.js": {"lines":{"total":11,"covered":10,"skipped":0,"pct":90.9},"functions":{"total":2,"covered":2,"skipped":0,"pct":100},"statements":{"total":11,"covered":10,"skipped":0,"pct":90.9},"branches":{"total":2,"covered":1,"skipped":0,"pct":50}}
,"/Users/anderson/learlify-backend/src/api/notifications/notifications.service.js": {"lines":{"total":32,"covered":5,"skipped":0,"pct":15.62},"functions":{"total":8,"covered":1,"skipped":0,"pct":12.5},"statements":{"total":32,"covered":5,"skipped":0,"pct":15.62},"branches":{"total":4,"covered":0,"skipped":0,"pct":0}}
,"/Users/anderson/learlify-backend/src/api/packages/packages.controller.js": {"lines":{"total":57,"covered":56,"skipped":0,"pct":98.24},"functions":{"total":5,"covered":5,"skipped":0,"pct":100},"statements":{"total":57,"covered":56,"skipped":0,"pct":98.24},"branches":{"total":26,"covered":23,"skipped":0,"pct":88.46}}
,"/Users/anderson/learlify-backend/src/api/packages/packages.model.js": {"lines":{"total":4,"covered":0,"skipped":0,"pct":0},"functions":{"total":4,"covered":0,"skipped":0,"pct":0},"statements":{"total":4,"covered":0,"skipped":0,"pct":0},"branches":{"total":0,"covered":0,"skipped":0,"pct":100}}
,"/Users/anderson/learlify-backend/src/api/packages/packages.pipe.js": {"lines":{"total":5,"covered":5,"skipped":0,"pct":100},"functions":{"total":4,"covered":4,"skipped":0,"pct":100},"statements":{"total":5,"covered":5,"skipped":0,"pct":100},"branches":{"total":0,"covered":0,"skipped":0,"pct":100}}
,"/Users/anderson/learlify-backend/src/api/packages/packages.routes.js": {"lines":{"total":10,"covered":9,"skipped":0,"pct":90},"functions":{"total":2,"covered":2,"skipped":0,"pct":100},"statements":{"total":10,"covered":9,"skipped":0,"pct":90},"branches":{"total":2,"covered":1,"skipped":0,"pct":50}}
,"/Users/anderson/learlify-backend/src/api/plans/plans.controller.js": {"lines":{"total":50,"covered":14,"skipped":0,"pct":28},"functions":{"total":9,"covered":2,"skipped":0,"pct":22.22},"statements":{"total":53,"covered":14,"skipped":0,"pct":26.41},"branches":{"total":21,"covered":4,"skipped":0,"pct":19.04}}
,"/Users/anderson/learlify-backend/src/api/plans/plans.model.js": {"lines":{"total":6,"covered":0,"skipped":0,"pct":0},"functions":{"total":6,"covered":0,"skipped":0,"pct":0},"statements":{"total":6,"covered":0,"skipped":0,"pct":0},"branches":{"total":0,"covered":0,"skipped":0,"pct":100}}
,"/Users/anderson/learlify-backend/src/api/plans/plans.pipe.js": {"lines":{"total":6,"covered":6,"skipped":0,"pct":100},"functions":{"total":5,"covered":5,"skipped":0,"pct":100},"statements":{"total":6,"covered":6,"skipped":0,"pct":100},"branches":{"total":0,"covered":0,"skipped":0,"pct":100}}
,"/Users/anderson/learlify-backend/src/api/plans/plans.routes.js": {"lines":{"total":10,"covered":9,"skipped":0,"pct":90},"functions":{"total":2,"covered":2,"skipped":0,"pct":100},"statements":{"total":10,"covered":9,"skipped":0,"pct":90},"branches":{"total":2,"covered":1,"skipped":0,"pct":50}}
,"/Users/anderson/learlify-backend/src/api/progress/progress.controller.js": {"lines":{"total":71,"covered":8,"skipped":0,"pct":11.26},"functions":{"total":6,"covered":1,"skipped":0,"pct":16.66},"statements":{"total":71,"covered":8,"skipped":0,"pct":11.26},"branches":{"total":34,"covered":0,"skipped":0,"pct":0}}
,"/Users/anderson/learlify-backend/src/api/progress/progress.model.js": {"lines":{"total":6,"covered":0,"skipped":0,"pct":0},"functions":{"total":6,"covered":0,"skipped":0,"pct":0},"statements":{"total":6,"covered":0,"skipped":0,"pct":0},"branches":{"total":0,"covered":0,"skipped":0,"pct":100}}
,"/Users/anderson/learlify-backend/src/api/progress/progress.pipe.js": {"lines":{"total":5,"covered":4,"skipped":0,"pct":80},"functions":{"total":4,"covered":3,"skipped":0,"pct":75},"statements":{"total":5,"covered":4,"skipped":0,"pct":80},"branches":{"total":0,"covered":0,"skipped":0,"pct":100}}
,"/Users/anderson/learlify-backend/src/api/progress/progress.routes.js": {"lines":{"total":11,"covered":10,"skipped":0,"pct":90.9},"functions":{"total":2,"covered":2,"skipped":0,"pct":100},"statements":{"total":11,"covered":10,"skipped":0,"pct":90.9},"branches":{"total":2,"covered":1,"skipped":0,"pct":50}}
,"/Users/anderson/learlify-backend/src/api/progress/progress.service.js": {"lines":{"total":84,"covered":6,"skipped":0,"pct":7.14},"functions":{"total":12,"covered":1,"skipped":0,"pct":8.33},"statements":{"total":86,"covered":6,"skipped":0,"pct":6.97},"branches":{"total":24,"covered":0,"skipped":0,"pct":0}}
,"/Users/anderson/learlify-backend/src/api/progress/progress.validation.js": {"lines":{"total":15,"covered":1,"skipped":0,"pct":6.66},"functions":{"total":2,"covered":0,"skipped":0,"pct":0},"statements":{"total":16,"covered":1,"skipped":0,"pct":6.25},"branches":{"total":6,"covered":0,"skipped":0,"pct":0}}
,"/Users/anderson/learlify-backend/src/api/reports/report.controller.js": {"lines":{"total":15,"covered":3,"skipped":0,"pct":20},"functions":{"total":3,"covered":1,"skipped":0,"pct":33.33},"statements":{"total":15,"covered":3,"skipped":0,"pct":20},"branches":{"total":2,"covered":0,"skipped":0,"pct":0}}
,"/Users/anderson/learlify-backend/src/api/reports/report.pipe.js": {"lines":{"total":4,"covered":4,"skipped":0,"pct":100},"functions":{"total":3,"covered":3,"skipped":0,"pct":100},"statements":{"total":4,"covered":4,"skipped":0,"pct":100},"branches":{"total":0,"covered":0,"skipped":0,"pct":100}}
,"/Users/anderson/learlify-backend/src/api/reports/report.routes.js": {"lines":{"total":7,"covered":6,"skipped":0,"pct":85.71},"functions":{"total":2,"covered":2,"skipped":0,"pct":100},"statements":{"total":7,"covered":6,"skipped":0,"pct":85.71},"branches":{"total":2,"covered":1,"skipped":0,"pct":50}}
,"/Users/anderson/learlify-backend/src/api/roles/roles.controller.js": {"lines":{"total":3,"covered":1,"skipped":0,"pct":33.33},"functions":{"total":2,"covered":1,"skipped":0,"pct":50},"statements":{"total":3,"covered":1,"skipped":0,"pct":33.33},"branches":{"total":0,"covered":0,"skipped":0,"pct":100}}
,"/Users/anderson/learlify-backend/src/api/roles/roles.model.js": {"lines":{"total":6,"covered":0,"skipped":0,"pct":0},"functions":{"total":6,"covered":0,"skipped":0,"pct":0},"statements":{"total":6,"covered":0,"skipped":0,"pct":0},"branches":{"total":0,"covered":0,"skipped":0,"pct":100}}
,"/Users/anderson/learlify-backend/src/api/roles/roles.routes.js": {"lines":{"total":6,"covered":5,"skipped":0,"pct":83.33},"functions":{"total":2,"covered":2,"skipped":0,"pct":100},"statements":{"total":6,"covered":5,"skipped":0,"pct":83.33},"branches":{"total":2,"covered":1,"skipped":0,"pct":50}}
,"/Users/anderson/learlify-backend/src/api/roles/roles.services.js": {"lines":{"total":6,"covered":1,"skipped":0,"pct":16.66},"functions":{"total":3,"covered":1,"skipped":0,"pct":33.33},"statements":{"total":6,"covered":1,"skipped":0,"pct":16.66},"branches":{"total":2,"covered":0,"skipped":0,"pct":0}}
,"/Users/anderson/learlify-backend/src/api/schedule/schedule.controller.js": {"lines":{"total":52,"covered":6,"skipped":0,"pct":11.53},"functions":{"total":9,"covered":1,"skipped":0,"pct":11.11},"statements":{"total":52,"covered":6,"skipped":0,"pct":11.53},"branches":{"total":18,"covered":0,"skipped":0,"pct":0}}
,"/Users/anderson/learlify-backend/src/api/schedule/schedule.model.js": {"lines":{"total":9,"covered":0,"skipped":0,"pct":0},"functions":{"total":9,"covered":0,"skipped":0,"pct":0},"statements":{"total":9,"covered":0,"skipped":0,"pct":0},"branches":{"total":0,"covered":0,"skipped":0,"pct":100}}
,"/Users/anderson/learlify-backend/src/api/schedule/schedule.pipe.js": {"lines":{"total":4,"covered":4,"skipped":0,"pct":100},"functions":{"total":3,"covered":3,"skipped":0,"pct":100},"statements":{"total":4,"covered":4,"skipped":0,"pct":100},"branches":{"total":0,"covered":0,"skipped":0,"pct":100}}
,"/Users/anderson/learlify-backend/src/api/schedule/schedule.routes.js": {"lines":{"total":9,"covered":8,"skipped":0,"pct":88.88},"functions":{"total":2,"covered":2,"skipped":0,"pct":100},"statements":{"total":9,"covered":8,"skipped":0,"pct":88.88},"branches":{"total":2,"covered":1,"skipped":0,"pct":50}}
,"/Users/anderson/learlify-backend/src/api/schedule/schedule.service.js": {"lines":{"total":55,"covered":4,"skipped":0,"pct":7.27},"functions":{"total":12,"covered":1,"skipped":0,"pct":8.33},"statements":{"total":55,"covered":4,"skipped":0,"pct":7.27},"branches":{"total":26,"covered":0,"skipped":0,"pct":0}}
,"/Users/anderson/learlify-backend/src/api/stats/stats.controller.js": {"lines":{"total":25,"covered":6,"skipped":0,"pct":24},"functions":{"total":6,"covered":1,"skipped":0,"pct":16.66},"statements":{"total":25,"covered":6,"skipped":0,"pct":24},"branches":{"total":4,"covered":0,"skipped":0,"pct":0}}
,"/Users/anderson/learlify-backend/src/api/stats/stats.functions.js": {"lines":{"total":49,"covered":19,"skipped":0,"pct":38.77},"functions":{"total":15,"covered":5,"skipped":0,"pct":33.33},"statements":{"total":51,"covered":20,"skipped":0,"pct":39.21},"branches":{"total":41,"covered":8,"skipped":0,"pct":19.51}}
,"/Users/anderson/learlify-backend/src/api/stats/stats.model.js": {"lines":{"total":4,"covered":0,"skipped":0,"pct":0},"functions":{"total":4,"covered":0,"skipped":0,"pct":0},"statements":{"total":4,"covered":0,"skipped":0,"pct":0},"branches":{"total":0,"covered":0,"skipped":0,"pct":100}}
,"/Users/anderson/learlify-backend/src/api/stats/stats.pipe.js": {"lines":{"total":3,"covered":2,"skipped":0,"pct":66.66},"functions":{"total":2,"covered":1,"skipped":0,"pct":50},"statements":{"total":3,"covered":2,"skipped":0,"pct":66.66},"branches":{"total":0,"covered":0,"skipped":0,"pct":100}}
,"/Users/anderson/learlify-backend/src/api/stats/stats.routes.js": {"lines":{"total":7,"covered":6,"skipped":0,"pct":85.71},"functions":{"total":2,"covered":2,"skipped":0,"pct":100},"statements":{"total":7,"covered":6,"skipped":0,"pct":85.71},"branches":{"total":2,"covered":1,"skipped":0,"pct":50}}
,"/Users/anderson/learlify-backend/src/api/stats/stats.service.js": {"lines":{"total":22,"covered":4,"skipped":0,"pct":18.18},"functions":{"total":6,"covered":1,"skipped":0,"pct":16.66},"statements":{"total":22,"covered":4,"skipped":0,"pct":18.18},"branches":{"total":2,"covered":0,"skipped":0,"pct":0}}
,"/Users/anderson/learlify-backend/src/api/stripe/stripe.events.js": {"lines":{"total":0,"covered":0,"skipped":0,"pct":0},"functions":{"total":0,"covered":0,"skipped":0,"pct":0},"statements":{"total":0,"covered":0,"skipped":0,"pct":0},"branches":{"total":0,"covered":0,"skipped":0,"pct":0}}
,"/Users/anderson/learlify-backend/src/api/stripe/stripe.service.js": {"lines":{"total":46,"covered":28,"skipped":0,"pct":60.86},"functions":{"total":6,"covered":4,"skipped":0,"pct":66.66},"statements":{"total":46,"covered":28,"skipped":0,"pct":60.86},"branches":{"total":8,"covered":7,"skipped":0,"pct":87.5}}
,"/Users/anderson/learlify-backend/src/api/stripe/stripe.webhook.js": {"lines":{"total":34,"covered":23,"skipped":0,"pct":67.64},"functions":{"total":1,"covered":1,"skipped":0,"pct":100},"statements":{"total":34,"covered":23,"skipped":0,"pct":67.64},"branches":{"total":8,"covered":4,"skipped":0,"pct":50}}
,"/Users/anderson/learlify-backend/src/api/users/users.controller.js": {"lines":{"total":38,"covered":5,"skipped":0,"pct":13.15},"functions":{"total":6,"covered":1,"skipped":0,"pct":16.66},"statements":{"total":38,"covered":5,"skipped":0,"pct":13.15},"branches":{"total":10,"covered":0,"skipped":0,"pct":0}}
,"/Users/anderson/learlify-backend/src/api/users/users.model.js": {"lines":{"total":7,"covered":0,"skipped":0,"pct":0},"functions":{"total":7,"covered":0,"skipped":0,"pct":0},"statements":{"total":7,"covered":0,"skipped":0,"pct":0},"branches":{"total":0,"covered":0,"skipped":0,"pct":100}}
,"/Users/anderson/learlify-backend/src/api/users/users.pipe.js": {"lines":{"total":7,"covered":7,"skipped":0,"pct":100},"functions":{"total":5,"covered":5,"skipped":0,"pct":100},"statements":{"total":7,"covered":7,"skipped":0,"pct":100},"branches":{"total":0,"covered":0,"skipped":0,"pct":100}}
,"/Users/anderson/learlify-backend/src/api/users/users.routes.js": {"lines":{"total":9,"covered":8,"skipped":0,"pct":88.88},"functions":{"total":2,"covered":2,"skipped":0,"pct":100},"statements":{"total":9,"covered":8,"skipped":0,"pct":88.88},"branches":{"total":2,"covered":1,"skipped":0,"pct":50}}
,"/Users/anderson/learlify-backend/src/api/views/views.model.js": {"lines":{"total":6,"covered":0,"skipped":0,"pct":0},"functions":{"total":6,"covered":0,"skipped":0,"pct":0},"statements":{"total":6,"covered":0,"skipped":0,"pct":0},"branches":{"total":0,"covered":0,"skipped":0,"pct":100}}
,"/Users/anderson/learlify-backend/src/api/youtube/youtube.controller.js": {"lines":{"total":2,"covered":1,"skipped":0,"pct":50},"functions":{"total":2,"covered":1,"skipped":0,"pct":50},"statements":{"total":2,"covered":1,"skipped":0,"pct":50},"branches":{"total":0,"covered":0,"skipped":0,"pct":100}}
,"/Users/anderson/learlify-backend/src/api/youtube/youtube.pipe.js": {"lines":{"total":2,"covered":2,"skipped":0,"pct":100},"functions":{"total":1,"covered":1,"skipped":0,"pct":100},"statements":{"total":2,"covered":2,"skipped":0,"pct":100},"branches":{"total":0,"covered":0,"skipped":0,"pct":100}}
,"/Users/anderson/learlify-backend/src/api/youtube/youtube.routes.js": {"lines":{"total":3,"covered":3,"skipped":0,"pct":100},"functions":{"total":2,"covered":2,"skipped":0,"pct":100},"statements":{"total":3,"covered":3,"skipped":0,"pct":100},"branches":{"total":0,"covered":0,"skipped":0,"pct":100}}
,"/Users/anderson/learlify-backend/src/api/youtube/youtube.service.js": {"lines":{"total":6,"covered":1,"skipped":0,"pct":16.66},"functions":{"total":4,"covered":1,"skipped":0,"pct":25},"statements":{"total":6,"covered":1,"skipped":0,"pct":16.66},"branches":{"total":4,"covered":0,"skipped":0,"pct":0}}
,"/Users/anderson/learlify-backend/src/common/cron.js": {"lines":{"total":11,"covered":10,"skipped":0,"pct":90.9},"functions":{"total":4,"covered":3,"skipped":0,"pct":75},"statements":{"total":11,"covered":10,"skipped":0,"pct":90.9},"branches":{"total":2,"covered":1,"skipped":0,"pct":50}}
,"/Users/anderson/learlify-backend/src/common/cronLock.js": {"lines":{"total":22,"covered":1,"skipped":0,"pct":4.54},"functions":{"total":3,"covered":0,"skipped":0,"pct":0},"statements":{"total":25,"covered":1,"skipped":0,"pct":4},"branches":{"total":10,"covered":0,"skipped":0,"pct":0}}
,"/Users/anderson/learlify-backend/src/common/process.js": {"lines":{"total":1,"covered":1,"skipped":0,"pct":100},"functions":{"total":0,"covered":0,"skipped":0,"pct":100},"statements":{"total":1,"covered":1,"skipped":0,"pct":100},"branches":{"total":0,"covered":0,"skipped":0,"pct":100}}
,"/Users/anderson/learlify-backend/src/common/tasks.js": {"lines":{"total":1,"covered":1,"skipped":0,"pct":100},"functions":{"total":0,"covered":0,"skipped":0,"pct":100},"statements":{"total":1,"covered":1,"skipped":0,"pct":100},"branches":{"total":0,"covered":0,"skipped":0,"pct":100}}
,"/Users/anderson/learlify-backend/src/common/datetime/index.js": {"lines":{"total":27,"covered":27,"skipped":0,"pct":100},"functions":{"total":16,"covered":16,"skipped":0,"pct":100},"statements":{"total":31,"covered":31,"skipped":0,"pct":100},"branches":{"total":22,"covered":15,"skipped":0,"pct":68.18}}
,"/Users/anderson/learlify-backend/src/config/index.js": {"lines":{"total":14,"covered":11,"skipped":0,"pct":78.57},"functions":{"total":0,"covered":0,"skipped":0,"pct":100},"statements":{"total":14,"covered":11,"skipped":0,"pct":78.57},"branches":{"total":26,"covered":15,"skipped":0,"pct":57.69}}
,"/Users/anderson/learlify-backend/src/config/root.js": {"lines":{"total":3,"covered":2,"skipped":0,"pct":66.66},"functions":{"total":2,"covered":1,"skipped":0,"pct":50},"statements":{"total":3,"covered":2,"skipped":0,"pct":66.66},"branches":{"total":0,"covered":0,"skipped":0,"pct":100}}
,"/Users/anderson/learlify-backend/src/core/config.core.js": {"lines":{"total":1,"covered":1,"skipped":0,"pct":100},"functions":{"total":0,"covered":0,"skipped":0,"pct":100},"statements":{"total":1,"covered":1,"skipped":0,"pct":100},"branches":{"total":0,"covered":0,"skipped":0,"pct":100}}
,"/Users/anderson/learlify-backend/src/decorators/index.js": {"lines":{"total":40,"covered":24,"skipped":0,"pct":60},"functions":{"total":18,"covered":13,"skipped":0,"pct":72.22},"statements":{"total":40,"covered":24,"skipped":0,"pct":60},"branches":{"total":6,"covered":2,"skipped":0,"pct":33.33}}
,"/Users/anderson/learlify-backend/src/exceptions/index.js": {"lines":{"total":31,"covered":16,"skipped":0,"pct":51.61},"functions":{"total":10,"covered":5,"skipped":0,"pct":50},"statements":{"total":31,"covered":16,"skipped":0,"pct":51.61},"branches":{"total":21,"covered":5,"skipped":0,"pct":23.8}}
,"/Users/anderson/learlify-backend/src/functions/index.js": {"lines":{"total":32,"covered":1,"skipped":0,"pct":3.12},"functions":{"total":16,"covered":1,"skipped":0,"pct":6.25},"statements":{"total":33,"covered":1,"skipped":0,"pct":3.03},"branches":{"total":20,"covered":2,"skipped":0,"pct":10}}
,"/Users/anderson/learlify-backend/src/gateways/socket.js": {"lines":{"total":51,"covered":12,"skipped":0,"pct":23.52},"functions":{"total":14,"covered":3,"skipped":0,"pct":21.42},"statements":{"total":51,"covered":12,"skipped":0,"pct":23.52},"branches":{"total":16,"covered":2,"skipped":0,"pct":12.5}}
,"/Users/anderson/learlify-backend/src/gateways/events/index.js": {"lines":{"total":15,"covered":15,"skipped":0,"pct":100},"functions":{"total":0,"covered":0,"skipped":0,"pct":100},"statements":{"total":15,"covered":15,"skipped":0,"pct":100},"branches":{"total":0,"covered":0,"skipped":0,"pct":100}}
,"/Users/anderson/learlify-backend/src/gateways/modules/chat.js": {"lines":{"total":17,"covered":3,"skipped":0,"pct":17.64},"functions":{"total":7,"covered":2,"skipped":0,"pct":28.57},"statements":{"total":17,"covered":3,"skipped":0,"pct":17.64},"branches":{"total":0,"covered":0,"skipped":0,"pct":100}}
,"/Users/anderson/learlify-backend/src/gateways/modules/meetings.js": {"lines":{"total":18,"covered":6,"skipped":0,"pct":33.33},"functions":{"total":4,"covered":2,"skipped":0,"pct":50},"statements":{"total":18,"covered":6,"skipped":0,"pct":33.33},"branches":{"total":2,"covered":0,"skipped":0,"pct":0}}
,"/Users/anderson/learlify-backend/src/gateways/rooms/index.js": {"lines":{"total":1,"covered":1,"skipped":0,"pct":100},"functions":{"total":0,"covered":0,"skipped":0,"pct":100},"statements":{"total":1,"covered":1,"skipped":0,"pct":100},"branches":{"total":0,"covered":0,"skipped":0,"pct":100}}
,"/Users/anderson/learlify-backend/src/metadata/categories.js": {"lines":{"total":1,"covered":1,"skipped":0,"pct":100},"functions":{"total":0,"covered":0,"skipped":0,"pct":100},"statements":{"total":1,"covered":1,"skipped":0,"pct":100},"branches":{"total":0,"covered":0,"skipped":0,"pct":100}}
,"/Users/anderson/learlify-backend/src/metadata/demo.js": {"lines":{"total":2,"covered":1,"skipped":0,"pct":50},"functions":{"total":1,"covered":0,"skipped":0,"pct":0},"statements":{"total":2,"covered":1,"skipped":0,"pct":50},"branches":{"total":0,"covered":0,"skipped":0,"pct":100}}
,"/Users/anderson/learlify-backend/src/metadata/models.js": {"lines":{"total":1,"covered":1,"skipped":0,"pct":100},"functions":{"total":0,"covered":0,"skipped":0,"pct":100},"statements":{"total":1,"covered":1,"skipped":0,"pct":100},"branches":{"total":0,"covered":0,"skipped":0,"pct":100}}
,"/Users/anderson/learlify-backend/src/metadata/notifications.js": {"lines":{"total":11,"covered":11,"skipped":0,"pct":100},"functions":{"total":0,"covered":0,"skipped":0,"pct":100},"statements":{"total":11,"covered":11,"skipped":0,"pct":100},"branches":{"total":0,"covered":0,"skipped":0,"pct":100}}
,"/Users/anderson/learlify-backend/src/metadata/owners.js": {"lines":{"total":1,"covered":1,"skipped":0,"pct":100},"functions":{"total":0,"covered":0,"skipped":0,"pct":100},"statements":{"total":1,"covered":1,"skipped":0,"pct":100},"branches":{"total":0,"covered":0,"skipped":0,"pct":100}}
,"/Users/anderson/learlify-backend/src/metadata/plans.js": {"lines":{"total":1,"covered":1,"skipped":0,"pct":100},"functions":{"total":0,"covered":0,"skipped":0,"pct":100},"statements":{"total":1,"covered":1,"skipped":0,"pct":100},"branches":{"total":0,"covered":0,"skipped":0,"pct":100}}
,"/Users/anderson/learlify-backend/src/metadata/roles.js": {"lines":{"total":1,"covered":1,"skipped":0,"pct":100},"functions":{"total":0,"covered":0,"skipped":0,"pct":100},"statements":{"total":1,"covered":1,"skipped":0,"pct":100},"branches":{"total":0,"covered":0,"skipped":0,"pct":100}}
,"/Users/anderson/learlify-backend/src/middlewares/handlers.js": {"lines":{"total":15,"covered":8,"skipped":0,"pct":53.33},"functions":{"total":4,"covered":2,"skipped":0,"pct":50},"statements":{"total":15,"covered":8,"skipped":0,"pct":53.33},"branches":{"total":6,"covered":2,"skipped":0,"pct":33.33}}
,"/Users/anderson/learlify-backend/src/middlewares/index.js": {"lines":{"total":111,"covered":24,"skipped":0,"pct":21.62},"functions":{"total":25,"covered":8,"skipped":0,"pct":32},"statements":{"total":111,"covered":24,"skipped":0,"pct":21.62},"branches":{"total":42,"covered":3,"skipped":0,"pct":7.14}}
,"/Users/anderson/learlify-backend/src/middlewares/metricsCollector.js": {"lines":{"total":13,"covered":13,"skipped":0,"pct":100},"functions":{"total":2,"covered":2,"skipped":0,"pct":100},"statements":{"total":13,"covered":13,"skipped":0,"pct":100},"branches":{"total":2,"covered":1,"skipped":0,"pct":50}}
,"/Users/anderson/learlify-backend/src/middlewares/rateLimit.js": {"lines":{"total":2,"covered":2,"skipped":0,"pct":100},"functions":{"total":0,"covered":0,"skipped":0,"pct":100},"statements":{"total":2,"covered":2,"skipped":0,"pct":100},"branches":{"total":0,"covered":0,"skipped":0,"pct":100}}
,"/Users/anderson/learlify-backend/src/middlewares/requestId.js": {"lines":{"total":4,"covered":4,"skipped":0,"pct":100},"functions":{"total":1,"covered":1,"skipped":0,"pct":100},"statements":{"total":4,"covered":4,"skipped":0,"pct":100},"branches":{"total":2,"covered":2,"skipped":0,"pct":100}}
,"/Users/anderson/learlify-backend/src/middlewares/rootMiddlware.js": {"lines":{"total":3,"covered":3,"skipped":0,"pct":100},"functions":{"total":0,"covered":0,"skipped":0,"pct":100},"statements":{"total":3,"covered":3,"skipped":0,"pct":100},"branches":{"total":0,"covered":0,"skipped":0,"pct":100}}
,"/Users/anderson/learlify-backend/src/modules/index.js": {"lines":{"total":2,"covered":1,"skipped":0,"pct":50},"functions":{"total":2,"covered":1,"skipped":0,"pct":50},"statements":{"total":2,"covered":1,"skipped":0,"pct":50},"branches":{"total":0,"covered":0,"skipped":0,"pct":100}}
,"/Users/anderson/learlify-backend/src/pipe/index.js": {"lines":{"total":4,"covered":2,"skipped":0,"pct":50},"functions":{"total":6,"covered":2,"skipped":0,"pct":33.33},"statements":{"total":6,"covered":2,"skipped":0,"pct":33.33},"branches":{"total":0,"covered":0,"skipped":0,"pct":100}}
,"/Users/anderson/learlify-backend/src/router/index.js": {"lines":{"total":7,"covered":7,"skipped":0,"pct":100},"functions":{"total":3,"covered":3,"skipped":0,"pct":100},"statements":{"total":7,"covered":7,"skipped":0,"pct":100},"branches":{"total":2,"covered":1,"skipped":0,"pct":50}}
,"/Users/anderson/learlify-backend/src/tasks/notifications.task.js": {"lines":{"total":7,"covered":3,"skipped":0,"pct":42.85},"functions":{"total":3,"covered":2,"skipped":0,"pct":66.66},"statements":{"total":7,"covered":3,"skipped":0,"pct":42.85},"branches":{"total":0,"covered":0,"skipped":0,"pct":100}}
,"/Users/anderson/learlify-backend/src/tasks/packages.tasks.js": {"lines":{"total":32,"covered":6,"skipped":0,"pct":18.75},"functions":{"total":5,"covered":3,"skipped":0,"pct":60},"statements":{"total":32,"covered":6,"skipped":0,"pct":18.75},"branches":{"total":0,"covered":0,"skipped":0,"pct":100}}
,"/Users/anderson/learlify-backend/src/tasks/schedule.tasks.js": {"lines":{"total":84,"covered":11,"skipped":0,"pct":13.09},"functions":{"total":17,"covered":5,"skipped":0,"pct":29.41},"statements":{"total":84,"covered":11,"skipped":0,"pct":13.09},"branches":{"total":14,"covered":0,"skipped":0,"pct":0}}
,"/Users/anderson/learlify-backend/src/tasks/users.tasks.js": {"lines":{"total":16,"covered":3,"skipped":0,"pct":18.75},"functions":{"total":5,"covered":2,"skipped":0,"pct":40},"statements":{"total":16,"covered":3,"skipped":0,"pct":18.75},"branches":{"total":0,"covered":0,"skipped":0,"pct":100}}
}
