TN:
SF:src/index.js
FN:79,(anonymous_0)
FN:147,(anonymous_1)
FN:167,(anonymous_2)
FN:172,(anonymous_3)
FN:177,(anonymous_4)
FN:178,(anonymous_5)
FNF:6
FNH:2
FNDA:13,(anonymous_0)
FNDA:1,(anonymous_1)
FNDA:0,(anonymous_2)
FNDA:0,(anonymous_3)
FNDA:0,(anonymous_4)
FNDA:0,(anonymous_5)
DA:48,1
DA:54,1
DA:56,1
DA:58,1
DA:65,1
DA:70,1
DA:72,1
DA:73,1
DA:75,1
DA:76,1
DA:77,1
DA:79,1
DA:80,13
DA:81,0
DA:84,13
DA:90,1
DA:91,1
DA:92,1
DA:99,1
DA:105,1
DA:111,1
DA:125,1
DA:130,1
DA:147,1
DA:148,1
DA:150,1
DA:152,1
DA:158,1
DA:159,0
DA:160,1
DA:161,0
DA:163,1
DA:167,1
DA:168,0
DA:169,0
DA:172,1
DA:173,0
DA:174,0
DA:177,1
DA:178,0
DA:179,0
DA:180,0
LF:42
LH:32
BRDA:65,0,0,0
BRDA:65,0,1,1
BRDA:80,1,0,0
BRDA:80,1,1,13
BRDA:158,2,0,0
BRDA:158,2,1,1
BRDA:160,3,0,0
BRDA:160,3,1,1
BRF:8
BRH:4
end_of_record
TN:
SF:src/api/routes.js
FNF:0
FNH:0
DA:30,1
DA:61,1
LF:2
LH:2
BRF:0
BRH:0
end_of_record
TN:
SF:src/api/access/access.controller.js
FN:9,(anonymous_0)
FN:16,(anonymous_1)
FN:28,(anonymous_2)
FN:39,(anonymous_3)
FN:56,(anonymous_4)
FNF:5
FNH:1
FNDA:1,(anonymous_0)
FNDA:0,(anonymous_1)
FNDA:0,(anonymous_2)
FNDA:0,(anonymous_3)
FNDA:0,(anonymous_4)
DA:10,1
DA:11,1
DA:12,1
DA:13,1
DA:18,0
DA:19,0
DA:21,0
DA:30,0
DA:32,0
DA:41,0
DA:43,0
DA:44,0
DA:50,0
DA:53,0
DA:58,0
DA:59,0
DA:61,0
LF:17
LH:4
BRDA:43,0,0,0
BRDA:43,0,1,0
BRF:2
BRH:0
end_of_record
TN:
SF:src/api/access/access.features.js
FNF:0
FNH:0
DA:1,1
LF:1
LH:1
BRF:0
BRH:0
end_of_record
TN:
SF:src/api/access/access.model.js
FN:5,(anonymous_0)
FN:9,(anonymous_1)
FN:23,(anonymous_2)
FN:25,(anonymous_3)
FNF:4
FNH:0
FNDA:0,(anonymous_0)
FNDA:0,(anonymous_1)
FNDA:0,(anonymous_2)
FNDA:0,(anonymous_3)
DA:6,0
DA:10,0
DA:24,0
DA:26,0
LF:4
LH:0
BRF:0
BRH:0
end_of_record
TN:
SF:src/api/access/access.pipe.js
FN:4,(anonymous_0)
FN:18,(anonymous_1)
FN:22,(anonymous_2)
FN:26,(anonymous_3)
FNF:4
FNH:4
FNDA:1,(anonymous_0)
FNDA:1,(anonymous_1)
FNDA:1,(anonymous_2)
FNDA:1,(anonymous_3)
DA:5,1
DA:19,1
DA:23,1
DA:27,1
DA:31,1
LF:5
LH:5
BRF:0
BRH:0
end_of_record
TN:
SF:src/api/access/access.routes.js
FN:14,(anonymous_0)
FN:19,(anonymous_1)
FNF:2
FNH:2
FNDA:1,(anonymous_0)
FNDA:1,(anonymous_1)
DA:15,1
DA:16,1
DA:20,1
DA:21,0
DA:24,1
DA:35,1
DA:46,1
DA:57,1
DA:68,1
LF:9
LH:8
BRDA:20,0,0,0
BRDA:20,0,1,1
BRF:2
BRH:1
end_of_record
TN:
SF:src/api/access/access.service.js
FN:6,(anonymous_0)
FN:10,(anonymous_1)
FN:15,(anonymous_2)
FN:20,(anonymous_3)
FN:25,(anonymous_4)
FNF:5
FNH:1
FNDA:1,(anonymous_0)
FNDA:0,(anonymous_1)
FNDA:0,(anonymous_2)
FNDA:0,(anonymous_3)
FNDA:0,(anonymous_4)
DA:7,1
DA:12,0
DA:17,0
DA:22,0
DA:27,0
LF:5
LH:1
BRF:0
BRH:0
end_of_record
TN:
SF:src/api/admin/admin.controller.js
FN:13,(anonymous_0)
FN:34,(anonymous_1)
FN:99,(anonymous_2)
FNF:3
FNH:1
FNDA:1,(anonymous_0)
FNDA:0,(anonymous_1)
FNDA:0,(anonymous_2)
DA:14,1
DA:16,1
DA:18,1
DA:20,1
DA:22,1
DA:24,1
DA:26,1
DA:28,1
DA:36,0
DA:38,0
DA:40,0
DA:42,0
DA:43,0
DA:46,0
DA:47,0
DA:51,0
DA:60,0
DA:62,0
DA:82,0
DA:84,0
DA:91,0
DA:104,0
DA:106,0
DA:110,0
DA:111,0
DA:113,0
DA:114,0
DA:118,0
DA:122,0
DA:132,0
LF:30
LH:8
BRDA:42,0,0,0
BRDA:42,0,1,0
BRDA:46,1,0,0
BRDA:46,1,1,0
BRDA:113,2,0,0
BRDA:113,2,1,0
BRF:6
BRH:0
end_of_record
TN:
SF:src/api/admin/admin.pipe.js
FN:5,(anonymous_0)
FN:9,(anonymous_1)
FN:39,(anonymous_2)
FNF:3
FNH:3
FNDA:1,(anonymous_0)
FNDA:1,(anonymous_1)
FNDA:1,(anonymous_2)
DA:6,1
DA:10,1
DA:12,1
DA:40,1
DA:49,1
LF:5
LH:5
BRF:0
BRH:0
end_of_record
TN:
SF:src/api/admin/admin.routes.js
FN:10,(anonymous_0)
FN:16,(anonymous_1)
FNF:2
FNH:2
FNDA:1,(anonymous_0)
FNDA:1,(anonymous_1)
DA:11,1
DA:12,1
DA:13,1
DA:17,1
DA:18,0
DA:21,1
DA:32,1
DA:43,1
LF:8
LH:7
BRDA:17,0,0,0
BRDA:17,0,1,1
BRF:2
BRH:1
end_of_record
TN:
SF:src/api/admin/admin.service.js
FN:17,(anonymous_0)
FN:28,(anonymous_1)
FNF:2
FNH:0
FNDA:0,(anonymous_0)
FNDA:0,(anonymous_1)
DA:18,0
DA:20,0
DA:29,0
DA:33,0
LF:4
LH:0
BRF:0
BRH:0
end_of_record
TN:
SF:src/api/advance/advance.controller.js
FN:10,(anonymous_0)
FN:22,(anonymous_1)
FN:45,(anonymous_2)
FN:83,(anonymous_3)
FN:115,(anonymous_4)
FNF:5
FNH:1
FNDA:1,(anonymous_0)
FNDA:0,(anonymous_1)
FNDA:0,(anonymous_2)
FNDA:0,(anonymous_3)
FNDA:0,(anonymous_4)
DA:11,1
DA:12,1
DA:13,1
DA:14,1
DA:15,1
DA:24,0
DA:26,0
DA:28,0
DA:34,0
DA:47,0
DA:49,0
DA:54,0
DA:62,0
DA:63,0
DA:64,0
DA:71,0
DA:74,0
DA:76,0
DA:85,0
DA:87,0
DA:89,0
DA:94,0
DA:95,0
DA:97,0
DA:98,0
DA:106,0
DA:115,0
DA:116,0
DA:117,0
DA:126,0
DA:131,0
DA:137,0
LF:32
LH:5
BRDA:62,0,0,0
BRDA:62,0,1,0
BRDA:63,1,0,0
BRDA:63,1,1,0
BRDA:94,2,0,0
BRDA:94,2,1,0
BRDA:97,3,0,0
BRDA:97,3,1,0
BRDA:100,4,0,0
BRDA:100,4,1,0
BRDA:100,5,0,0
BRDA:100,5,1,0
BRDA:108,6,0,0
BRDA:108,6,1,0
BRDA:116,7,0,0
BRDA:116,7,1,0
BRF:16
BRH:0
end_of_record
TN:
SF:src/api/advance/advance.model.js
FN:10,(anonymous_0)
FN:14,(anonymous_1)
FN:21,(anonymous_2)
FN:39,(anonymous_3)
FNF:4
FNH:0
FNDA:0,(anonymous_0)
FNDA:0,(anonymous_1)
FNDA:0,(anonymous_2)
FNDA:0,(anonymous_3)
DA:11,0
DA:15,0
DA:22,0
DA:40,0
LF:4
LH:0
BRF:0
BRH:0
end_of_record
TN:
SF:src/api/advance/advance.pipe.js
FN:5,(anonymous_0)
FN:16,(anonymous_1)
FNF:2
FNH:2
FNDA:2,(anonymous_0)
FNDA:1,(anonymous_1)
DA:6,2
DA:17,1
DA:39,1
LF:3
LH:3
BRF:0
BRH:0
end_of_record
TN:
SF:src/api/advance/advance.routes.js
FN:13,(anonymous_0)
FN:21,(anonymous_1)
FNF:2
FNH:2
FNDA:1,(anonymous_0)
FNDA:1,(anonymous_1)
DA:14,1
DA:15,1
DA:22,1
DA:23,0
DA:26,1
DA:32,1
DA:38,1
DA:44,1
LF:8
LH:7
BRDA:22,0,0,0
BRDA:22,0,1,1
BRF:2
BRH:1
end_of_record
TN:
SF:src/api/advance/advance.service.js
FN:14,(anonymous_0)
FN:22,(anonymous_1)
FN:29,(anonymous_2)
FNF:3
FNH:0
FNDA:0,(anonymous_0)
FNDA:0,(anonymous_1)
FNDA:0,(anonymous_2)
DA:15,0
DA:23,0
DA:30,0
LF:3
LH:0
BRF:0
BRH:0
end_of_record
TN:
SF:src/api/authentication/authentication.controller.js
FN:20,(anonymous_0)
FN:34,(anonymous_1)
FN:112,(anonymous_2)
FN:156,(anonymous_3)
FN:283,(anonymous_4)
FN:410,(anonymous_5)
FN:460,(anonymous_6)
FN:541,(anonymous_7)
FN:569,(anonymous_8)
FN:605,(anonymous_9)
FN:632,(anonymous_10)
FNF:11
FNH:9
FNDA:20,(anonymous_0)
FNDA:2,(anonymous_1)
FNDA:3,(anonymous_2)
FNDA:0,(anonymous_3)
FNDA:0,(anonymous_4)
FNDA:3,(anonymous_5)
FNDA:2,(anonymous_6)
FNDA:3,(anonymous_7)
FNDA:2,(anonymous_8)
FNDA:1,(anonymous_9)
FNDA:3,(anonymous_10)
DA:21,20
DA:22,20
DA:23,20
DA:24,20
DA:25,20
DA:26,20
DA:36,2
DA:38,2
DA:42,2
DA:43,1
DA:44,1
DA:47,1
DA:49,1
DA:60,1
DA:64,1
DA:73,1
DA:99,1
DA:114,3
DA:116,3
DA:121,3
DA:122,2
DA:127,2
DA:128,1
DA:134,1
DA:139,1
DA:149,2
DA:158,0
DA:160,0
DA:165,0
DA:166,0
DA:171,0
DA:179,0
DA:188,0
DA:192,0
DA:193,0
DA:200,0
DA:202,0
DA:210,0
DA:223,0
DA:230,0
DA:232,0
DA:245,0
DA:265,0
DA:270,0
DA:285,0
DA:287,0
DA:292,0
DA:293,0
DA:298,0
DA:306,0
DA:315,0
DA:319,0
DA:320,0
DA:327,0
DA:329,0
DA:337,0
DA:350,0
DA:357,0
DA:359,0
DA:372,0
DA:392,0
DA:397,0
DA:412,3
DA:418,3
DA:420,2
DA:425,2
DA:426,0
DA:431,2
DA:435,2
DA:436,1
DA:441,1
DA:453,1
DA:462,2
DA:467,2
DA:471,2
DA:472,1
DA:481,1
DA:490,1
DA:517,1
DA:529,1
DA:531,1
DA:543,3
DA:548,2
DA:549,0
DA:551,0
DA:554,2
DA:556,2
DA:557,1
DA:566,1
DA:571,2
DA:573,2
DA:575,1
DA:576,0
DA:581,1
DA:585,1
DA:586,1
DA:591,1
DA:607,1
DA:612,1
DA:618,1
DA:623,1
DA:634,3
DA:635,3
DA:637,3
DA:638,1
DA:641,3
LF:106
LH:66
BRDA:42,0,0,1
BRDA:42,0,1,1
BRDA:121,1,0,2
BRDA:121,1,1,1
BRDA:127,2,0,1
BRDA:127,2,1,1
BRDA:165,3,0,0
BRDA:165,3,1,0
BRDA:192,4,0,0
BRDA:192,4,1,0
BRDA:235,5,0,0
BRDA:235,5,1,0
BRDA:292,6,0,0
BRDA:292,6,1,0
BRDA:319,7,0,0
BRDA:319,7,1,0
BRDA:362,8,0,0
BRDA:362,8,1,0
BRDA:425,9,0,0
BRDA:425,9,1,2
BRDA:435,10,0,1
BRDA:435,10,1,1
BRDA:471,11,0,1
BRDA:471,11,1,1
BRDA:548,12,0,0
BRDA:548,12,1,2
BRDA:556,13,0,1
BRDA:556,13,1,1
BRDA:575,14,0,0
BRDA:575,14,1,1
BRDA:585,15,0,1
BRDA:585,15,1,0
BRDA:634,16,0,3
BRDA:634,16,1,1
BRDA:635,17,0,1
BRDA:635,17,1,2
BRDA:637,18,0,1
BRDA:637,18,1,2
BRF:38
BRH:22
end_of_record
TN:
SF:src/api/authentication/authentication.pipe.js
FN:8,(anonymous_0)
FN:15,(anonymous_1)
FN:48,(anonymous_2)
FN:71,(anonymous_3)
FN:107,(anonymous_4)
FN:138,(anonymous_5)
FN:154,(anonymous_6)
FN:164,(anonymous_7)
FN:175,(anonymous_8)
FNF:9
FNH:9
FNDA:1,(anonymous_0)
FNDA:1,(anonymous_1)
FNDA:1,(anonymous_2)
FNDA:1,(anonymous_3)
FNDA:1,(anonymous_4)
FNDA:1,(anonymous_5)
FNDA:1,(anonymous_6)
FNDA:1,(anonymous_7)
FNDA:1,(anonymous_8)
DA:9,1
DA:16,1
DA:18,1
DA:49,1
DA:51,1
DA:72,1
DA:74,1
DA:108,1
DA:110,1
DA:139,1
DA:155,1
DA:165,1
DA:176,1
DA:178,1
DA:193,1
LF:15
LH:15
BRF:0
BRH:0
end_of_record
TN:
SF:src/api/authentication/authentication.routes.js
FN:10,(anonymous_0)
FN:16,(anonymous_1)
FNF:2
FNH:2
FNDA:1,(anonymous_0)
FNDA:1,(anonymous_1)
DA:11,1
DA:12,1
DA:13,1
DA:17,1
DA:18,0
DA:21,1
DA:27,1
DA:33,1
DA:39,1
DA:45,1
DA:51,1
DA:57,1
DA:68,1
DA:74,1
DA:76,1
DA:82,1
LF:16
LH:15
BRDA:17,0,0,0
BRDA:17,0,1,1
BRF:2
BRH:1
end_of_record
TN:
SF:src/api/authentication/authentication.service.js
FN:9,(anonymous_0)
FN:21,(anonymous_1)
FN:29,(anonymous_2)
FN:32,(anonymous_3)
FN:50,(anonymous_4)
FN:82,(anonymous_5)
FN:98,(anonymous_6)
FNF:7
FNH:7
FNDA:33,(anonymous_0)
FNDA:4,(anonymous_1)
FNDA:8,(anonymous_2)
FNDA:8,(anonymous_3)
FNDA:10,(anonymous_4)
FNDA:2,(anonymous_5)
FNDA:6,(anonymous_6)
DA:10,33
DA:11,33
DA:12,33
DA:13,33
DA:22,4
DA:30,8
DA:32,8
DA:33,8
DA:34,3
DA:36,0
DA:41,5
DA:57,10
DA:59,10
DA:60,7
DA:61,7
DA:62,7
DA:63,7
DA:65,7
DA:70,3
DA:71,2
DA:74,1
DA:83,2
DA:88,2
DA:99,6
DA:101,6
LF:25
LH:24
BRDA:33,0,0,3
BRDA:33,0,1,5
BRDA:52,1,0,0
BRDA:59,2,0,7
BRDA:59,2,1,3
BRDA:70,3,0,2
BRDA:70,3,1,1
BRDA:90,4,0,1
BRDA:90,4,1,1
BRF:9
BRH:8
end_of_record
TN:
SF:src/api/aws/aws.controller.js
FN:9,(anonymous_0)
FN:21,(anonymous_1)
FN:41,(anonymous_2)
FNF:3
FNH:1
FNDA:1,(anonymous_0)
FNDA:0,(anonymous_1)
FNDA:0,(anonymous_2)
DA:10,1
DA:11,1
DA:12,1
DA:13,1
DA:14,1
DA:23,0
DA:25,0
DA:30,0
DA:43,0
DA:45,0
DA:47,0
DA:52,0
DA:54,0
DA:55,0
DA:56,0
DA:57,0
DA:60,0
DA:68,0
LF:18
LH:5
BRDA:26,0,0,0
BRDA:26,0,1,0
BRDA:54,1,0,0
BRDA:54,1,1,0
BRDA:54,2,0,0
BRDA:54,2,1,0
BRF:6
BRH:0
end_of_record
TN:
SF:src/api/aws/aws.pipe.js
FN:4,(anonymous_0)
FN:24,(anonymous_1)
FNF:2
FNH:2
FNDA:1,(anonymous_0)
FNDA:1,(anonymous_1)
DA:5,1
DA:25,1
DA:39,1
LF:3
LH:3
BRF:0
BRH:0
end_of_record
TN:
SF:src/api/aws/aws.routes.js
FN:11,(anonymous_0)
FN:25,(anonymous_1)
FNF:2
FNH:2
FNDA:1,(anonymous_0)
FNDA:1,(anonymous_1)
DA:12,1
DA:13,1
DA:19,1
DA:20,1
DA:21,1
DA:22,1
DA:26,1
DA:28,1
DA:29,0
DA:32,1
DA:38,1
DA:49,1
LF:12
LH:11
BRDA:15,0,0,0
BRDA:15,0,1,1
BRDA:28,1,0,0
BRDA:28,1,1,1
BRF:4
BRH:2
end_of_record
TN:
SF:src/api/aws/aws.service.js
FN:14,(anonymous_0)
FN:23,(anonymous_1)
FN:35,(anonymous_2)
FN:39,(anonymous_3)
FN:45,(anonymous_4)
FN:48,(anonymous_5)
FN:57,(anonymous_6)
FN:62,(anonymous_7)
FN:68,(anonymous_8)
FN:72,(anonymous_9)
FN:76,(anonymous_10)
FN:80,(anonymous_11)
FNF:12
FNH:7
FNDA:3,(anonymous_0)
FNDA:6,(anonymous_1)
FNDA:0,(anonymous_2)
FNDA:0,(anonymous_3)
FNDA:0,(anonymous_4)
FNDA:0,(anonymous_5)
FNDA:3,(anonymous_6)
FNDA:2,(anonymous_7)
FNDA:1,(anonymous_8)
FNDA:1,(anonymous_9)
FNDA:1,(anonymous_10)
FNDA:0,(anonymous_11)
DA:14,1
DA:15,3
DA:16,3
DA:17,4
DA:19,3
DA:24,6
DA:25,6
DA:26,6
DA:36,0
DA:37,0
DA:40,0
DA:46,0
DA:49,0
DA:54,0
DA:58,3
DA:59,3
DA:63,2
DA:64,2
DA:65,2
DA:69,1
DA:73,1
DA:77,1
DA:81,0
LF:23
LH:16
BRDA:17,0,0,4
BRDA:17,0,1,0
BRDA:65,1,0,1
BRDA:65,1,1,1
BRF:4
BRH:3
end_of_record
TN:
SF:src/api/categories/categories.controller.js
FN:6,(anonymous_0)
FN:15,(anonymous_1)
FNF:2
FNH:1
FNDA:1,(anonymous_0)
FNDA:0,(anonymous_1)
DA:7,1
DA:17,0
DA:19,0
LF:3
LH:1
BRF:0
BRH:0
end_of_record
TN:
SF:src/api/categories/categories.model.js
FN:7,(anonymous_0)
FN:11,(anonymous_1)
FN:15,(anonymous_2)
FN:28,(anonymous_3)
FN:50,(anonymous_4)
FN:52,(anonymous_5)
FNF:6
FNH:0
FNDA:0,(anonymous_0)
FNDA:0,(anonymous_1)
FNDA:0,(anonymous_2)
FNDA:0,(anonymous_3)
FNDA:0,(anonymous_4)
FNDA:0,(anonymous_5)
DA:8,0
DA:12,0
DA:16,0
DA:29,0
DA:51,0
DA:53,0
LF:6
LH:0
BRF:0
BRH:0
end_of_record
TN:
SF:src/api/categories/categories.routes.js
FN:10,(anonymous_0)
FN:14,(anonymous_1)
FNF:2
FNH:2
FNDA:1,(anonymous_0)
FNDA:1,(anonymous_1)
DA:11,1
DA:15,1
DA:21,1
LF:3
LH:3
BRF:0
BRH:0
end_of_record
TN:
SF:src/api/categories/categories.service.js
FN:7,(anonymous_0)
FN:15,(anonymous_1)
FNF:2
FNH:0
FNDA:0,(anonymous_0)
FNDA:0,(anonymous_1)
DA:8,0
DA:16,0
DA:17,0
DA:19,0
LF:4
LH:0
BRDA:16,0,0,0
BRDA:16,0,1,0
BRF:2
BRH:0
end_of_record
TN:
SF:src/api/classes/classes.controller.js
FN:21,(anonymous_0)
FN:41,(anonymous_1)
FN:50,(anonymous_2)
FN:216,(anonymous_3)
FN:252,(anonymous_4)
FN:276,(anonymous_5)
FN:300,(anonymous_6)
FN:317,(anonymous_7)
FNF:8
FNH:1
FNDA:1,(anonymous_0)
FNDA:0,(anonymous_1)
FNDA:0,(anonymous_2)
FNDA:0,(anonymous_3)
FNDA:0,(anonymous_4)
FNDA:0,(anonymous_5)
FNDA:0,(anonymous_6)
FNDA:0,(anonymous_7)
DA:22,1
DA:29,1
DA:30,1
DA:31,1
DA:32,1
DA:33,1
DA:34,1
DA:42,0
DA:52,0
DA:54,0
DA:56,0
DA:60,0
DA:64,0
DA:65,0
DA:68,0
DA:69,0
DA:71,0
DA:72,0
DA:75,0
DA:79,0
DA:80,0
DA:89,0
DA:91,0
DA:92,0
DA:95,0
DA:106,0
DA:133,0
DA:166,0
DA:199,0
DA:205,0
DA:208,0
DA:218,0
DA:220,0
DA:222,0
DA:223,0
DA:228,0
DA:230,0
DA:241,0
DA:243,0
DA:244,0
DA:246,0
DA:252,0
DA:253,0
DA:262,0
DA:264,0
DA:271,0
DA:276,0
DA:277,0
DA:286,0
DA:288,0
DA:302,0
DA:304,0
DA:308,0
DA:309,0
DA:310,0
DA:316,0
DA:317,0
DA:320,0
DA:327,0
DA:334,0
DA:336,0
DA:338,0
DA:339,0
DA:340,0
DA:347,0
DA:352,0
DA:355,0
LF:67
LH:7
BRDA:64,0,0,0
BRDA:64,0,1,0
BRDA:68,1,0,0
BRDA:68,1,1,0
BRDA:71,2,0,0
BRDA:71,2,1,0
BRDA:79,3,0,0
BRDA:79,3,1,0
BRDA:91,4,0,0
BRDA:91,4,1,0
BRDA:222,5,0,0
BRDA:222,5,1,0
BRDA:243,6,0,0
BRDA:243,6,1,0
BRDA:308,7,0,0
BRDA:308,7,1,0
BRDA:309,8,0,0
BRDA:309,8,1,0
BRDA:338,9,0,0
BRDA:338,9,1,0
BRDA:339,10,0,0
BRDA:339,10,1,0
BRDA:339,11,0,0
BRDA:339,11,1,0
BRF:24
BRH:0
end_of_record
TN:
SF:src/api/classes/classes.model.js
FN:6,(anonymous_0)
FN:10,(anonymous_1)
FN:17,(anonymous_2)
FN:31,(anonymous_3)
FN:56,(anonymous_4)
FN:58,(anonymous_5)
FN:62,(anonymous_6)
FN:66,(anonymous_7)
FNF:8
FNH:0
FNDA:0,(anonymous_0)
FNDA:0,(anonymous_1)
FNDA:0,(anonymous_2)
FNDA:0,(anonymous_3)
FNDA:0,(anonymous_4)
FNDA:0,(anonymous_5)
FNDA:0,(anonymous_6)
FNDA:0,(anonymous_7)
DA:7,0
DA:11,0
DA:18,0
DA:32,0
DA:57,0
DA:59,0
DA:63,0
DA:67,0
LF:8
LH:0
BRF:0
BRH:0
end_of_record
TN:
SF:src/api/classes/classes.pipe.js
FN:4,(anonymous_0)
FN:21,(anonymous_1)
FNF:2
FNH:2
FNDA:1,(anonymous_0)
FNDA:1,(anonymous_1)
DA:5,1
DA:22,1
DA:36,1
LF:3
LH:3
BRF:0
BRH:0
end_of_record
TN:
SF:src/api/classes/classes.routes.js
FN:17,(anonymous_0)
FN:25,(anonymous_1)
FNF:2
FNH:2
FNDA:1,(anonymous_0)
FNDA:1,(anonymous_1)
DA:18,1
DA:19,1
DA:26,1
DA:27,0
DA:35,1
DA:51,1
DA:62,1
DA:68,1
DA:74,1
LF:9
LH:8
BRDA:26,0,0,0
BRDA:26,0,1,1
BRF:2
BRH:1
end_of_record
TN:
SF:src/api/classes/classes.service.js
FN:15,(anonymous_0)
FN:41,(anonymous_1)
FN:42,(anonymous_2)
FN:104,(anonymous_3)
FN:122,(anonymous_4)
FNF:5
FNH:1
FNDA:4,(anonymous_0)
FNDA:0,(anonymous_1)
FNDA:0,(anonymous_2)
FNDA:0,(anonymous_3)
FNDA:0,(anonymous_4)
DA:12,1
DA:16,4
DA:35,4
DA:42,0
DA:43,0
DA:47,0
DA:57,0
DA:70,0
DA:78,0
DA:84,0
DA:91,0
DA:98,0
DA:106,0
DA:108,0
DA:109,0
DA:112,0
DA:124,0
DA:126,0
DA:127,0
DA:133,0
DA:134,0
DA:143,0
LF:22
LH:3
BRDA:108,0,0,0
BRDA:108,0,1,0
BRDA:126,1,0,0
BRDA:126,1,1,0
BRDA:133,2,0,0
BRDA:133,2,1,0
BRDA:143,3,0,0
BRDA:143,3,1,0
BRF:8
BRH:0
end_of_record
TN:
SF:src/api/cloudstorage/cloudstorage.model.js
FN:9,(anonymous_0)
FN:13,(anonymous_1)
FN:17,(anonymous_2)
FN:32,(anonymous_3)
FNF:4
FNH:0
FNDA:0,(anonymous_0)
FNDA:0,(anonymous_1)
FNDA:0,(anonymous_2)
FNDA:0,(anonymous_3)
DA:10,0
DA:14,0
DA:18,0
DA:33,0
LF:4
LH:0
BRF:0
BRH:0
end_of_record
TN:
SF:src/api/cloudstorage/cloudstorage.service.js
FN:7,(anonymous_0)
FN:15,(anonymous_1)
FN:19,(anonymous_2)
FNF:3
FNH:1
FNDA:3,(anonymous_0)
FNDA:0,(anonymous_1)
FNDA:0,(anonymous_2)
DA:8,3
DA:16,0
DA:21,0
LF:3
LH:1
BRF:0
BRH:0
end_of_record
TN:
SF:src/api/config/config.service.js
FN:5,(anonymous_0)
FN:24,(anonymous_1)
FN:31,(anonymous_2)
FNF:3
FNH:1
FNDA:71,(anonymous_0)
FNDA:0,(anonymous_1)
FNDA:0,(anonymous_2)
DA:6,71
DA:7,71
DA:13,71
DA:25,0
DA:32,0
LF:5
LH:3
BRF:0
BRH:0
end_of_record
TN:
SF:src/api/courses/courses.controller.js
FN:19,(anonymous_0)
FN:41,(anonymous_1)
FN:85,(anonymous_2)
FN:107,(anonymous_3)
FNF:4
FNH:1
FNDA:1,(anonymous_0)
FNDA:0,(anonymous_1)
FNDA:0,(anonymous_2)
FNDA:0,(anonymous_3)
DA:20,1
DA:22,1
DA:24,1
DA:26,1
DA:28,1
DA:30,1
DA:32,1
DA:34,1
DA:43,0
DA:45,0
DA:47,0
DA:51,0
DA:52,0
DA:54,0
DA:62,0
DA:69,0
DA:71,0
DA:77,0
DA:84,0
DA:85,0
DA:87,0
DA:97,0
DA:100,0
DA:109,0
DA:111,0
DA:113,0
DA:115,0
DA:116,0
DA:121,0
DA:126,0
DA:127,0
DA:130,0
DA:136,0
DA:138,0
DA:139,0
DA:142,0
LF:36
LH:8
BRDA:51,0,0,0
BRDA:51,0,1,0
BRDA:69,1,0,0
BRDA:69,1,1,0
BRDA:69,2,0,0
BRDA:69,2,1,0
BRDA:84,3,0,0
BRDA:84,3,1,0
BRDA:84,4,0,0
BRDA:84,4,1,0
BRDA:115,5,0,0
BRDA:115,5,1,0
BRDA:126,6,0,0
BRDA:126,6,1,0
BRDA:138,7,0,0
BRDA:138,7,1,0
BRF:16
BRH:0
end_of_record
TN:
SF:src/api/courses/courses.model.js
FN:11,(anonymous_0)
FN:18,(anonymous_1)
FN:25,(anonymous_2)
FN:37,(anonymous_3)
FN:69,(anonymous_4)
FN:71,(anonymous_5)
FNF:6
FNH:0
FNDA:0,(anonymous_0)
FNDA:0,(anonymous_1)
FNDA:0,(anonymous_2)
FNDA:0,(anonymous_3)
FNDA:0,(anonymous_4)
FNDA:0,(anonymous_5)
DA:12,0
DA:19,0
DA:26,0
DA:38,0
DA:70,0
DA:72,0
LF:6
LH:0
BRF:0
BRH:0
end_of_record
TN:
SF:src/api/courses/courses.pipe.js
FN:4,(anonymous_0)
FN:20,(anonymous_1)
FNF:2
FNH:2
FNDA:1,(anonymous_0)
FNDA:1,(anonymous_1)
DA:5,1
DA:21,1
DA:35,1
LF:3
LH:3
BRF:0
BRH:0
end_of_record
TN:
SF:src/api/courses/courses.routes.js
FN:13,(anonymous_0)
FN:18,(anonymous_1)
FNF:2
FNH:2
FNDA:1,(anonymous_0)
FNDA:1,(anonymous_1)
DA:14,1
DA:15,1
DA:19,1
DA:20,0
DA:28,1
DA:39,1
DA:45,1
LF:7
LH:6
BRDA:19,0,0,0
BRDA:19,0,1,1
BRF:2
BRH:1
end_of_record
TN:
SF:src/api/courses/courses.service.js
FN:10,(anonymous_0)
FN:29,(anonymous_1)
FNF:2
FNH:0
FNDA:0,(anonymous_0)
FNDA:0,(anonymous_1)
DA:11,0
DA:15,0
DA:16,0
DA:20,0
DA:22,0
DA:23,0
DA:26,0
DA:31,0
DA:32,0
DA:35,0
LF:10
LH:0
BRDA:31,0,0,0
BRDA:31,0,1,0
BRF:2
BRH:0
end_of_record
TN:
SF:src/api/evaluations/evaluations.controller.js
FN:29,(anonymous_0)
FN:60,(anonymous_1)
FN:109,(anonymous_2)
FN:110,(anonymous_3)
FN:119,(anonymous_4)
FN:120,(anonymous_5)
FN:139,(anonymous_6)
FN:149,(anonymous_7)
FN:198,(anonymous_8)
FN:302,(anonymous_9)
FN:371,(anonymous_10)
FN:397,(anonymous_11)
FN:484,(anonymous_12)
FNF:13
FNH:1
FNDA:1,(anonymous_0)
FNDA:0,(anonymous_1)
FNDA:0,(anonymous_2)
FNDA:0,(anonymous_3)
FNDA:0,(anonymous_4)
FNDA:0,(anonymous_5)
FNDA:0,(anonymous_6)
FNDA:0,(anonymous_7)
FNDA:0,(anonymous_8)
FNDA:0,(anonymous_9)
FNDA:0,(anonymous_10)
FNDA:0,(anonymous_11)
FNDA:0,(anonymous_12)
DA:30,1
DA:32,1
DA:34,1
DA:36,1
DA:38,1
DA:40,1
DA:42,1
DA:44,1
DA:46,1
DA:48,1
DA:50,1
DA:62,0
DA:64,0
DA:72,0
DA:73,0
DA:84,0
DA:85,0
DA:87,0
DA:88,0
DA:89,0
DA:93,0
DA:97,0
DA:102,0
DA:104,0
DA:109,0
DA:110,0
DA:114,0
DA:119,0
DA:120,0
DA:128,0
DA:131,0
DA:134,0
DA:139,0
DA:140,0
DA:144,0
DA:149,0
DA:161,0
DA:165,0
DA:168,0
DA:169,0
DA:172,0
DA:182,0
DA:183,0
DA:190,0
DA:200,0
DA:202,0
DA:204,0
DA:205,0
DA:208,0
DA:209,0
DA:211,0
DA:212,0
DA:215,0
DA:222,0
DA:228,0
DA:235,0
DA:236,0
DA:237,0
DA:243,0
DA:249,0
DA:256,0
DA:261,0
DA:267,0
DA:274,0
DA:278,0
DA:283,0
DA:285,0
DA:291,0
DA:304,0
DA:310,0
DA:319,0
DA:342,0
DA:347,0
DA:350,0
DA:353,0
DA:355,0
DA:373,0
DA:375,0
DA:377,0
DA:384,0
DA:385,0
DA:389,0
DA:390,0
DA:396,0
DA:397,0
DA:400,0
DA:401,0
DA:404,0
DA:409,0
DA:418,0
DA:426,0
DA:428,0
DA:434,0
DA:445,0
DA:446,0
DA:449,0
DA:456,0
DA:463,0
DA:469,0
DA:470,0
DA:477,0
DA:486,0
DA:488,0
DA:492,0
DA:493,0
DA:498,0
DA:504,0
LF:107
LH:11
BRDA:72,0,0,0
BRDA:72,0,1,0
BRDA:84,1,0,0
BRDA:84,1,1,0
BRDA:102,2,0,0
BRDA:102,2,1,0
BRDA:102,2,2,0
BRDA:104,3,0,0
BRDA:104,3,1,0
BRDA:114,4,0,0
BRDA:114,4,1,0
BRDA:134,5,0,0
BRDA:134,5,1,0
BRDA:144,6,0,0
BRDA:144,6,1,0
BRDA:182,7,0,0
BRDA:182,7,1,0
BRDA:204,8,0,0
BRDA:204,8,1,0
BRDA:208,9,0,0
BRDA:208,9,1,0
BRDA:211,10,0,0
BRDA:211,10,1,0
BRDA:235,11,0,0
BRDA:235,11,1,0
BRDA:236,12,0,0
BRDA:236,12,1,0
BRDA:278,13,0,0
BRDA:278,13,1,0
BRDA:350,14,0,0
BRDA:350,14,1,0
BRDA:353,15,0,0
BRDA:353,15,1,0
BRDA:384,16,0,0
BRDA:384,16,1,0
BRDA:384,17,0,0
BRDA:384,17,1,0
BRDA:389,18,0,0
BRDA:389,18,1,0
BRDA:397,19,0,0
BRDA:397,19,1,0
BRDA:400,20,0,0
BRDA:400,20,1,0
BRDA:404,21,0,0
BRDA:404,21,1,0
BRDA:445,22,0,0
BRDA:445,22,1,0
BRDA:466,23,0,0
BRDA:466,23,1,0
BRDA:469,24,0,0
BRDA:469,24,1,0
BRDA:492,25,0,0
BRDA:492,25,1,0
BRDA:492,26,0,0
BRDA:492,26,1,0
BRF:55
BRH:0
end_of_record
TN:
SF:src/api/evaluations/evaluations.model.js
FN:13,(anonymous_0)
FN:17,(anonymous_1)
FN:21,(anonymous_2)
FN:59,(anonymous_3)
FNF:4
FNH:0
FNDA:0,(anonymous_0)
FNDA:0,(anonymous_1)
FNDA:0,(anonymous_2)
FNDA:0,(anonymous_3)
DA:14,0
DA:18,0
DA:22,0
DA:60,0
LF:4
LH:0
BRF:0
BRH:0
end_of_record
TN:
SF:src/api/evaluations/evaluations.pipe.js
FN:4,(anonymous_0)
FN:15,(anonymous_1)
FN:42,(anonymous_2)
FN:59,(anonymous_3)
FNF:4
FNH:3
FNDA:2,(anonymous_0)
FNDA:1,(anonymous_1)
FNDA:0,(anonymous_2)
FNDA:1,(anonymous_3)
DA:5,2
DA:16,1
DA:43,0
DA:60,1
DA:85,1
LF:5
LH:4
BRF:0
BRH:0
end_of_record
TN:
SF:src/api/evaluations/evaluations.routes.js
FN:14,(anonymous_0)
FN:19,(anonymous_1)
FNF:2
FNH:2
FNDA:1,(anonymous_0)
FNDA:1,(anonymous_1)
DA:15,1
DA:16,1
DA:20,1
DA:21,0
DA:24,1
DA:39,1
DA:50,1
DA:61,1
DA:71,1
LF:9
LH:8
BRDA:20,0,0,0
BRDA:20,0,1,1
BRF:2
BRH:1
end_of_record
TN:
SF:src/api/evaluations/evaluations.services.js
FN:28,(anonymous_0)
FN:82,(anonymous_1)
FN:135,(anonymous_2)
FN:143,(anonymous_3)
FN:171,(anonymous_4)
FN:186,(anonymous_5)
FN:195,(anonymous_6)
FN:201,(anonymous_7)
FNF:8
FNH:1
FNDA:3,(anonymous_0)
FNDA:0,(anonymous_1)
FNDA:0,(anonymous_2)
FNDA:0,(anonymous_3)
FNDA:0,(anonymous_4)
FNDA:0,(anonymous_5)
FNDA:0,(anonymous_6)
FNDA:0,(anonymous_7)
DA:24,1
DA:25,1
DA:29,3
DA:34,3
DA:73,3
DA:74,3
DA:75,3
DA:84,0
DA:87,0
DA:88,0
DA:100,0
DA:101,0
DA:106,0
DA:107,0
DA:121,0
DA:136,0
DA:145,0
DA:147,0
DA:148,0
DA:157,0
DA:160,0
DA:164,0
DA:173,0
DA:175,0
DA:188,0
DA:190,0
DA:197,0
DA:199,0
DA:201,0
DA:202,0
DA:203,0
DA:214,0
DA:215,0
DA:219,0
DA:222,0
DA:229,0
DA:236,0
DA:238,0
DA:240,0
DA:242,0
DA:244,0
DA:251,0
LF:42
LH:7
BRDA:87,0,0,0
BRDA:87,0,1,0
BRDA:95,1,0,0
BRDA:95,1,1,0
BRDA:100,2,0,0
BRDA:100,2,1,0
BRDA:100,3,0,0
BRDA:100,3,1,0
BRDA:106,4,0,0
BRDA:106,4,1,0
BRDA:107,5,0,0
BRDA:107,5,1,0
BRDA:135,6,0,0
BRDA:147,7,0,0
BRDA:147,7,1,0
BRDA:214,8,0,0
BRDA:214,8,1,0
BRF:17
BRH:0
end_of_record
TN:
SF:src/api/evaluations/evaluations.status.js
FN:5,(anonymous_0)
FNF:1
FNH:0
FNDA:0,(anonymous_0)
DA:1,1
DA:6,0
DA:10,1
LF:3
LH:2
BRF:0
BRH:0
end_of_record
TN:
SF:src/api/exams/exams.controller.js
FN:10,(anonymous_0)
FN:21,(anonymous_1)
FN:34,(anonymous_2)
FN:35,(anonymous_3)
FN:45,(anonymous_4)
FN:74,(anonymous_5)
FN:101,(anonymous_6)
FN:102,(anonymous_7)
FNF:8
FNH:1
FNDA:1,(anonymous_0)
FNDA:0,(anonymous_1)
FNDA:0,(anonymous_2)
FNDA:0,(anonymous_3)
FNDA:0,(anonymous_4)
FNDA:0,(anonymous_5)
FNDA:0,(anonymous_6)
FNDA:0,(anonymous_7)
DA:11,1
DA:12,1
DA:13,1
DA:14,1
DA:23,0
DA:25,0
DA:27,0
DA:28,0
DA:34,0
DA:35,0
DA:38,0
DA:44,0
DA:45,0
DA:46,0
DA:47,0
DA:51,0
DA:55,0
DA:61,0
DA:67,0
DA:76,0
DA:78,0
DA:80,0
DA:84,0
DA:89,0
DA:90,0
DA:91,0
DA:101,0
DA:102,0
DA:105,0
DA:106,0
DA:113,0
DA:118,0
DA:125,0
LF:33
LH:4
BRDA:27,0,0,0
BRDA:27,0,1,0
BRDA:44,1,0,0
BRDA:44,1,1,0
BRDA:46,2,0,0
BRDA:46,2,1,0
BRDA:89,3,0,0
BRDA:89,3,1,0
BRDA:90,4,0,0
BRDA:90,4,1,0
BRDA:105,5,0,0
BRDA:105,5,1,0
BRDA:105,6,0,0
BRDA:105,6,1,0
BRF:14
BRH:0
end_of_record
TN:
SF:src/api/exams/exams.model.js
FN:8,(anonymous_0)
FN:12,(anonymous_1)
FN:16,(anonymous_2)
FN:28,(anonymous_3)
FN:71,(anonymous_4)
FN:73,(anonymous_5)
FN:77,(anonymous_6)
FN:81,(anonymous_7)
FN:85,(anonymous_8)
FNF:9
FNH:0
FNDA:0,(anonymous_0)
FNDA:0,(anonymous_1)
FNDA:0,(anonymous_2)
FNDA:0,(anonymous_3)
FNDA:0,(anonymous_4)
FNDA:0,(anonymous_5)
FNDA:0,(anonymous_6)
FNDA:0,(anonymous_7)
FNDA:0,(anonymous_8)
DA:9,0
DA:13,0
DA:17,0
DA:29,0
DA:72,0
DA:74,0
DA:78,0
DA:82,0
DA:86,0
LF:9
LH:0
BRF:0
BRH:0
end_of_record
TN:
SF:src/api/exams/exams.pipe.js
FN:5,(anonymous_0)
FN:15,(anonymous_1)
FNF:2
FNH:2
FNDA:1,(anonymous_0)
FNDA:1,(anonymous_1)
DA:6,1
DA:16,1
DA:25,1
LF:3
LH:3
BRF:0
BRH:0
end_of_record
TN:
SF:src/api/exams/exams.routes.js
FN:14,(anonymous_0)
FN:19,(anonymous_1)
FNF:2
FNH:2
FNDA:1,(anonymous_0)
FNDA:1,(anonymous_1)
DA:15,1
DA:16,1
DA:20,1
DA:21,0
DA:24,1
DA:30,1
DA:36,1
LF:7
LH:6
BRDA:20,0,0,0
BRDA:20,0,1,1
BRF:2
BRH:1
end_of_record
TN:
SF:src/api/exams/exams.service.js
FN:15,(anonymous_0)
FN:40,(anonymous_1)
FN:78,(anonymous_2)
FN:89,(anonymous_3)
FN:100,(anonymous_4)
FN:122,(anonymous_5)
FNF:6
FNH:1
FNDA:4,(anonymous_0)
FNDA:0,(anonymous_1)
FNDA:0,(anonymous_2)
FNDA:0,(anonymous_3)
FNDA:0,(anonymous_4)
FNDA:0,(anonymous_5)
DA:16,4
DA:18,4
DA:24,4
DA:42,0
DA:51,0
DA:56,0
DA:57,0
DA:62,0
DA:68,0
DA:69,0
DA:71,0
DA:80,0
DA:82,0
DA:83,0
DA:89,0
DA:91,0
DA:102,0
DA:104,0
DA:105,0
DA:111,0
DA:116,0
DA:123,0
LF:22
LH:3
BRDA:56,0,0,0
BRDA:56,0,1,0
BRDA:56,1,0,0
BRDA:56,1,1,0
BRDA:82,2,0,0
BRDA:82,2,1,0
BRDA:104,3,0,0
BRDA:104,3,1,0
BRDA:111,4,0,0
BRDA:111,4,1,0
BRF:10
BRH:0
end_of_record
TN:
SF:src/api/feedback/feedback.controller.js
FN:20,(anonymous_0)
FN:36,(anonymous_1)
FN:104,(anonymous_2)
FNF:3
FNH:1
FNDA:1,(anonymous_0)
FNDA:0,(anonymous_1)
FNDA:0,(anonymous_2)
DA:21,1
DA:22,1
DA:23,1
DA:24,1
DA:25,1
DA:26,1
DA:27,1
DA:28,1
DA:29,1
DA:38,0
DA:40,0
DA:46,0
DA:55,0
DA:56,0
DA:58,0
DA:63,0
DA:67,0
DA:71,0
DA:72,0
DA:81,0
DA:83,0
DA:88,0
DA:90,0
DA:93,0
DA:96,0
DA:97,0
DA:98,0
DA:101,0
DA:103,0
DA:104,0
DA:105,0
DA:110,0
DA:117,0
DA:119,0
DA:121,0
DA:135,0
DA:142,0
DA:155,0
DA:157,0
DA:158,0
DA:167,0
DA:168,0
DA:171,0
DA:177,0
DA:179,0
DA:180,0
DA:182,0
DA:183,0
DA:185,0
DA:187,0
DA:190,0
DA:191,0
DA:194,0
DA:198,0
DA:200,0
DA:212,0
DA:215,0
DA:218,0
LF:58
LH:9
BRDA:55,0,0,0
BRDA:55,0,1,0
BRDA:71,1,0,0
BRDA:71,1,1,0
BRDA:71,2,0,0
BRDA:71,2,1,0
BRDA:90,3,0,0
BRDA:90,3,1,0
BRDA:93,4,0,0
BRDA:93,4,1,0
BRDA:96,5,0,0
BRDA:96,5,1,0
BRDA:96,6,0,0
BRDA:96,6,1,0
BRDA:97,7,0,0
BRDA:97,7,1,0
BRDA:103,8,0,0
BRDA:103,8,1,0
BRDA:157,9,0,0
BRDA:157,9,1,0
BRDA:167,10,0,0
BRDA:167,10,1,0
BRDA:179,11,0,0
BRDA:179,11,1,0
BRDA:180,12,0,0
BRDA:180,12,1,0
BRDA:180,12,2,0
BRDA:182,13,0,0
BRDA:182,13,1,0
BRF:29
BRH:0
end_of_record
TN:
SF:src/api/feedback/feedback.pipe.js
FN:4,(anonymous_0)
FNF:1
FNH:1
FNDA:1,(anonymous_0)
DA:5,1
DA:31,1
LF:2
LH:2
BRF:0
BRH:0
end_of_record
TN:
SF:src/api/feedback/feedback.routes.js
FN:11,(anonymous_0)
FN:15,(anonymous_1)
FNF:2
FNH:2
FNDA:1,(anonymous_0)
FNDA:1,(anonymous_1)
DA:12,1
DA:16,1
DA:23,1
LF:3
LH:3
BRF:0
BRH:0
end_of_record
TN:
SF:src/api/gifts/gifts.controller.js
FN:12,(anonymous_0)
FN:25,(anonymous_1)
FN:118,(anonymous_2)
FNF:3
FNH:1
FNDA:1,(anonymous_0)
FNDA:0,(anonymous_1)
FNDA:0,(anonymous_2)
DA:13,1
DA:14,1
DA:15,1
DA:16,1
DA:18,1
DA:27,0
DA:29,0
DA:31,0
DA:36,0
DA:38,0
DA:39,0
DA:53,0
DA:54,0
DA:57,0
DA:85,0
DA:101,0
DA:111,0
DA:120,0
DA:122,0
DA:123,0
DA:125,0
DA:126,0
DA:131,0
DA:132,0
DA:139,0
DA:140,0
DA:142,0
DA:143,0
DA:144,0
DA:147,0
DA:152,0
DA:153,0
DA:156,0
LF:33
LH:5
BRDA:38,0,0,0
BRDA:38,0,1,0
BRDA:38,1,0,0
BRDA:38,1,1,0
BRDA:53,2,0,0
BRDA:53,2,1,0
BRDA:105,3,0,0
BRDA:105,3,1,0
BRDA:125,4,0,0
BRDA:125,4,1,0
BRDA:131,5,0,0
BRDA:131,5,1,0
BRDA:142,6,0,0
BRDA:142,6,1,0
BRDA:152,7,0,0
BRDA:152,7,1,0
BRF:16
BRH:0
end_of_record
TN:
SF:src/api/gifts/gifts.model.js
FN:6,(anonymous_0)
FN:10,(anonymous_1)
FN:14,(anonymous_2)
FN:29,(anonymous_3)
FNF:4
FNH:0
FNDA:0,(anonymous_0)
FNDA:0,(anonymous_1)
FNDA:0,(anonymous_2)
FNDA:0,(anonymous_3)
DA:7,0
DA:11,0
DA:15,0
DA:30,0
LF:4
LH:0
BRF:0
BRH:0
end_of_record
TN:
SF:src/api/gifts/gifts.pipe.js
FN:4,(anonymous_0)
FN:26,(anonymous_1)
FNF:2
FNH:2
FNDA:1,(anonymous_0)
FNDA:1,(anonymous_1)
DA:5,1
DA:27,1
DA:37,1
LF:3
LH:3
BRF:0
BRH:0
end_of_record
TN:
SF:src/api/gifts/gifts.routes.js
FN:13,(anonymous_0)
FN:18,(anonymous_1)
FNF:2
FNH:2
FNDA:1,(anonymous_0)
FNDA:1,(anonymous_1)
DA:14,1
DA:15,1
DA:19,1
DA:20,0
DA:28,1
DA:39,1
DA:45,1
LF:7
LH:6
BRDA:19,0,0,0
BRDA:19,0,1,1
BRF:2
BRH:1
end_of_record
TN:
SF:src/api/gifts/gifts.service.js
FN:20,(anonymous_0)
FN:31,(anonymous_1)
FN:42,(anonymous_2)
FN:46,(anonymous_3)
FN:142,(anonymous_4)
FN:144,(anonymous_5)
FN:193,(anonymous_6)
FN:205,(anonymous_7)
FNF:8
FNH:1
FNDA:1,(anonymous_0)
FNDA:0,(anonymous_1)
FNDA:0,(anonymous_2)
FNDA:0,(anonymous_3)
FNDA:0,(anonymous_4)
FNDA:0,(anonymous_5)
FNDA:0,(anonymous_6)
FNDA:0,(anonymous_7)
DA:21,1
DA:22,1
DA:23,1
DA:24,1
DA:32,0
DA:34,0
DA:43,0
DA:45,0
DA:46,0
DA:47,0
DA:49,0
DA:57,0
DA:59,0
DA:60,0
DA:66,0
DA:67,0
DA:69,0
DA:71,0
DA:78,0
DA:84,0
DA:94,0
DA:97,0
DA:99,0
DA:100,0
DA:106,0
DA:114,0
DA:116,0
DA:118,0
DA:126,0
DA:128,0
DA:130,0
DA:143,0
DA:144,0
DA:145,0
DA:147,0
DA:155,0
DA:157,0
DA:162,0
DA:171,0
DA:173,0
DA:175,0
DA:178,0
DA:180,0
DA:182,0
DA:194,0
DA:195,0
DA:198,0
DA:206,0
DA:207,0
DA:212,0
LF:50
LH:4
BRDA:42,0,0,0
BRDA:59,1,0,0
BRDA:59,1,1,0
BRDA:66,2,0,0
BRDA:66,2,1,0
BRDA:89,3,0,0
BRDA:89,3,1,0
BRDA:99,4,0,0
BRDA:99,4,1,0
BRDA:194,5,0,0
BRDA:194,5,1,0
BRDA:206,6,0,0
BRDA:206,6,1,0
BRF:13
BRH:0
end_of_record
TN:
SF:src/api/health/health.routes.js
FN:8,probeDb
FN:19,probeRedis
FN:36,(anonymous_2)
FNF:3
FNH:3
FNDA:4,probeDb
FNDA:4,probeRedis
FNDA:4,(anonymous_2)
DA:6,5
DA:9,4
DA:10,4
DA:11,4
DA:12,3
DA:14,1
DA:15,1
DA:20,4
DA:22,4
DA:23,2
DA:26,2
DA:27,2
DA:28,2
DA:29,1
DA:31,1
DA:32,1
DA:36,5
DA:37,4
DA:38,4
DA:40,4
DA:41,4
DA:43,4
DA:45,4
DA:47,4
DA:57,0
LF:25
LH:24
BRDA:22,0,0,2
BRDA:22,0,1,2
BRDA:41,1,0,4
BRDA:41,1,1,3
BRDA:43,2,0,1
BRDA:43,2,1,3
BRDA:43,3,0,1
BRDA:43,3,1,2
BRDA:45,4,0,1
BRDA:45,4,1,3
BRF:10
BRH:10
end_of_record
TN:
SF:src/api/jwt/jwt.blocklist.js
FN:8,tokenHash
FN:12,getRemainingTtl
FN:23,addToBlocklist
FN:45,isTokenBlocked
FNF:4
FNH:4
FNDA:3,tokenHash
FNDA:2,getRemainingTtl
FNDA:3,addToBlocklist
FNDA:3,isTokenBlocked
DA:6,1
DA:9,3
DA:13,2
DA:14,2
DA:15,2
DA:16,2
DA:17,2
DA:19,0
DA:24,3
DA:26,3
DA:27,1
DA:30,1
DA:33,2
DA:35,2
DA:36,1
DA:39,1
DA:40,1
DA:42,1
DA:46,3
DA:48,3
DA:50,2
DA:51,2
DA:53,2
LF:23
LH:22
BRDA:15,0,0,0
BRDA:15,0,1,2
BRDA:15,1,0,2
BRDA:15,1,1,2
BRDA:17,2,0,1
BRDA:17,2,1,1
BRDA:26,3,0,1
BRDA:26,3,1,2
BRDA:35,4,0,1
BRDA:35,4,1,1
BRDA:48,5,0,1
BRDA:48,5,1,2
BRF:12
BRH:11
end_of_record
TN:
SF:src/api/jwt/jwt.guard.js
FN:19,(anonymous_0)
FNF:1
FNH:1
FNDA:1,(anonymous_0)
DA:7,1
DA:8,1
DA:10,1
DA:12,1
DA:20,1
DA:21,1
DA:23,1
DA:24,1
DA:25,1
DA:26,0
DA:27,0
DA:31,1
DA:33,1
DA:34,1
DA:36,1
DA:49,0
DA:51,0
DA:52,0
LF:18
LH:13
BRDA:23,0,0,1
BRDA:23,0,1,0
BRDA:25,1,0,0
BRDA:25,1,1,1
BRDA:33,2,0,1
BRDA:33,2,1,0
BRF:6
BRH:3
end_of_record
TN:
SF:src/api/languages/language.controller.js
FN:5,(anonymous_0)
FN:14,(anonymous_1)
FNF:2
FNH:1
FNDA:1,(anonymous_0)
FNDA:0,(anonymous_1)
DA:6,1
DA:16,0
DA:18,0
LF:3
LH:1
BRF:0
BRH:0
end_of_record
TN:
SF:src/api/languages/language.routes.js
FN:12,(anonymous_0)
FN:20,(anonymous_1)
FNF:2
FNH:2
FNDA:1,(anonymous_0)
FNDA:1,(anonymous_1)
DA:13,1
DA:14,1
DA:21,1
DA:22,0
DA:25,1
DA:31,1
LF:6
LH:5
BRDA:21,0,0,0
BRDA:21,0,1,1
BRF:2
BRH:1
end_of_record
TN:
SF:src/api/languages/languages.model.js
FN:5,(anonymous_0)
FN:9,(anonymous_1)
FN:16,(anonymous_2)
FN:30,(anonymous_3)
FNF:4
FNH:0
FNDA:0,(anonymous_0)
FNDA:0,(anonymous_1)
FNDA:0,(anonymous_2)
FNDA:0,(anonymous_3)
DA:6,0
DA:10,0
DA:17,0
DA:31,0
LF:4
LH:0
BRF:0
BRH:0
end_of_record
TN:
SF:src/api/languages/languages.services.js
FN:5,(anonymous_0)
FN:12,(anonymous_1)
FNF:2
FNH:0
FNDA:0,(anonymous_0)
FNDA:0,(anonymous_1)
DA:6,0
DA:13,0
LF:2
LH:0
BRF:0
BRH:0
end_of_record
TN:
SF:src/api/latest-evaluations/latestEvaluations.controller.js
FN:17,(anonymous_0)
FN:31,(anonymous_1)
FN:53,(anonymous_2)
FN:84,(anonymous_3)
FN:86,(anonymous_4)
FN:87,(anonymous_5)
FN:109,(anonymous_6)
FNF:7
FNH:1
FNDA:1,(anonymous_0)
FNDA:0,(anonymous_1)
FNDA:0,(anonymous_2)
FNDA:0,(anonymous_3)
FNDA:0,(anonymous_4)
FNDA:0,(anonymous_5)
FNDA:0,(anonymous_6)
DA:18,1
DA:19,1
DA:20,1
DA:21,1
DA:22,1
DA:23,1
DA:24,1
DA:33,0
DA:34,0
DA:36,0
DA:37,0
DA:42,0
DA:45,0
DA:55,0
DA:56,0
DA:58,0
DA:59,0
DA:64,0
DA:70,0
DA:75,0
DA:78,0
DA:84,0
DA:85,0
DA:86,0
DA:87,0
DA:91,0
DA:97,0
DA:111,0
DA:117,0
DA:126,0
DA:143,0
DA:145,0
LF:32
LH:7
BRDA:36,0,0,0
BRDA:36,0,1,0
BRDA:58,1,0,0
BRDA:58,1,1,0
BRF:4
BRH:0
end_of_record
TN:
SF:src/api/latest-evaluations/latestEvaluations.model.js
FN:10,(anonymous_0)
FN:14,(anonymous_1)
FN:18,(anonymous_2)
FN:42,(anonymous_3)
FNF:4
FNH:0
FNDA:0,(anonymous_0)
FNDA:0,(anonymous_1)
FNDA:0,(anonymous_2)
FNDA:0,(anonymous_3)
DA:11,0
DA:15,0
DA:19,0
DA:43,0
LF:4
LH:0
BRF:0
BRH:0
end_of_record
TN:
SF:src/api/latest-evaluations/latestEvaluations.pipe.js
FN:4,(anonymous_0)
FN:15,(anonymous_1)
FNF:2
FNH:2
FNDA:1,(anonymous_0)
FNDA:1,(anonymous_1)
DA:5,1
DA:16,1
DA:32,1
LF:3
LH:3
BRF:0
BRH:0
end_of_record
TN:
SF:src/api/latest-evaluations/latestEvaluations.routes.js
FN:14,(anonymous_0)
FN:19,(anonymous_1)
FNF:2
FNH:2
FNDA:1,(anonymous_0)
FNDA:1,(anonymous_1)
DA:15,1
DA:16,1
DA:20,1
DA:21,0
DA:24,1
DA:30,1
DA:36,1
DA:47,1
LF:8
LH:7
BRDA:20,0,0,0
BRDA:20,0,1,1
BRF:2
BRH:1
end_of_record
TN:
SF:src/api/latest-evaluations/latestEvaluations.service.js
FN:10,(anonymous_0)
FN:35,(anonymous_1)
FN:51,(anonymous_2)
FN:60,(anonymous_3)
FNF:4
FNH:1
FNDA:1,(anonymous_0)
FNDA:0,(anonymous_1)
FNDA:0,(anonymous_2)
FNDA:0,(anonymous_3)
DA:7,1
DA:11,1
DA:27,1
DA:28,1
DA:37,0
DA:39,0
DA:53,0
DA:55,0
DA:61,0
DA:65,0
LF:10
LH:4
BRDA:41,0,0,0
BRDA:41,0,1,0
BRF:2
BRH:0
end_of_record
TN:
SF:src/api/logger/index.js
FN:4,(anonymous_0)
FNF:1
FNH:1
FNDA:112,(anonymous_0)
DA:5,112
LF:1
LH:1
BRF:0
BRH:0
end_of_record
TN:
SF:src/api/mails/index.js
FN:13,sendgridService
FN:19,(anonymous_1)
FNF:2
FNH:0
FNDA:0,sendgridService
FNDA:0,(anonymous_1)
DA:14,0
DA:15,0
DA:19,0
DA:20,0
DA:24,1
LF:5
LH:1
BRDA:14,0,0,0
BRDA:14,0,1,0
BRDA:16,1,0,0
BRDA:16,1,1,0
BRDA:27,2,0,0
BRDA:27,2,1,1
BRF:6
BRH:1
end_of_record
TN:
SF:src/api/mails/mails.service.js
FN:8,(anonymous_0)
FN:19,(anonymous_1)
FNF:2
FNH:1
FNDA:12,(anonymous_0)
FNDA:0,(anonymous_1)
DA:9,12
DA:10,12
DA:11,12
DA:20,0
DA:21,0
DA:23,0
DA:33,0
DA:35,0
LF:8
LH:3
BRDA:28,0,0,0
BRDA:28,0,1,0
BRF:2
BRH:0
end_of_record
TN:
SF:src/api/meetings/meeetings.controller.js
FN:14,(anonymous_0)
FN:27,(anonymous_1)
FN:46,(anonymous_2)
FN:85,(anonymous_3)
FN:106,(anonymous_4)
FNF:5
FNH:1
FNDA:1,(anonymous_0)
FNDA:0,(anonymous_1)
FNDA:0,(anonymous_2)
FNDA:0,(anonymous_3)
FNDA:0,(anonymous_4)
DA:15,1
DA:16,1
DA:17,1
DA:18,1
DA:19,1
DA:29,0
DA:31,0
DA:33,0
DA:37,0
DA:38,0
DA:40,0
DA:45,0
DA:46,0
DA:53,0
DA:55,0
DA:56,0
DA:61,0
DA:68,0
DA:73,0
DA:76,0
DA:87,0
DA:89,0
DA:94,0
DA:108,0
DA:112,0
DA:116,0
DA:117,0
DA:125,0
LF:28
LH:5
BRDA:37,0,0,0
BRDA:37,0,1,0
BRDA:40,1,0,0
BRDA:40,1,1,0
BRDA:55,2,0,0
BRDA:55,2,1,0
BRDA:55,3,0,0
BRDA:55,3,1,0
BRDA:116,4,0,0
BRDA:116,4,1,0
BRF:10
BRH:0
end_of_record
TN:
SF:src/api/meetings/meetings.model.js
FN:6,(anonymous_0)
FN:10,(anonymous_1)
FN:17,(anonymous_2)
FN:30,(anonymous_3)
FN:55,(anonymous_4)
FN:57,(anonymous_5)
FN:65,(anonymous_6)
FNF:7
FNH:0
FNDA:0,(anonymous_0)
FNDA:0,(anonymous_1)
FNDA:0,(anonymous_2)
FNDA:0,(anonymous_3)
FNDA:0,(anonymous_4)
FNDA:0,(anonymous_5)
FNDA:0,(anonymous_6)
DA:7,0
DA:11,0
DA:18,0
DA:31,0
DA:56,0
DA:58,0
DA:66,0
LF:7
LH:0
BRF:0
BRH:0
end_of_record
TN:
SF:src/api/meetings/meetings.pipe.js
FN:4,(anonymous_0)
FN:14,(anonymous_1)
FNF:2
FNH:2
FNDA:1,(anonymous_0)
FNDA:1,(anonymous_1)
DA:5,1
DA:15,1
DA:28,1
LF:3
LH:3
BRF:0
BRH:0
end_of_record
TN:
SF:src/api/meetings/meetings.routes.js
FN:13,(anonymous_0)
FN:21,(anonymous_1)
FNF:2
FNH:2
FNDA:1,(anonymous_0)
FNDA:1,(anonymous_1)
DA:14,1
DA:15,1
DA:22,1
DA:23,0
DA:26,1
DA:32,1
DA:34,1
DA:40,1
DA:46,1
LF:9
LH:8
BRDA:22,0,0,0
BRDA:22,0,1,1
BRF:2
BRH:1
end_of_record
TN:
SF:src/api/meetings/meetings.service.js
FN:11,(anonymous_0)
FN:19,(anonymous_1)
FN:27,(anonymous_2)
FN:35,(anonymous_3)
FN:47,(anonymous_4)
FN:56,(anonymous_5)
FNF:6
FNH:1
FNDA:3,(anonymous_0)
FNDA:0,(anonymous_1)
FNDA:0,(anonymous_2)
FNDA:0,(anonymous_3)
FNDA:0,(anonymous_4)
FNDA:0,(anonymous_5)
DA:12,3
DA:20,0
DA:28,0
DA:36,0
DA:48,0
DA:58,0
DA:64,0
DA:66,0
DA:70,0
DA:72,0
LF:10
LH:1
BRF:0
BRH:0
end_of_record
TN:
SF:src/api/metrics/metrics.routes.js
FN:6,(anonymous_0)
FNF:1
FNH:0
FNDA:0,(anonymous_0)
DA:4,1
DA:6,1
DA:7,0
DA:8,0
DA:11,0
DA:12,0
DA:13,0
DA:14,0
DA:16,0
LF:9
LH:2
BRDA:7,0,0,0
BRDA:7,0,1,0
BRF:2
BRH:0
end_of_record
TN:
SF:src/api/models/models.controller.js
FN:11,(anonymous_0)
FN:24,(anonymous_1)
FN:38,(anonymous_2)
FN:59,(anonymous_3)
FNF:4
FNH:1
FNDA:1,(anonymous_0)
FNDA:0,(anonymous_1)
FNDA:0,(anonymous_2)
FNDA:0,(anonymous_3)
DA:12,1
DA:13,1
DA:14,1
DA:15,1
DA:26,0
DA:27,0
DA:30,0
DA:32,0
DA:40,0
DA:44,0
DA:45,0
DA:51,0
DA:61,0
DA:63,0
DA:67,0
DA:68,0
DA:79,0
DA:80,0
DA:85,0
DA:87,0
DA:89,0
DA:97,0
LF:22
LH:4
BRDA:26,0,0,0
BRDA:26,0,1,0
BRDA:44,1,0,0
BRDA:44,1,1,0
BRDA:67,2,0,0
BRDA:67,2,1,0
BRDA:79,3,0,0
BRDA:79,3,1,0
BRF:8
BRH:0
end_of_record
TN:
SF:src/api/models/models.model.js
FN:7,(anonymous_0)
FN:12,(anonymous_1)
FN:26,(anonymous_2)
FN:28,(anonymous_3)
FN:32,(anonymous_4)
FN:40,(anonymous_5)
FNF:6
FNH:0
FNDA:0,(anonymous_0)
FNDA:0,(anonymous_1)
FNDA:0,(anonymous_2)
FNDA:0,(anonymous_3)
FNDA:0,(anonymous_4)
FNDA:0,(anonymous_5)
DA:8,0
DA:13,0
DA:27,0
DA:29,0
DA:33,0
DA:41,0
LF:6
LH:0
BRF:0
BRH:0
end_of_record
TN:
SF:src/api/models/models.pipe.js
FN:4,(anonymous_0)
FN:14,(anonymous_1)
FNF:2
FNH:2
FNDA:1,(anonymous_0)
FNDA:1,(anonymous_1)
DA:5,1
DA:15,1
DA:24,1
LF:3
LH:3
BRF:0
BRH:0
end_of_record
TN:
SF:src/api/models/models.routes.js
FN:13,(anonymous_0)
FN:18,(anonymous_1)
FNF:2
FNH:2
FNDA:1,(anonymous_0)
FNDA:1,(anonymous_1)
DA:14,1
DA:15,1
DA:20,1
DA:21,0
DA:24,1
DA:31,1
DA:41,1
DA:45,1
DA:47,1
LF:9
LH:8
BRDA:20,0,0,0
BRDA:20,0,1,1
BRF:2
BRH:1
end_of_record
TN:
SF:src/api/notification-types/notificationTypes.model.js
FN:4,(anonymous_0)
FN:8,(anonymous_1)
FNF:2
FNH:0
FNDA:0,(anonymous_0)
FNDA:0,(anonymous_1)
DA:5,0
DA:9,0
LF:2
LH:0
BRF:0
BRH:0
end_of_record
TN:
SF:src/api/notification-types/notificationTypes.service.js
FN:6,(anonymous_0)
FN:10,(anonymous_1)
FN:15,(anonymous_2)
FN:20,(anonymous_3)
FN:26,(anonymous_4)
FNF:5
FNH:1
FNDA:3,(anonymous_0)
FNDA:0,(anonymous_1)
FNDA:0,(anonymous_2)
FNDA:0,(anonymous_3)
FNDA:0,(anonymous_4)
DA:7,3
DA:12,0
DA:17,0
DA:22,0
DA:23,0
DA:28,0
LF:6
LH:1
BRF:0
BRH:0
end_of_record
TN:
SF:src/api/notifications/notification.context.js
FN:8,(anonymous_0)
FNF:1
FNH:0
FNDA:0,(anonymous_0)
DA:9,0
LF:1
LH:0
BRF:0
BRH:0
end_of_record
TN:
SF:src/api/notifications/notifications.controller.js
FN:7,(anonymous_0)
FN:11,(anonymous_1)
FN:31,(anonymous_2)
FN:85,(anonymous_3)
FN:100,(anonymous_4)
FN:115,(anonymous_5)
FN:127,(anonymous_6)
FNF:7
FNH:1
FNDA:1,(anonymous_0)
FNDA:0,(anonymous_1)
FNDA:0,(anonymous_2)
FNDA:0,(anonymous_3)
FNDA:0,(anonymous_4)
FNDA:0,(anonymous_5)
FNDA:0,(anonymous_6)
DA:8,1
DA:13,0
DA:15,0
DA:24,0
DA:36,0
DA:41,0
DA:42,0
DA:56,0
DA:57,0
DA:62,0
DA:68,0
DA:78,0
DA:87,0
DA:89,0
DA:90,0
DA:97,0
DA:102,0
DA:104,0
DA:106,0
DA:108,0
DA:117,0
DA:121,0
DA:129,0
DA:131,0
LF:24
LH:1
BRDA:41,0,0,0
BRDA:41,0,1,0
BRDA:56,1,0,0
BRDA:56,1,1,0
BRDA:72,2,0,0
BRDA:72,2,1,0
BRDA:89,3,0,0
BRDA:89,3,1,0
BRF:8
BRH:0
end_of_record
TN:
SF:src/api/notifications/notifications.model.js
FN:5,(anonymous_0)
FN:9,(anonymous_1)
FNF:2
FNH:0
FNDA:0,(anonymous_0)
FNDA:0,(anonymous_1)
DA:6,0
DA:10,0
DA:27,1
LF:3
LH:1
BRF:0
BRH:0
end_of_record
TN:
SF:src/api/notifications/notifications.pipe.js
FN:4,(anonymous_0)
FN:41,(anonymous_1)
FN:58,(anonymous_2)
FN:62,(anonymous_3)
FNF:4
FNH:4
FNDA:1,(anonymous_0)
FNDA:2,(anonymous_1)
FNDA:1,(anonymous_2)
FNDA:1,(anonymous_3)
DA:5,1
DA:42,2
DA:59,1
DA:63,1
DA:77,1
LF:5
LH:5
BRF:0
BRH:0
end_of_record
TN:
SF:src/api/notifications/notifications.routes.js
FN:15,(anonymous_0)
FN:20,(anonymous_1)
FNF:2
FNH:2
FNDA:1,(anonymous_0)
FNDA:1,(anonymous_1)
DA:16,1
DA:17,1
DA:21,1
DA:22,0
DA:25,1
DA:36,1
DA:42,1
DA:53,1
DA:64,1
DA:70,1
DA:75,1
LF:11
LH:10
BRDA:21,0,0,0
BRDA:21,0,1,1
BRF:2
BRH:1
end_of_record
TN:
SF:src/api/notifications/notifications.service.js
FN:18,(anonymous_0)
FN:28,(anonymous_1)
FN:73,(anonymous_2)
FN:98,(anonymous_3)
FN:102,(anonymous_4)
FN:106,(anonymous_5)
FN:111,(anonymous_6)
FN:134,(anonymous_7)
FNF:8
FNH:1
FNDA:3,(anonymous_0)
FNDA:0,(anonymous_1)
FNDA:0,(anonymous_2)
FNDA:0,(anonymous_3)
FNDA:0,(anonymous_4)
FNDA:0,(anonymous_5)
FNDA:0,(anonymous_6)
FNDA:0,(anonymous_7)
DA:19,3
DA:20,3
DA:21,3
DA:22,3
DA:25,3
DA:41,0
DA:43,0
DA:47,0
DA:51,0
DA:52,0
DA:57,0
DA:58,0
DA:60,0
DA:68,0
DA:70,0
DA:78,0
DA:79,0
DA:84,0
DA:85,0
DA:91,0
DA:99,0
DA:103,0
DA:108,0
DA:112,0
DA:114,0
DA:118,0
DA:125,0
DA:126,0
DA:128,0
DA:131,0
DA:135,0
DA:136,0
LF:32
LH:5
BRDA:78,0,0,0
BRDA:78,0,1,0
BRDA:84,1,0,0
BRDA:84,1,1,0
BRF:4
BRH:0
end_of_record
TN:
SF:src/api/packages/packages.controller.js
FN:19,(anonymous_0)
FN:34,(anonymous_1)
FN:87,(anonymous_2)
FN:172,(anonymous_3)
FN:192,(anonymous_4)
FNF:5
FNH:5
FNDA:15,(anonymous_0)
FNDA:4,(anonymous_1)
FNDA:4,(anonymous_2)
FNDA:2,(anonymous_3)
FNDA:4,(anonymous_4)
DA:20,15
DA:21,15
DA:22,15
DA:23,15
DA:24,15
DA:25,15
DA:26,15
DA:27,15
DA:36,4
DA:38,4
DA:40,4
DA:41,3
DA:43,3
DA:44,2
DA:46,2
DA:56,2
DA:57,1
DA:69,1
DA:76,1
DA:78,1
DA:80,1
DA:89,4
DA:91,4
DA:93,4
DA:95,4
DA:110,4
DA:111,1
DA:113,1
DA:122,3
DA:123,1
DA:125,1
DA:131,2
DA:133,2
DA:134,2
DA:156,2
DA:174,2
DA:176,2
DA:181,2
DA:194,4
DA:196,4
DA:198,4
DA:200,4
DA:204,0
DA:209,4
DA:213,4
DA:218,4
DA:220,4
DA:221,4
DA:222,3
DA:227,3
DA:228,2
DA:239,2
DA:240,1
DA:243,1
DA:253,1
DA:261,1
DA:266,1
LF:57
LH:56
BRDA:40,0,0,3
BRDA:40,0,1,1
BRDA:43,1,0,2
BRDA:43,1,1,1
BRDA:56,2,0,1
BRDA:56,2,1,1
BRDA:110,3,0,1
BRDA:110,3,1,3
BRDA:122,4,0,1
BRDA:122,4,1,2
BRDA:133,5,0,2
BRDA:133,5,1,0
BRDA:160,6,0,1
BRDA:160,6,1,1
BRDA:200,7,0,0
BRDA:200,7,1,4
BRDA:201,8,0,4
BRDA:201,8,1,4
BRDA:220,9,0,4
BRDA:220,9,1,0
BRDA:221,10,0,3
BRDA:221,10,1,1
BRDA:227,11,0,2
BRDA:227,11,1,1
BRDA:239,12,0,1
BRDA:239,12,1,1
BRF:26
BRH:23
end_of_record
TN:
SF:src/api/packages/packages.model.js
FN:9,(anonymous_0)
FN:13,(anonymous_1)
FN:17,(anonymous_2)
FN:37,(anonymous_3)
FNF:4
FNH:0
FNDA:0,(anonymous_0)
FNDA:0,(anonymous_1)
FNDA:0,(anonymous_2)
FNDA:0,(anonymous_3)
DA:10,0
DA:14,0
DA:18,0
DA:38,0
LF:4
LH:0
BRF:0
BRH:0
end_of_record
TN:
SF:src/api/packages/packages.pipe.js
FN:4,(anonymous_0)
FN:19,(anonymous_1)
FN:43,(anonymous_2)
FN:69,(anonymous_3)
FNF:4
FNH:4
FNDA:1,(anonymous_0)
FNDA:1,(anonymous_1)
FNDA:1,(anonymous_2)
FNDA:1,(anonymous_3)
DA:5,1
DA:20,1
DA:44,1
DA:70,1
DA:81,1
LF:5
LH:5
BRF:0
BRH:0
end_of_record
TN:
SF:src/api/packages/packages.routes.js
FN:14,(anonymous_0)
FN:20,(anonymous_1)
FNF:2
FNH:2
FNDA:1,(anonymous_0)
FNDA:1,(anonymous_1)
DA:15,1
DA:16,1
DA:17,1
DA:21,1
DA:22,0
DA:25,1
DA:31,1
DA:43,1
DA:55,1
DA:66,1
LF:10
LH:9
BRDA:21,0,0,0
BRDA:21,0,1,1
BRF:2
BRH:1
end_of_record
TN:
SF:src/api/plans/plans.controller.js
FN:13,(anonymous_0)
FN:39,(anonymous_1)
FN:116,(anonymous_2)
FN:122,(anonymous_3)
FN:145,(anonymous_4)
FN:159,(anonymous_5)
FN:181,(anonymous_6)
FN:198,(anonymous_7)
FN:219,(anonymous_8)
FNF:9
FNH:2
FNDA:1,(anonymous_0)
FNDA:1,(anonymous_1)
FNDA:0,(anonymous_2)
FNDA:0,(anonymous_3)
FNDA:0,(anonymous_4)
FNDA:0,(anonymous_5)
FNDA:0,(anonymous_6)
FNDA:0,(anonymous_7)
FNDA:0,(anonymous_8)
DA:11,1
DA:14,1
DA:15,1
DA:16,1
DA:18,1
DA:41,1
DA:43,1
DA:45,1
DA:49,1
DA:54,1
DA:55,0
DA:57,0
DA:62,0
DA:65,0
DA:70,0
DA:73,0
DA:76,0
DA:86,1
DA:87,0
DA:97,0
DA:99,0
DA:100,0
DA:106,0
DA:116,0
DA:122,0
DA:128,0
DA:134,0
DA:140,1
DA:145,1
DA:150,1
DA:156,0
DA:161,0
DA:163,0
DA:165,0
DA:166,0
DA:171,0
DA:178,0
DA:183,0
DA:185,0
DA:187,0
DA:188,0
DA:195,0
DA:200,0
DA:202,0
DA:204,0
DA:205,0
DA:207,0
DA:216,0
DA:221,0
DA:223,0
LF:50
LH:14
BRDA:41,0,0,1
BRDA:41,0,1,0
BRDA:49,1,0,1
BRDA:49,1,1,0
BRDA:54,2,0,0
BRDA:54,2,1,1
BRDA:55,3,0,0
BRDA:55,3,1,0
BRDA:55,3,2,0
BRDA:86,4,0,0
BRDA:86,4,1,1
BRDA:99,5,0,0
BRDA:99,5,1,0
BRDA:129,6,0,0
BRDA:129,6,1,0
BRDA:165,7,0,0
BRDA:165,7,1,0
BRDA:187,8,0,0
BRDA:187,8,1,0
BRDA:204,9,0,0
BRDA:204,9,1,0
BRF:21
BRH:4
end_of_record
TN:
SF:src/api/plans/plans.model.js
FN:7,(anonymous_0)
FN:11,(anonymous_1)
FN:15,(anonymous_2)
FN:33,(anonymous_3)
FN:65,(anonymous_4)
FN:67,(anonymous_5)
FNF:6
FNH:0
FNDA:0,(anonymous_0)
FNDA:0,(anonymous_1)
FNDA:0,(anonymous_2)
FNDA:0,(anonymous_3)
FNDA:0,(anonymous_4)
FNDA:0,(anonymous_5)
DA:8,0
DA:12,0
DA:16,0
DA:34,0
DA:66,0
DA:68,0
LF:6
LH:0
BRF:0
BRH:0
end_of_record
TN:
SF:src/api/plans/plans.pipe.js
FN:4,(anonymous_0)
FN:23,(anonymous_1)
FN:87,(anonymous_2)
FN:96,(anonymous_3)
FN:148,(anonymous_4)
FNF:5
FNH:5
FNDA:1,(anonymous_0)
FNDA:1,(anonymous_1)
FNDA:1,(anonymous_2)
FNDA:1,(anonymous_3)
FNDA:1,(anonymous_4)
DA:5,1
DA:24,1
DA:88,1
DA:97,1
DA:149,1
DA:153,1
LF:6
LH:6
BRF:0
BRH:0
end_of_record
TN:
SF:src/api/plans/plans.routes.js
FN:14,(anonymous_0)
FN:19,(anonymous_1)
FNF:2
FNH:2
FNDA:1,(anonymous_0)
FNDA:1,(anonymous_1)
DA:15,1
DA:16,1
DA:20,1
DA:21,0
DA:24,1
DA:33,1
DA:44,1
DA:50,1
DA:61,1
DA:72,1
LF:10
LH:9
BRDA:20,0,0,0
BRDA:20,0,1,1
BRF:2
BRH:1
end_of_record
TN:
SF:src/api/progress/progress.controller.js
FN:25,(anonymous_0)
FN:36,(anonymous_1)
FN:71,(anonymous_2)
FN:106,(anonymous_3)
FN:128,(anonymous_4)
FN:281,(anonymous_5)
FNF:6
FNH:1
FNDA:1,(anonymous_0)
FNDA:0,(anonymous_1)
FNDA:0,(anonymous_2)
FNDA:0,(anonymous_3)
FNDA:0,(anonymous_4)
FNDA:0,(anonymous_5)
DA:26,1
DA:27,1
DA:28,1
DA:29,1
DA:30,1
DA:31,1
DA:32,1
DA:33,1
DA:37,0
DA:73,0
DA:78,0
DA:79,0
DA:81,0
DA:84,0
DA:93,0
DA:95,0
DA:108,0
DA:113,0
DA:114,0
DA:121,0
DA:130,0
DA:132,0
DA:134,0
DA:138,0
DA:142,0
DA:143,0
DA:149,0
DA:150,0
DA:152,0
DA:157,0
DA:166,0
DA:168,0
DA:174,0
DA:175,0
DA:177,0
DA:196,0
DA:197,0
DA:199,0
DA:200,0
DA:201,0
DA:203,0
DA:212,0
DA:213,0
DA:215,0
DA:218,0
DA:220,0
DA:222,0
DA:224,0
DA:226,0
DA:227,0
DA:230,0
DA:232,0
DA:250,0
DA:251,0
DA:254,0
DA:256,0
DA:257,0
DA:260,0
DA:272,0
DA:274,0
DA:283,0
DA:285,0
DA:289,0
DA:290,0
DA:295,0
DA:296,0
DA:302,0
DA:304,0
DA:309,0
DA:316,0
DA:319,0
LF:71
LH:8
BRDA:78,0,0,0
BRDA:78,0,1,0
BRDA:113,1,0,0
BRDA:113,1,1,0
BRDA:142,2,0,0
BRDA:142,2,1,0
BRDA:142,3,0,0
BRDA:142,3,1,0
BRDA:149,4,0,0
BRDA:149,4,1,0
BRDA:149,5,0,0
BRDA:149,5,1,0
BRDA:174,6,0,0
BRDA:174,6,1,0
BRDA:174,7,0,0
BRDA:174,7,1,0
BRDA:196,8,0,0
BRDA:196,8,1,0
BRDA:196,9,0,0
BRDA:196,9,1,0
BRDA:200,10,0,0
BRDA:200,10,1,0
BRDA:212,11,0,0
BRDA:212,11,1,0
BRDA:226,12,0,0
BRDA:226,12,1,0
BRDA:250,13,0,0
BRDA:250,13,1,0
BRDA:256,14,0,0
BRDA:256,14,1,0
BRDA:289,15,0,0
BRDA:289,15,1,0
BRDA:295,16,0,0
BRDA:295,16,1,0
BRF:34
BRH:0
end_of_record
TN:
SF:src/api/progress/progress.model.js
FN:7,(anonymous_0)
FN:11,(anonymous_1)
FN:15,(anonymous_2)
FN:29,(anonymous_3)
FN:51,(anonymous_4)
FN:53,(anonymous_5)
FNF:6
FNH:0
FNDA:0,(anonymous_0)
FNDA:0,(anonymous_1)
FNDA:0,(anonymous_2)
FNDA:0,(anonymous_3)
FNDA:0,(anonymous_4)
FNDA:0,(anonymous_5)
DA:8,0
DA:12,0
DA:17,0
DA:30,0
DA:52,0
DA:54,0
LF:6
LH:0
BRF:0
BRH:0
end_of_record
TN:
SF:src/api/progress/progress.pipe.js
FN:4,(anonymous_0)
FN:17,(anonymous_1)
FN:27,(anonymous_2)
FN:66,(anonymous_3)
FNF:4
FNH:3
FNDA:1,(anonymous_0)
FNDA:1,(anonymous_1)
FNDA:0,(anonymous_2)
FNDA:1,(anonymous_3)
DA:5,1
DA:18,1
DA:28,0
DA:67,1
DA:82,1
LF:5
LH:4
BRF:0
BRH:0
end_of_record
TN:
SF:src/api/progress/progress.routes.js
FN:14,(anonymous_0)
FN:19,(anonymous_1)
FNF:2
FNH:2
FNDA:1,(anonymous_0)
FNDA:1,(anonymous_1)
DA:15,1
DA:16,1
DA:24,1
DA:25,0
DA:28,1
DA:39,1
DA:45,1
DA:56,1
DA:67,1
DA:71,1
DA:73,1
LF:11
LH:10
BRDA:24,0,0,0
BRDA:24,0,1,1
BRF:2
BRH:1
end_of_record
TN:
SF:src/api/progress/progress.service.js
FN:31,(anonymous_0)
FN:58,(anonymous_1)
FN:69,(anonymous_2)
FN:83,(anonymous_3)
FN:92,(anonymous_4)
FN:113,(anonymous_5)
FN:163,(anonymous_6)
FN:175,(anonymous_7)
FN:202,(anonymous_8)
FN:336,(anonymous_9)
FN:362,(anonymous_10)
FN:368,(anonymous_11)
FNF:12
FNH:1
FNDA:6,(anonymous_0)
FNDA:0,(anonymous_1)
FNDA:0,(anonymous_2)
FNDA:0,(anonymous_3)
FNDA:0,(anonymous_4)
FNDA:0,(anonymous_5)
FNDA:0,(anonymous_6)
FNDA:0,(anonymous_7)
FNDA:0,(anonymous_8)
FNDA:0,(anonymous_9)
FNDA:0,(anonymous_10)
FNDA:0,(anonymous_11)
DA:27,1
DA:32,6
DA:33,6
DA:49,6
DA:50,6
DA:51,6
DA:60,0
DA:62,0
DA:71,0
DA:73,0
DA:85,0
DA:87,0
DA:94,0
DA:101,0
DA:107,0
DA:110,0
DA:113,0
DA:114,0
DA:119,0
DA:120,0
DA:131,0
DA:132,0
DA:140,0
DA:142,0
DA:144,0
DA:149,0
DA:157,0
DA:163,0
DA:164,0
DA:175,0
DA:176,0
DA:190,0
DA:196,0
DA:200,0
DA:202,0
DA:204,0
DA:206,0
DA:208,0
DA:210,0
DA:217,0
DA:218,0
DA:229,0
DA:236,0
DA:242,0
DA:255,0
DA:257,0
DA:263,0
DA:266,0
DA:267,0
DA:269,0
DA:270,0
DA:271,0
DA:276,0
DA:286,0
DA:291,0
DA:301,0
DA:303,0
DA:310,0
DA:319,0
DA:321,0
DA:327,0
DA:330,0
DA:335,0
DA:336,0
DA:344,0
DA:352,0
DA:359,0
DA:364,0
DA:366,0
DA:368,0
DA:369,0
DA:370,0
DA:372,0
DA:373,0
DA:377,0
DA:384,0
DA:391,0
DA:400,0
DA:402,0
DA:409,0
DA:413,0
DA:418,0
DA:420,0
DA:426,0
LF:84
LH:6
BRDA:107,0,0,0
BRDA:107,0,1,0
BRDA:110,1,0,0
BRDA:110,1,1,0
BRDA:119,2,0,0
BRDA:119,2,1,0
BRDA:131,3,0,0
BRDA:131,3,1,0
BRDA:157,4,0,0
BRDA:157,4,1,0
BRDA:204,5,0,0
BRDA:204,5,1,0
BRDA:217,6,0,0
BRDA:217,6,1,0
BRDA:266,7,0,0
BRDA:266,7,1,0
BRDA:269,8,0,0
BRDA:269,8,1,0
BRDA:286,9,0,0
BRDA:286,9,1,0
BRDA:335,10,0,0
BRDA:335,10,1,0
BRDA:372,11,0,0
BRDA:372,11,1,0
BRF:24
BRH:0
end_of_record
TN:
SF:src/api/progress/progress.validation.js
FN:10,(anonymous_0)
FN:32,(anonymous_1)
FNF:2
FNH:0
FNDA:0,(anonymous_0)
FNDA:0,(anonymous_1)
DA:10,1
DA:11,0
DA:12,0
DA:13,0
DA:15,0
DA:17,0
DA:28,0
DA:29,0
DA:32,0
DA:33,0
DA:35,0
DA:37,0
DA:40,0
DA:42,0
DA:49,0
LF:15
LH:1
BRDA:11,0,0,0
BRDA:11,0,1,0
BRDA:28,1,0,0
BRDA:28,1,1,0
BRDA:32,2,0,0
BRDA:32,2,1,0
BRF:6
BRH:0
end_of_record
TN:
SF:src/api/reports/report.controller.js
FN:7,(anonymous_0)
FN:17,(anonymous_1)
FN:54,(anonymous_2)
FNF:3
FNH:1
FNDA:1,(anonymous_0)
FNDA:0,(anonymous_1)
FNDA:0,(anonymous_2)
DA:8,1
DA:9,1
DA:10,1
DA:19,0
DA:21,0
DA:23,0
DA:43,0
DA:56,0
DA:58,0
DA:60,0
DA:62,0
DA:66,0
DA:79,0
DA:80,0
DA:94,0
LF:15
LH:3
BRDA:79,0,0,0
BRDA:79,0,1,0
BRF:2
BRH:0
end_of_record
TN:
SF:src/api/reports/report.pipe.js
FN:4,(anonymous_0)
FN:13,(anonymous_1)
FN:38,(anonymous_2)
FNF:3
FNH:3
FNDA:1,(anonymous_0)
FNDA:1,(anonymous_1)
FNDA:1,(anonymous_2)
DA:5,1
DA:14,1
DA:39,1
DA:57,1
LF:4
LH:4
BRF:0
BRH:0
end_of_record
TN:
SF:src/api/reports/report.routes.js
FN:13,(anonymous_0)
FN:21,(anonymous_1)
FNF:2
FNH:2
FNDA:1,(anonymous_0)
FNDA:1,(anonymous_1)
DA:14,1
DA:15,1
DA:22,1
DA:23,0
DA:26,1
DA:32,1
DA:38,1
LF:7
LH:6
BRDA:22,0,0,0
BRDA:22,0,1,1
BRF:2
BRH:1
end_of_record
TN:
SF:src/api/roles/roles.controller.js
FN:5,(anonymous_0)
FN:13,(anonymous_1)
FNF:2
FNH:1
FNDA:1,(anonymous_0)
FNDA:0,(anonymous_1)
DA:6,1
DA:15,0
DA:17,0
LF:3
LH:1
BRF:0
BRH:0
end_of_record
TN:
SF:src/api/roles/roles.model.js
FN:5,(anonymous_0)
FN:9,(anonymous_1)
FN:13,(anonymous_2)
FN:20,(anonymous_3)
FN:36,(anonymous_4)
FN:38,(anonymous_5)
FNF:6
FNH:0
FNDA:0,(anonymous_0)
FNDA:0,(anonymous_1)
FNDA:0,(anonymous_2)
FNDA:0,(anonymous_3)
FNDA:0,(anonymous_4)
FNDA:0,(anonymous_5)
DA:6,0
DA:10,0
DA:14,0
DA:21,0
DA:37,0
DA:39,0
LF:6
LH:0
BRF:0
BRH:0
end_of_record
TN:
SF:src/api/roles/roles.routes.js
FN:13,(anonymous_0)
FN:21,(anonymous_1)
FNF:2
FNH:2
FNDA:1,(anonymous_0)
FNDA:1,(anonymous_1)
DA:14,1
DA:15,1
DA:22,1
DA:23,0
DA:26,1
DA:32,1
LF:6
LH:5
BRDA:22,0,0,0
BRDA:22,0,1,1
BRF:2
BRH:1
end_of_record
TN:
SF:src/api/roles/roles.services.js
FN:4,(anonymous_0)
FN:12,(anonymous_1)
FN:22,(anonymous_2)
FNF:3
FNH:1
FNDA:5,(anonymous_0)
FNDA:0,(anonymous_1)
FNDA:0,(anonymous_2)
DA:5,5
DA:13,0
DA:14,0
DA:16,0
DA:23,0
DA:25,0
LF:6
LH:1
BRDA:13,0,0,0
BRDA:13,0,1,0
BRF:2
BRH:0
end_of_record
TN:
SF:src/api/schedule/schedule.controller.js
FN:11,(anonymous_0)
FN:27,(anonymous_1)
FN:80,(anonymous_2)
FN:104,(anonymous_3)
FN:124,(anonymous_4)
FN:135,(anonymous_5)
FN:166,(anonymous_6)
FN:191,(anonymous_7)
FN:201,(anonymous_8)
FNF:9
FNH:1
FNDA:2,(anonymous_0)
FNDA:0,(anonymous_1)
FNDA:0,(anonymous_2)
FNDA:0,(anonymous_3)
FNDA:0,(anonymous_4)
FNDA:0,(anonymous_5)
FNDA:0,(anonymous_6)
FNDA:0,(anonymous_7)
FNDA:0,(anonymous_8)
DA:12,2
DA:13,2
DA:14,2
DA:15,2
DA:16,2
DA:20,2
DA:29,0
DA:31,0
DA:33,0
DA:40,0
DA:47,0
DA:69,0
DA:82,0
DA:84,0
DA:86,0
DA:88,0
DA:89,0
DA:98,0
DA:102,0
DA:105,0
DA:111,0
DA:118,0
DA:122,0
DA:125,0
DA:137,0
DA:139,0
DA:143,0
DA:144,0
DA:147,0
DA:148,0
DA:150,0
DA:159,0
DA:167,0
DA:169,0
DA:173,0
DA:174,0
DA:176,0
DA:183,0
DA:193,0
DA:195,0
DA:197,0
DA:201,0
DA:202,0
DA:204,0
DA:206,0
DA:207,0
DA:214,0
DA:217,0
DA:219,0
DA:220,0
DA:224,0
DA:230,0
LF:52
LH:6
BRDA:88,0,0,0
BRDA:88,0,1,0
BRDA:88,1,0,0
BRDA:88,1,1,0
BRDA:143,2,0,0
BRDA:143,2,1,0
BRDA:147,3,0,0
BRDA:147,3,1,0
BRDA:173,4,0,0
BRDA:173,4,1,0
BRDA:198,5,0,0
BRDA:198,5,1,0
BRDA:206,6,0,0
BRDA:206,6,1,0
BRDA:208,7,0,0
BRDA:208,7,1,0
BRDA:219,8,0,0
BRDA:219,8,1,0
BRF:18
BRH:0
end_of_record
TN:
SF:src/api/schedule/schedule.model.js
FN:7,(anonymous_0)
FN:11,(anonymous_1)
FN:18,(anonymous_2)
FN:36,(anonymous_3)
FN:70,(anonymous_4)
FN:72,(anonymous_5)
FN:92,(anonymous_6)
FN:96,(anonymous_7)
FN:100,(anonymous_8)
FNF:9
FNH:0
FNDA:0,(anonymous_0)
FNDA:0,(anonymous_1)
FNDA:0,(anonymous_2)
FNDA:0,(anonymous_3)
FNDA:0,(anonymous_4)
FNDA:0,(anonymous_5)
FNDA:0,(anonymous_6)
FNDA:0,(anonymous_7)
FNDA:0,(anonymous_8)
DA:8,0
DA:12,0
DA:19,0
DA:37,0
DA:71,0
DA:73,0
DA:93,0
DA:97,0
DA:101,0
LF:9
LH:0
BRF:0
BRH:0
end_of_record
TN:
SF:src/api/schedule/schedule.pipe.js
FN:5,(anonymous_0)
FN:9,(anonymous_1)
FN:24,(anonymous_2)
FNF:3
FNH:3
FNDA:1,(anonymous_0)
FNDA:1,(anonymous_1)
FNDA:1,(anonymous_2)
DA:6,1
DA:10,1
DA:25,1
DA:31,1
LF:4
LH:4
BRF:0
BRH:0
end_of_record
TN:
SF:src/api/schedule/schedule.routes.js
FN:15,(anonymous_0)
FN:23,(anonymous_1)
FNF:2
FNH:2
FNDA:1,(anonymous_0)
FNDA:1,(anonymous_1)
DA:16,1
DA:17,1
DA:25,1
DA:26,0
DA:34,1
DA:45,1
DA:60,1
DA:76,1
DA:89,1
LF:9
LH:8
BRDA:25,0,0,0
BRDA:25,0,1,1
BRF:2
BRH:1
end_of_record
TN:
SF:src/api/schedule/schedule.service.js
FN:21,(anonymous_0)
FN:74,(anonymous_1)
FN:102,(anonymous_2)
FN:111,(anonymous_3)
FN:118,(anonymous_4)
FN:126,(anonymous_5)
FN:216,(anonymous_6)
FN:230,(anonymous_7)
FN:243,(anonymous_8)
FN:259,(anonymous_9)
FN:260,(anonymous_10)
FN:300,(anonymous_11)
FNF:12
FNH:1
FNDA:6,(anonymous_0)
FNDA:0,(anonymous_1)
FNDA:0,(anonymous_2)
FNDA:0,(anonymous_3)
FNDA:0,(anonymous_4)
FNDA:0,(anonymous_5)
FNDA:0,(anonymous_6)
FNDA:0,(anonymous_7)
FNDA:0,(anonymous_8)
FNDA:0,(anonymous_9)
FNDA:0,(anonymous_10)
FNDA:0,(anonymous_11)
DA:17,1
DA:22,6
DA:36,6
DA:67,6
DA:75,0
DA:77,0
DA:79,0
DA:80,0
DA:88,0
DA:93,0
DA:95,0
DA:103,0
DA:105,0
DA:112,0
DA:119,0
DA:133,0
DA:135,0
DA:137,0
DA:138,0
DA:140,0
DA:141,0
DA:144,0
DA:145,0
DA:148,0
DA:149,0
DA:152,0
DA:153,0
DA:156,0
DA:157,0
DA:158,0
DA:177,0
DA:178,0
DA:180,0
DA:190,0
DA:206,0
DA:218,0
DA:220,0
DA:231,0
DA:232,0
DA:237,0
DA:245,0
DA:247,0
DA:248,0
DA:260,0
DA:261,0
DA:262,0
DA:268,0
DA:270,0
DA:271,0
DA:278,0
DA:284,0
DA:288,0
DA:290,0
DA:294,0
DA:302,0
LF:55
LH:4
BRDA:79,0,0,0
BRDA:79,0,1,0
BRDA:137,1,0,0
BRDA:137,1,1,0
BRDA:140,2,0,0
BRDA:140,2,1,0
BRDA:144,3,0,0
BRDA:144,3,1,0
BRDA:148,4,0,0
BRDA:148,4,1,0
BRDA:152,5,0,0
BRDA:152,5,1,0
BRDA:156,6,0,0
BRDA:156,6,1,0
BRDA:158,7,0,0
BRDA:158,7,1,0
BRDA:177,8,0,0
BRDA:177,8,1,0
BRDA:190,9,0,0
BRDA:190,9,1,0
BRDA:231,10,0,0
BRDA:231,10,1,0
BRDA:247,11,0,0
BRDA:247,11,1,0
BRDA:270,12,0,0
BRDA:270,12,1,0
BRF:26
BRH:0
end_of_record
TN:
SF:src/api/stats/stats.controller.js
FN:15,(anonymous_0)
FN:28,(anonymous_1)
FN:49,(anonymous_2)
FN:60,(anonymous_3)
FN:75,(anonymous_4)
FN:76,(anonymous_5)
FNF:6
FNH:1
FNDA:1,(anonymous_0)
FNDA:0,(anonymous_1)
FNDA:0,(anonymous_2)
FNDA:0,(anonymous_3)
FNDA:0,(anonymous_4)
FNDA:0,(anonymous_5)
DA:16,1
DA:17,1
DA:18,1
DA:19,1
DA:20,1
DA:21,1
DA:30,0
DA:34,0
DA:35,0
DA:37,0
DA:42,0
DA:50,0
DA:56,0
DA:58,0
DA:59,0
DA:61,0
DA:72,0
DA:75,0
DA:76,0
DA:77,0
DA:79,0
DA:82,0
DA:86,0
DA:93,0
DA:110,0
LF:25
LH:6
BRDA:34,0,0,0
BRDA:34,0,1,0
BRDA:77,1,0,0
BRDA:77,1,1,0
BRF:4
BRH:0
end_of_record
TN:
SF:src/api/stats/stats.functions.js
FN:141,(anonymous_0)
FN:154,(anonymous_1)
FN:168,(anonymous_2)
FN:184,(anonymous_3)
FN:185,range
FN:186,(anonymous_5)
FN:205,(anonymous_6)
FN:215,(anonymous_7)
FN:235,(anonymous_8)
FN:267,(anonymous_9)
FN:288,(anonymous_10)
FN:290,(anonymous_11)
FN:325,(anonymous_12)
FN:327,(anonymous_13)
FN:345,(anonymous_14)
FNF:15
FNH:5
FNDA:1,(anonymous_0)
FNDA:0,(anonymous_1)
FNDA:14,(anonymous_2)
FNDA:0,(anonymous_3)
FNDA:0,range
FNDA:0,(anonymous_5)
FNDA:0,(anonymous_6)
FNDA:0,(anonymous_7)
FNDA:0,(anonymous_8)
FNDA:1,(anonymous_9)
FNDA:0,(anonymous_10)
FNDA:0,(anonymous_11)
FNDA:3,(anonymous_12)
FNDA:12,(anonymous_13)
FNDA:0,(anonymous_14)
DA:5,2
DA:6,2
DA:7,2
DA:8,2
DA:9,2
DA:11,2
DA:142,1
DA:147,0
DA:149,0
DA:153,0
DA:154,0
DA:157,0
DA:164,1
DA:165,1
DA:167,1
DA:168,14
DA:171,1
DA:186,0
DA:187,0
DA:191,0
DA:192,0
DA:194,0
DA:196,0
DA:206,0
DA:208,0
DA:209,0
DA:215,0
DA:217,0
DA:220,0
DA:221,0
DA:223,0
DA:224,0
DA:227,0
DA:236,0
DA:238,0
DA:247,0
DA:268,1
DA:269,0
DA:287,0
DA:289,0
DA:291,0
DA:303,0
DA:318,1
DA:319,1
DA:325,1
DA:327,12
DA:330,3
DA:333,1
DA:346,0
LF:49
LH:19
BRDA:142,0,0,0
BRDA:142,0,1,1
BRDA:149,1,0,0
BRDA:149,1,1,0
BRDA:154,2,0,0
BRDA:154,2,1,0
BRDA:159,3,0,0
BRDA:159,3,1,0
BRDA:160,4,0,0
BRDA:160,4,1,0
BRDA:164,5,0,1
BRDA:164,5,1,0
BRDA:168,6,0,14
BRDA:168,6,1,14
BRDA:172,7,0,0
BRDA:172,7,1,1
BRDA:173,8,0,1
BRDA:173,8,1,0
BRDA:187,9,0,0
BRDA:187,9,1,0
BRDA:191,10,0,0
BRDA:191,10,1,0
BRDA:205,11,0,0
BRDA:208,12,0,0
BRDA:208,12,1,0
BRDA:220,13,0,0
BRDA:220,13,1,0
BRDA:223,14,0,0
BRDA:223,14,1,0
BRDA:236,15,0,0
BRDA:236,15,1,0
BRDA:268,16,0,0
BRDA:268,16,1,1
BRDA:269,17,0,0
BRDA:269,17,1,0
BRDA:270,18,0,0
BRDA:270,18,1,0
BRDA:291,19,0,0
BRDA:291,19,1,0
BRDA:318,20,0,1
BRDA:318,20,1,0
BRF:41
BRH:8
end_of_record
TN:
SF:src/api/stats/stats.model.js
FN:11,(anonymous_0)
FN:18,(anonymous_1)
FN:22,(anonymous_2)
FN:38,(anonymous_3)
FNF:4
FNH:0
FNDA:0,(anonymous_0)
FNDA:0,(anonymous_1)
FNDA:0,(anonymous_2)
FNDA:0,(anonymous_3)
DA:12,0
DA:19,0
DA:23,0
DA:39,0
LF:4
LH:0
BRF:0
BRH:0
end_of_record
TN:
SF:src/api/stats/stats.pipe.js
FN:4,(anonymous_0)
FN:38,(anonymous_1)
FNF:2
FNH:1
FNDA:0,(anonymous_0)
FNDA:1,(anonymous_1)
DA:5,0
DA:39,1
DA:48,1
LF:3
LH:2
BRF:0
BRH:0
end_of_record
TN:
SF:src/api/stats/stats.routes.js
FN:9,(anonymous_0)
FN:15,(anonymous_1)
FNF:2
FNH:2
FNDA:1,(anonymous_0)
FNDA:1,(anonymous_1)
DA:10,1
DA:11,1
DA:12,1
DA:16,1
DA:17,0
DA:20,1
DA:26,1
LF:7
LH:6
BRDA:16,0,0,0
BRDA:16,0,1,1
BRF:2
BRH:1
end_of_record
TN:
SF:src/api/stats/stats.service.js
FN:27,(anonymous_0)
FN:54,(anonymous_1)
FN:63,(anonymous_2)
FN:84,(anonymous_3)
FN:87,(anonymous_4)
FN:125,(anonymous_5)
FNF:6
FNH:1
FNDA:2,(anonymous_0)
FNDA:0,(anonymous_1)
FNDA:0,(anonymous_2)
FNDA:0,(anonymous_3)
FNDA:0,(anonymous_4)
FNDA:0,(anonymous_5)
DA:28,2
DA:39,2
DA:40,2
DA:41,2
DA:56,0
DA:65,0
DA:67,0
DA:75,0
DA:86,0
DA:87,0
DA:88,0
DA:89,0
DA:93,0
DA:95,0
DA:102,0
DA:104,0
DA:109,0
DA:116,0
DA:118,0
DA:126,0
DA:128,0
DA:138,0
LF:22
LH:4
BRDA:65,0,0,0
BRDA:65,0,1,0
BRF:2
BRH:0
end_of_record
TN:
SF:src/api/stripe/stripe.events.js
FNF:0
FNH:0
LF:0
LH:0
BRF:0
BRH:0
end_of_record
TN:
SF:src/api/stripe/stripe.service.js
FN:30,(anonymous_0)
FN:40,(anonymous_1)
FN:63,(anonymous_2)
FN:102,(anonymous_3)
FN:149,(anonymous_4)
FN:168,(anonymous_5)
FNF:6
FNH:4
FNDA:6,(anonymous_0)
FNDA:2,(anonymous_1)
FNDA:4,(anonymous_2)
FNDA:2,(anonymous_3)
FNDA:0,(anonymous_4)
FNDA:0,(anonymous_5)
DA:10,8
DA:31,6
DA:32,6
DA:33,6
DA:41,2
DA:45,1
DA:49,1
DA:50,1
DA:54,0
DA:65,4
DA:67,4
DA:68,1
DA:73,3
DA:78,3
DA:79,3
DA:87,3
DA:89,3
DA:94,0
DA:95,0
DA:104,2
DA:106,2
DA:108,2
DA:110,2
DA:112,2
DA:114,2
DA:115,2
DA:122,2
DA:137,1
DA:139,1
DA:141,1
DA:142,1
DA:151,0
DA:153,0
DA:155,0
DA:156,0
DA:158,0
DA:160,0
DA:162,0
DA:164,0
DA:170,0
DA:172,0
DA:173,0
DA:175,0
DA:177,0
DA:179,0
DA:181,0
LF:46
LH:28
BRDA:41,0,0,1
BRDA:41,0,1,1
BRDA:42,1,0,2
BRDA:42,1,1,1
BRDA:49,2,0,1
BRDA:49,2,1,0
BRDA:67,3,0,1
BRDA:67,3,1,3
BRF:8
BRH:7
end_of_record
TN:
SF:src/api/stripe/stripe.webhook.js
FN:25,(anonymous_0)
FNF:1
FNH:1
FNDA:3,(anonymous_0)
DA:6,4
DA:8,4
DA:10,4
DA:12,4
DA:22,4
DA:26,3
DA:28,3
DA:29,0
DA:30,0
DA:35,3
DA:36,3
DA:38,1
DA:39,1
DA:48,2
DA:49,2
DA:53,0
DA:54,0
DA:57,2
DA:58,1
DA:59,1
DA:62,1
DA:63,1
DA:68,1
DA:70,1
DA:72,1
DA:75,1
DA:78,0
DA:81,0
DA:84,0
DA:87,0
DA:90,0
DA:93,1
DA:95,0
DA:99,0
LF:34
LH:23
BRDA:28,0,0,0
BRDA:28,0,1,3
BRDA:57,1,0,1
BRDA:57,1,1,1
BRDA:70,2,0,1
BRDA:70,2,1,0
BRDA:70,2,2,0
BRDA:70,2,3,0
BRF:8
BRH:4
end_of_record
TN:
SF:src/api/users/users.controller.js
FN:11,(anonymous_0)
FN:23,(anonymous_1)
FN:54,(anonymous_2)
FN:79,(anonymous_3)
FN:126,(anonymous_4)
FN:155,(anonymous_5)
FNF:6
FNH:1
FNDA:1,(anonymous_0)
FNDA:0,(anonymous_1)
FNDA:0,(anonymous_2)
FNDA:0,(anonymous_3)
FNDA:0,(anonymous_4)
FNDA:0,(anonymous_5)
DA:12,1
DA:13,1
DA:14,1
DA:15,1
DA:16,1
DA:25,0
DA:27,0
DA:29,0
DA:30,0
DA:35,0
DA:47,0
DA:56,0
DA:57,0
DA:60,0
DA:62,0
DA:64,0
DA:65,0
DA:72,0
DA:84,0
DA:86,0
DA:88,0
DA:90,0
DA:94,0
DA:95,0
DA:100,0
DA:105,0
DA:110,0
DA:119,0
DA:128,0
DA:130,0
DA:132,0
DA:134,0
DA:136,0
DA:138,0
DA:143,0
DA:157,0
DA:159,0
DA:161,0
LF:38
LH:5
BRDA:29,0,0,0
BRDA:29,0,1,0
BRDA:56,1,0,0
BRDA:56,1,1,0
BRDA:64,2,0,0
BRDA:64,2,1,0
BRDA:94,3,0,0
BRDA:94,3,1,0
BRDA:95,4,0,0
BRDA:95,4,1,0
BRF:10
BRH:0
end_of_record
TN:
SF:src/api/users/users.model.js
FN:20,(anonymous_0)
FN:24,(anonymous_1)
FN:28,(anonymous_2)
FN:46,(anonymous_3)
FN:143,(anonymous_4)
FN:145,(anonymous_5)
FN:149,(anonymous_6)
FNF:7
FNH:0
FNDA:0,(anonymous_0)
FNDA:0,(anonymous_1)
FNDA:0,(anonymous_2)
FNDA:0,(anonymous_3)
FNDA:0,(anonymous_4)
FNDA:0,(anonymous_5)
FNDA:0,(anonymous_6)
DA:21,0
DA:25,0
DA:29,0
DA:47,0
DA:144,0
DA:146,0
DA:150,0
LF:7
LH:0
BRF:0
BRH:0
end_of_record
TN:
SF:src/api/users/users.pipe.js
FN:5,(anonymous_0)
FN:9,(anonymous_1)
FN:33,(anonymous_2)
FN:43,(anonymous_3)
FN:71,(anonymous_4)
FNF:5
FNH:5
FNDA:1,(anonymous_0)
FNDA:1,(anonymous_1)
FNDA:1,(anonymous_2)
FNDA:1,(anonymous_3)
FNDA:1,(anonymous_4)
DA:6,1
DA:10,1
DA:34,1
DA:44,1
DA:46,1
DA:72,1
DA:81,1
LF:7
LH:7
BRF:0
BRH:0
end_of_record
TN:
SF:src/api/users/users.routes.js
FN:14,(anonymous_0)
FN:22,(anonymous_1)
FNF:2
FNH:2
FNDA:1,(anonymous_0)
FNDA:1,(anonymous_1)
DA:15,1
DA:16,1
DA:23,1
DA:24,0
DA:27,1
DA:33,1
DA:40,1
DA:46,1
DA:52,1
LF:9
LH:8
BRDA:23,0,0,0
BRDA:23,0,1,1
BRF:2
BRH:1
end_of_record
TN:
SF:src/api/views/views.model.js
FN:5,(anonymous_0)
FN:9,(anonymous_1)
FN:16,(anonymous_2)
FN:33,(anonymous_3)
FN:46,(anonymous_4)
FN:48,(anonymous_5)
FNF:6
FNH:0
FNDA:0,(anonymous_0)
FNDA:0,(anonymous_1)
FNDA:0,(anonymous_2)
FNDA:0,(anonymous_3)
FNDA:0,(anonymous_4)
FNDA:0,(anonymous_5)
DA:6,0
DA:10,0
DA:17,0
DA:34,0
DA:47,0
DA:49,0
LF:6
LH:0
BRF:0
BRH:0
end_of_record
TN:
SF:src/api/youtube/youtube.controller.js
FN:5,(anonymous_0)
FN:12,(anonymous_1)
FNF:2
FNH:1
FNDA:1,(anonymous_0)
FNDA:0,(anonymous_1)
DA:6,1
DA:14,0
LF:2
LH:1
BRF:0
BRH:0
end_of_record
TN:
SF:src/api/youtube/youtube.pipe.js
FN:4,(anonymous_0)
FNF:1
FNH:1
FNDA:1,(anonymous_0)
DA:5,1
DA:16,1
LF:2
LH:2
BRF:0
BRH:0
end_of_record
TN:
SF:src/api/youtube/youtube.routes.js
FN:12,(anonymous_0)
FN:19,(anonymous_1)
FNF:2
FNH:2
FNDA:1,(anonymous_0)
FNDA:1,(anonymous_1)
DA:13,1
DA:20,1
DA:26,1
LF:3
LH:3
BRF:0
BRH:0
end_of_record
TN:
SF:src/api/youtube/youtube.service.js
FN:5,(anonymous_0)
FN:9,(anonymous_1)
FN:10,(anonymous_2)
FN:20,(anonymous_3)
FNF:4
FNH:1
FNDA:1,(anonymous_0)
FNDA:0,(anonymous_1)
FNDA:0,(anonymous_2)
FNDA:0,(anonymous_3)
DA:6,1
DA:10,0
DA:11,0
DA:21,0
DA:22,0
DA:25,0
LF:6
LH:1
BRDA:16,0,0,0
BRDA:16,0,1,0
BRDA:21,1,0,0
BRDA:21,1,1,0
BRF:4
BRH:0
end_of_record
TN:
SF:src/common/cron.js
FN:10,(anonymous_0)
FN:15,(anonymous_1)
FN:24,(anonymous_2)
FN:46,(anonymous_3)
FNF:4
FNH:3
FNDA:1,(anonymous_0)
FNDA:1,(anonymous_1)
FNDA:8,(anonymous_2)
FNDA:0,(anonymous_3)
DA:11,1
DA:12,1
DA:17,1
DA:19,1
DA:20,4
DA:22,4
DA:24,4
DA:25,8
DA:26,8
DA:41,1
DA:47,0
LF:11
LH:10
BRDA:25,0,0,8
BRDA:25,0,1,0
BRF:2
BRH:1
end_of_record
TN:
SF:src/common/cronLock.js
FN:7,getRedlock
FN:21,(anonymous_1)
FN:29,lockAndRun
FNF:3
FNH:0
FNDA:0,getRedlock
FNDA:0,(anonymous_1)
FNDA:0,lockAndRun
DA:5,1
DA:8,0
DA:10,0
DA:11,0
DA:13,0
DA:21,0
DA:22,0
DA:23,0
DA:26,0
DA:30,0
DA:32,0
DA:33,0
DA:36,0
DA:38,0
DA:39,0
DA:41,0
DA:42,0
DA:45,0
DA:46,0
DA:48,0
DA:49,0
DA:51,0
LF:22
LH:1
BRDA:8,0,0,0
BRDA:8,0,1,0
BRDA:11,1,0,0
BRDA:11,1,1,0
BRDA:22,2,0,0
BRDA:22,2,1,0
BRDA:22,3,0,0
BRDA:22,3,1,0
BRDA:32,4,0,0
BRDA:32,4,1,0
BRF:10
BRH:0
end_of_record
TN:
SF:src/common/process.js
FNF:0
FNH:0
DA:1,2
LF:1
LH:1
BRF:0
BRH:0
end_of_record
TN:
SF:src/common/tasks.js
FNF:0
FNH:0
DA:1,1
LF:1
LH:1
BRF:0
BRH:0
end_of_record
TN:
SF:src/common/datetime/index.js
FN:24,toDateFnsToken
FN:39,isValidDate
FN:54,formatDate
FN:71,formatTz
FN:88,convertTimezone
FN:101,nowUtc
FN:114,nowTz
FN:127,addDaysFormatted
FN:141,subDaysFormatted
FN:155,subMinutesFormatted
FN:169,addMinutesFormatted
FN:182,startOfUtcDay
FN:194,endOfUtcDay
FN:207,isBetween
FN:208,(anonymous_14)
FN:224,addDaysTz
FNF:16
FNH:16
FNDA:26,toDateFnsToken
FNDA:6,isValidDate
FNDA:2,formatDate
FNDA:3,formatTz
FNDA:2,convertTimezone
FNDA:2,nowUtc
FNDA:3,nowTz
FNDA:2,addDaysFormatted
FNDA:1,subDaysFormatted
FNDA:1,subMinutesFormatted
FNDA:1,addMinutesFormatted
FNDA:1,startOfUtcDay
FNDA:1,endOfUtcDay
FNDA:5,isBetween
FNDA:15,(anonymous_14)
FNDA:2,addDaysTz
DA:25,26
DA:40,6
DA:41,5
DA:42,2
DA:43,1
DA:55,2
DA:56,2
DA:72,3
DA:73,3
DA:89,2
DA:90,2
DA:91,2
DA:102,2
DA:115,3
DA:128,2
DA:129,2
DA:142,1
DA:143,1
DA:156,1
DA:157,1
DA:170,1
DA:171,1
DA:183,1
DA:195,1
DA:208,15
DA:209,5
DA:225,2
LF:27
LH:27
BRDA:40,0,0,1
BRDA:40,0,1,5
BRDA:41,1,0,3
BRDA:41,1,1,2
BRDA:42,2,0,1
BRDA:42,2,1,1
BRDA:55,3,0,1
BRDA:55,3,1,1
BRDA:72,4,0,0
BRDA:72,4,1,3
BRDA:89,5,0,0
BRDA:89,5,1,2
BRDA:128,6,0,0
BRDA:128,6,1,2
BRDA:142,7,0,0
BRDA:142,7,1,1
BRDA:156,8,0,1
BRDA:156,8,1,0
BRDA:170,9,0,1
BRDA:170,9,1,0
BRDA:208,10,0,0
BRDA:208,10,1,15
BRF:22
BRH:15
end_of_record
TN:
SF:src/config/index.js
FNF:0
FNH:0
DA:4,1
DA:6,1
DA:10,1
DA:61,1
DA:62,0
DA:65,1
DA:76,1
DA:78,1
DA:79,0
DA:84,1
DA:86,0
DA:91,1
DA:92,7
DA:94,1
LF:14
LH:11
BRDA:6,0,0,1
BRDA:6,0,1,0
BRDA:11,1,0,1
BRDA:11,1,1,0
BRDA:12,2,0,1
BRDA:12,2,1,0
BRDA:14,3,0,0
BRDA:14,3,1,1
BRDA:19,4,0,1
BRDA:19,4,1,1
BRDA:34,5,0,1
BRDA:34,5,1,0
BRDA:52,6,0,0
BRDA:52,6,1,1
BRDA:61,7,0,0
BRDA:61,7,1,1
BRDA:76,8,0,1
BRDA:76,8,1,0
BRDA:78,9,0,0
BRDA:78,9,1,1
BRDA:84,10,0,0
BRDA:84,10,1,1
BRDA:84,11,0,1
BRDA:84,11,1,0
BRDA:92,12,0,1
BRDA:92,12,1,6
BRF:26
BRH:15
end_of_record
TN:
SF:src/config/root.js
FN:6,(anonymous_0)
FN:26,(anonymous_1)
FNF:2
FNH:1
FNDA:0,(anonymous_0)
FNDA:1,(anonymous_1)
DA:3,1
DA:8,0
DA:26,1
LF:3
LH:2
BRF:0
BRH:0
end_of_record
TN:
SF:src/core/config.core.js
FNF:0
FNH:0
DA:3,1
LF:1
LH:1
BRF:0
BRH:0
end_of_record
TN:
SF:src/decorators/index.js
FN:13,Readonly
FN:21,CronSchedule
FN:23,(anonymous_2)
FN:29,(anonymous_3)
FN:33,(anonymous_4)
FN:46,Router
FN:47,(anonymous_6)
FN:49,(anonymous_7)
FN:55,(anonymous_8)
FN:71,Bind
FN:77,(anonymous_10)
FN:86,(anonymous_11)
FN:96,Controller
FN:100,getMethodDescriptor
FN:125,(anonymous_14)
FN:145,Injectable
FN:147,(anonymous_16)
FN:153,(anonymous_17)
FNF:18
FNH:13
FNDA:2,Readonly
FNDA:4,CronSchedule
FNDA:4,(anonymous_2)
FNDA:8,(anonymous_3)
FNDA:0,(anonymous_4)
FNDA:22,Router
FNDA:22,(anonymous_6)
FNDA:22,(anonymous_7)
FNDA:22,(anonymous_8)
FNDA:138,Bind
FNDA:92,(anonymous_10)
FNDA:5,(anonymous_11)
FNDA:0,Controller
FNDA:0,getMethodDescriptor
FNDA:0,(anonymous_14)
FNDA:7,Injectable
FNDA:25,(anonymous_16)
FNDA:0,(anonymous_17)
DA:14,2
DA:15,2
DA:22,4
DA:24,4
DA:26,4
DA:28,4
DA:30,8
DA:31,8
DA:33,0
DA:47,22
DA:48,22
DA:50,22
DA:51,22
DA:52,22
DA:56,22
DA:72,138
DA:74,138
DA:78,92
DA:80,92
DA:86,92
DA:87,5
DA:101,0
DA:102,0
DA:104,0
DA:112,0
DA:113,0
DA:115,0
DA:117,0
DA:118,0
DA:120,0
DA:125,0
DA:126,0
DA:128,0
DA:131,0
DA:138,0
DA:146,7
DA:148,25
DA:149,25
DA:150,25
DA:154,0
LF:40
LH:24
BRDA:26,0,0,4
BRDA:26,0,1,4
BRDA:101,1,0,0
BRDA:101,1,1,0
BRDA:117,2,0,0
BRDA:117,2,1,0
BRF:6
BRH:2
end_of_record
TN:
SF:src/exceptions/index.js
FN:5,(anonymous_0)
FN:16,(anonymous_1)
FN:27,(anonymous_2)
FN:38,(anonymous_3)
FN:49,(anonymous_4)
FN:61,(anonymous_5)
FN:74,(anonymous_6)
FN:87,(anonymous_7)
FN:95,(anonymous_8)
FN:104,(anonymous_9)
FNF:10
FNH:5
FNDA:5,(anonymous_0)
FNDA:2,(anonymous_1)
FNDA:0,(anonymous_2)
FNDA:0,(anonymous_3)
FNDA:0,(anonymous_4)
FNDA:1,(anonymous_5)
FNDA:0,(anonymous_6)
FNDA:1,(anonymous_7)
FNDA:1,(anonymous_8)
FNDA:0,(anonymous_9)
DA:6,5
DA:7,5
DA:8,5
DA:17,2
DA:18,2
DA:19,2
DA:28,0
DA:29,0
DA:30,0
DA:39,0
DA:40,0
DA:41,0
DA:50,0
DA:51,0
DA:62,1
DA:63,1
DA:66,1
DA:75,0
DA:76,0
DA:79,0
DA:80,0
DA:88,1
DA:89,1
DA:90,1
DA:96,1
DA:97,1
DA:98,1
DA:99,1
DA:105,0
DA:106,0
DA:107,0
LF:31
LH:16
BRDA:7,0,0,5
BRDA:7,0,1,0
BRDA:18,1,0,2
BRDA:18,1,1,0
BRDA:29,2,0,0
BRDA:29,2,1,0
BRDA:40,3,0,0
BRDA:40,3,1,0
BRDA:52,4,0,0
BRDA:52,4,1,0
BRDA:64,5,0,1
BRDA:64,5,1,0
BRDA:77,6,0,0
BRDA:77,6,1,0
BRDA:89,7,0,1
BRDA:89,7,1,0
BRDA:95,8,0,0
BRDA:98,9,0,1
BRDA:98,9,1,0
BRDA:106,10,0,0
BRDA:106,10,1,0
BRF:21
BRH:5
end_of_record
TN:
SF:src/functions/index.js
FN:8,createPaginationStack
FN:36,exist
FN:37,(anonymous_2)
FN:46,generateDateFileName
FN:50,sanitizeFile
FN:63,isValidDate
FN:74,getAllElementExceptLast
FN:81,cloudfrontURL
FN:90,getSchemaIndex
FN:91,(anonymous_9)
FN:99,analyzeFamilyName
FN:114,isRunningOnProductionOrDevelopment
FN:124,parseContent
FN:128,(anonymous_13)
FN:135,build
FN:139,sum
FNF:16
FNH:1
FNDA:0,createPaginationStack
FNDA:0,exist
FNDA:0,(anonymous_2)
FNDA:0,generateDateFileName
FNDA:0,sanitizeFile
FNDA:0,isValidDate
FNDA:0,getAllElementExceptLast
FNDA:0,cloudfrontURL
FNDA:0,getSchemaIndex
FNDA:0,(anonymous_9)
FNDA:0,analyzeFamilyName
FNDA:23,isRunningOnProductionOrDevelopment
FNDA:0,parseContent
FNDA:0,(anonymous_13)
FNDA:0,build
FNDA:0,sum
DA:9,0
DA:16,0
DA:20,0
DA:37,0
DA:38,0
DA:40,0
DA:47,0
DA:51,0
DA:52,0
DA:55,0
DA:57,0
DA:58,0
DA:60,0
DA:64,0
DA:66,0
DA:67,0
DA:75,0
DA:82,0
DA:91,0
DA:92,0
DA:100,0
DA:101,0
DA:102,0
DA:104,0
DA:106,0
DA:115,23
DA:125,0
DA:127,0
DA:128,0
DA:136,0
DA:141,0
DA:143,0
LF:32
LH:1
BRDA:16,0,0,0
BRDA:16,0,1,0
BRDA:26,1,0,0
BRDA:26,1,1,0
BRDA:37,2,0,0
BRDA:37,2,1,0
BRDA:55,3,0,0
BRDA:55,3,1,0
BRDA:57,4,0,0
BRDA:57,4,1,0
BRDA:66,5,0,0
BRDA:66,5,1,0
BRDA:100,6,0,0
BRDA:100,6,1,0
BRDA:101,7,0,0
BRDA:101,7,1,0
BRDA:116,8,0,23
BRDA:116,8,1,23
BRDA:127,9,0,0
BRDA:127,9,1,0
BRF:20
BRH:2
end_of_record
TN:
SF:src/gateways/socket.js
FN:14,(anonymous_0)
FN:26,(anonymous_1)
FN:31,(anonymous_2)
FN:36,(anonymous_3)
FN:44,(anonymous_4)
FN:48,(anonymous_5)
FN:60,(anonymous_6)
FN:75,(anonymous_7)
FN:87,(anonymous_8)
FN:92,(anonymous_9)
FN:97,(anonymous_10)
FN:105,(anonymous_11)
FN:128,(anonymous_12)
FN:164,(anonymous_13)
FNF:14
FNH:3
FNDA:1,(anonymous_0)
FNDA:0,(anonymous_1)
FNDA:0,(anonymous_2)
FNDA:0,(anonymous_3)
FNDA:1,(anonymous_4)
FNDA:0,(anonymous_5)
FNDA:0,(anonymous_6)
FNDA:2,(anonymous_7)
FNDA:0,(anonymous_8)
FNDA:0,(anonymous_9)
FNDA:0,(anonymous_10)
FNDA:0,(anonymous_11)
FNDA:0,(anonymous_12)
FNDA:0,(anonymous_13)
DA:15,1
DA:17,1
DA:19,1
DA:21,1
DA:23,1
DA:28,0
DA:33,0
DA:37,0
DA:39,0
DA:46,1
DA:48,1
DA:50,0
DA:52,0
DA:53,0
DA:56,0
DA:61,0
DA:62,0
DA:65,0
DA:66,0
DA:75,1
DA:76,2
DA:78,2
DA:79,2
DA:87,1
DA:88,0
DA:90,0
DA:92,0
DA:93,0
DA:94,0
DA:97,0
DA:98,0
DA:105,0
DA:106,0
DA:107,0
DA:109,0
DA:110,0
DA:112,0
DA:118,0
DA:122,0
DA:127,0
DA:128,0
DA:129,0
DA:130,0
DA:134,0
DA:139,0
DA:142,0
DA:153,0
DA:154,0
DA:158,0
DA:160,0
DA:166,0
LF:51
LH:12
BRDA:23,0,0,1
BRDA:23,0,1,0
BRDA:50,1,0,0
BRDA:50,1,1,0
BRDA:52,2,0,0
BRDA:52,2,1,0
BRDA:61,3,0,0
BRDA:61,3,1,0
BRDA:78,4,0,2
BRDA:78,4,1,0
BRDA:109,5,0,0
BRDA:109,5,1,0
BRDA:124,6,0,0
BRDA:124,6,1,0
BRDA:127,7,0,0
BRDA:127,7,1,0
BRF:16
BRH:2
end_of_record
TN:
SF:src/gateways/events/index.js
FNF:0
FNH:0
DA:6,1
DA:7,1
DA:8,1
DA:9,1
DA:15,1
DA:22,1
DA:29,1
DA:36,1
DA:43,1
DA:50,1
DA:57,1
DA:65,1
DA:73,1
DA:81,1
DA:88,1
LF:15
LH:15
BRF:0
BRH:0
end_of_record
TN:
SF:src/gateways/modules/chat.js
FN:18,(anonymous_0)
FN:23,(anonymous_1)
FN:24,(anonymous_2)
FN:31,(anonymous_3)
FN:44,(anonymous_4)
FN:55,(anonymous_5)
FN:65,(anonymous_6)
FNF:7
FNH:2
FNDA:1,(anonymous_0)
FNDA:1,(anonymous_1)
FNDA:0,(anonymous_2)
FNDA:0,(anonymous_3)
FNDA:0,(anonymous_4)
FNDA:0,(anonymous_5)
FNDA:0,(anonymous_6)
DA:19,1
DA:20,1
DA:24,1
DA:25,0
DA:31,0
DA:32,0
DA:37,0
DA:44,0
DA:45,0
DA:47,0
DA:55,0
DA:56,0
DA:58,0
DA:65,0
DA:66,0
DA:67,0
DA:68,0
LF:17
LH:3
BRF:0
BRH:0
end_of_record
TN:
SF:src/gateways/modules/meetings.js
FN:19,(anonymous_0)
FN:27,(anonymous_1)
FN:29,(anonymous_2)
FN:41,(anonymous_3)
FNF:4
FNH:2
FNDA:1,(anonymous_0)
FNDA:1,(anonymous_1)
FNDA:0,(anonymous_2)
FNDA:0,(anonymous_3)
DA:20,1
DA:21,1
DA:22,1
DA:23,1
DA:24,1
DA:29,1
DA:30,0
DA:36,0
DA:42,0
DA:44,0
DA:45,0
DA:50,0
DA:51,0
DA:53,0
DA:58,0
DA:60,0
DA:66,0
DA:67,0
LF:18
LH:6
BRDA:50,0,0,0
BRDA:50,0,1,0
BRF:2
BRH:0
end_of_record
TN:
SF:src/gateways/rooms/index.js
FNF:0
FNH:0
DA:1,1
LF:1
LH:1
BRF:0
BRH:0
end_of_record
TN:
SF:src/metadata/categories.js
FNF:0
FNH:0
DA:1,2
LF:1
LH:1
BRF:0
BRH:0
end_of_record
TN:
SF:src/metadata/demo.js
FN:6,(anonymous_0)
FNF:1
FNH:0
FNDA:0,(anonymous_0)
DA:1,1
DA:7,0
LF:2
LH:1
BRF:0
BRH:0
end_of_record
TN:
SF:src/metadata/models.js
FNF:0
FNH:0
DA:1,2
LF:1
LH:1
BRF:0
BRH:0
end_of_record
TN:
SF:src/metadata/notifications.js
FNF:0
FNH:0
DA:2,1
DA:3,1
DA:4,1
DA:6,1
DA:7,1
DA:9,1
DA:10,1
DA:11,1
DA:13,1
DA:14,1
DA:16,1
LF:11
LH:11
BRF:0
BRH:0
end_of_record
TN:
SF:src/metadata/owners.js
FNF:0
FNH:0
DA:1,1
LF:1
LH:1
BRF:0
BRH:0
end_of_record
TN:
SF:src/metadata/plans.js
FNF:0
FNH:0
DA:1,1
LF:1
LH:1
BRF:0
BRH:0
end_of_record
TN:
SF:src/metadata/roles.js
FNF:0
FNH:0
DA:11,1
LF:1
LH:1
BRF:0
BRH:0
end_of_record
TN:
SF:src/middlewares/handlers.js
FN:10,validationErrorHandler
FN:19,(anonymous_1)
FN:39,(anonymous_2)
FN:60,(anonymous_3)
FNF:4
FNH:2
FNDA:0,validationErrorHandler
FNDA:0,(anonymous_1)
FNDA:4,(anonymous_2)
FNDA:1,(anonymous_3)
DA:11,0
DA:12,0
DA:17,0
DA:18,0
DA:19,0
DA:20,0
DA:27,0
DA:39,2
DA:40,4
DA:42,4
DA:44,4
DA:60,2
DA:61,1
DA:62,1
DA:64,1
LF:15
LH:8
BRDA:11,0,0,0
BRDA:11,0,1,0
BRDA:42,1,0,4
BRDA:42,1,1,0
BRDA:61,2,0,1
BRDA:61,2,1,0
BRF:6
BRH:2
end_of_record
TN:
SF:src/middlewares/index.js
FN:28,(anonymous_0)
FN:33,(anonymous_1)
FN:43,(anonymous_2)
FN:44,(anonymous_3)
FN:62,(anonymous_4)
FN:63,(anonymous_5)
FN:94,(anonymous_6)
FN:115,(anonymous_7)
FN:129,(anonymous_8)
FN:130,(anonymous_9)
FN:131,(anonymous_10)
FN:153,(anonymous_11)
FN:154,(anonymous_12)
FN:175,(anonymous_13)
FN:201,(anonymous_14)
FN:218,(anonymous_15)
FN:237,(anonymous_16)
FN:241,(anonymous_17)
FN:251,(anonymous_18)
FN:257,(anonymous_19)
FN:269,(anonymous_20)
FN:270,(anonymous_21)
FN:297,(anonymous_22)
FN:298,(anonymous_23)
FN:339,(anonymous_24)
FNF:25
FNH:8
FNDA:0,(anonymous_0)
FNDA:0,(anonymous_1)
FNDA:15,(anonymous_2)
FNDA:0,(anonymous_3)
FNDA:0,(anonymous_4)
FNDA:0,(anonymous_5)
FNDA:1,(anonymous_6)
FNDA:0,(anonymous_7)
FNDA:98,(anonymous_8)
FNDA:1,(anonymous_9)
FNDA:0,(anonymous_10)
FNDA:1,(anonymous_11)
FNDA:1,(anonymous_12)
FNDA:0,(anonymous_13)
FNDA:0,(anonymous_14)
FNDA:0,(anonymous_15)
FNDA:0,(anonymous_16)
FNDA:0,(anonymous_17)
FNDA:0,(anonymous_18)
FNDA:0,(anonymous_19)
FNDA:0,(anonymous_20)
FNDA:0,(anonymous_21)
FNDA:3,(anonymous_22)
FNDA:0,(anonymous_23)
FNDA:1,(anonymous_24)
DA:20,1
DA:22,1
DA:27,1
DA:29,0
DA:31,0
DA:34,0
DA:44,15
DA:45,0
DA:47,0
DA:48,0
DA:49,0
DA:51,0
DA:54,0
DA:63,0
DA:64,0
DA:66,0
DA:70,0
DA:71,0
DA:77,0
DA:78,0
DA:85,0
DA:95,1
DA:97,1
DA:99,1
DA:100,1
DA:103,0
DA:116,0
DA:118,0
DA:120,0
DA:122,0
DA:130,98
DA:131,1
DA:132,0
DA:134,0
DA:135,0
DA:137,0
DA:154,1
DA:155,1
DA:156,1
DA:158,1
DA:161,0
DA:176,0
DA:178,0
DA:180,0
DA:181,0
DA:183,0
DA:187,0
DA:190,0
DA:192,0
DA:202,0
DA:204,0
DA:205,0
DA:208,0
DA:219,0
DA:221,0
DA:222,0
DA:227,0
DA:234,0
DA:238,0
DA:242,0
DA:246,0
DA:251,0
DA:252,0
DA:253,0
DA:257,0
DA:258,0
DA:261,0
DA:270,0
DA:271,0
DA:275,0
DA:276,0
DA:278,0
DA:284,0
DA:286,0
DA:298,3
DA:299,0
DA:301,0
DA:302,0
DA:306,0
DA:307,0
DA:308,0
DA:311,0
DA:313,0
DA:316,0
DA:319,0
DA:320,0
DA:324,0
DA:325,0
DA:326,0
DA:329,0
DA:331,0
DA:334,0
DA:340,1
DA:342,1
DA:344,1
DA:346,1
DA:348,1
DA:349,1
DA:351,1
DA:353,1
DA:355,1
DA:358,0
DA:360,0
DA:361,0
DA:363,0
DA:365,0
DA:367,0
DA:370,0
DA:375,0
DA:377,0
DA:379,0
LF:111
LH:24
BRDA:48,0,0,0
BRDA:48,0,1,0
BRDA:70,1,0,0
BRDA:70,1,1,0
BRDA:77,2,0,0
BRDA:77,2,1,0
BRDA:99,3,0,1
BRDA:99,3,1,0
BRDA:137,4,0,0
BRDA:137,4,1,0
BRDA:139,5,0,0
BRDA:139,5,1,0
BRDA:141,6,0,0
BRDA:141,6,1,0
BRDA:155,7,0,1
BRDA:155,7,1,0
BRDA:180,8,0,0
BRDA:180,8,1,0
BRDA:204,9,0,0
BRDA:204,9,1,0
BRDA:221,10,0,0
BRDA:221,10,1,0
BRDA:252,11,0,0
BRDA:252,11,1,0
BRDA:252,12,0,0
BRDA:252,12,1,0
BRDA:301,13,0,0
BRDA:301,13,1,0
BRDA:306,14,0,0
BRDA:306,14,1,0
BRDA:307,15,0,0
BRDA:307,15,1,0
BRDA:319,16,0,0
BRDA:319,16,1,0
BRDA:324,17,0,0
BRDA:324,17,1,0
BRDA:325,18,0,0
BRDA:325,18,1,0
BRDA:348,19,0,1
BRDA:348,19,1,0
BRDA:360,20,0,0
BRDA:360,20,1,0
BRF:42
BRH:3
end_of_record
TN:
SF:src/middlewares/metricsCollector.js
FN:22,metricsCollector
FN:25,(anonymous_1)
FNF:2
FNH:2
FNDA:1,metricsCollector
FNDA:1,(anonymous_1)
DA:3,1
DA:5,1
DA:7,1
DA:14,1
DA:23,1
DA:25,1
DA:26,1
DA:27,1
DA:29,1
DA:30,1
DA:36,1
DA:37,1
DA:40,1
LF:13
LH:13
BRDA:29,0,0,1
BRDA:29,0,1,0
BRF:2
BRH:1
end_of_record
TN:
SF:src/middlewares/rateLimit.js
FNF:0
FNH:0
DA:4,1
DA:12,1
LF:2
LH:2
BRF:0
BRH:0
end_of_record
TN:
SF:src/middlewares/requestId.js
FN:11,requestId
FNF:1
FNH:1
FNDA:1,requestId
DA:12,1
DA:13,1
DA:14,1
DA:15,1
LF:4
LH:4
BRDA:12,0,0,1
BRDA:12,0,1,1
BRF:2
BRH:2
end_of_record
TN:
SF:src/middlewares/rootMiddlware.js
FNF:0
FNH:0
DA:16,1
DA:26,1
DA:32,1
LF:3
LH:3
BRF:0
BRH:0
end_of_record
TN:
SF:src/modules/index.js
FN:4,(anonymous_0)
FN:11,(anonymous_1)
FNF:2
FNH:1
FNDA:2,(anonymous_0)
FNDA:0,(anonymous_1)
DA:8,2
DA:12,0
LF:2
LH:1
BRF:0
BRH:0
end_of_record
TN:
SF:src/pipe/index.js
FN:4,(anonymous_0)
FN:13,(anonymous_1)
FN:22,(anonymous_2)
FN:23,(anonymous_3)
FN:26,(anonymous_4)
FN:27,(anonymous_5)
FNF:6
FNH:2
FNDA:0,(anonymous_0)
FNDA:0,(anonymous_1)
FNDA:1,(anonymous_2)
FNDA:0,(anonymous_3)
FNDA:1,(anonymous_4)
FNDA:0,(anonymous_5)
DA:5,0
DA:14,0
DA:23,1
DA:27,1
LF:4
LH:2
BRF:0
BRH:0
end_of_record
TN:
SF:src/router/index.js
FN:9,(anonymous_0)
FN:14,(anonymous_1)
FN:19,(anonymous_2)
FNF:3
FNH:3
FNDA:1,(anonymous_0)
FNDA:1,(anonymous_1)
FNDA:26,(anonymous_2)
DA:10,1
DA:11,1
DA:15,1
DA:17,1
DA:19,1
DA:20,26
DA:23,1
LF:7
LH:7
BRDA:10,0,0,1
BRDA:10,0,1,0
BRF:2
BRH:1
end_of_record
TN:
SF:src/tasks/notifications.task.js
FN:7,(anonymous_0)
FN:12,(anonymous_1)
FN:14,(anonymous_2)
FNF:3
FNH:2
FNDA:1,(anonymous_0)
FNDA:1,(anonymous_1)
FNDA:0,(anonymous_2)
DA:8,1
DA:9,1
DA:14,1
DA:15,0
DA:16,0
DA:18,0
DA:19,0
LF:7
LH:3
BRF:0
BRH:0
end_of_record
TN:
SF:src/tasks/packages.tasks.js
FN:12,(anonymous_0)
FN:19,(anonymous_1)
FN:21,(anonymous_2)
FN:82,(anonymous_3)
FN:84,(anonymous_4)
FNF:5
FNH:3
FNDA:1,(anonymous_0)
FNDA:1,(anonymous_1)
FNDA:0,(anonymous_2)
FNDA:1,(anonymous_3)
FNDA:0,(anonymous_4)
DA:13,1
DA:14,1
DA:15,1
DA:16,1
DA:21,1
DA:22,0
DA:24,0
DA:25,0
DA:27,0
DA:32,0
DA:38,0
DA:39,0
DA:44,0
DA:46,0
DA:48,0
DA:66,0
DA:69,0
DA:72,0
DA:76,0
DA:77,0
DA:84,1
DA:85,0
DA:87,0
DA:92,0
DA:98,0
DA:100,0
DA:101,0
DA:103,0
DA:105,0
DA:110,0
DA:134,0
DA:135,0
LF:32
LH:6
BRF:0
BRH:0
end_of_record
TN:
SF:src/tasks/schedule.tasks.js
FN:14,(anonymous_0)
FN:26,(anonymous_1)
FN:30,(anonymous_2)
FN:34,(anonymous_3)
FN:36,(anonymous_4)
FN:167,(anonymous_5)
FN:169,(anonymous_6)
FN:182,(anonymous_7)
FN:199,(anonymous_8)
FN:216,(anonymous_9)
FN:218,(anonymous_10)
FN:233,(anonymous_11)
FN:247,(anonymous_12)
FN:253,(anonymous_13)
FN:270,(anonymous_14)
FN:290,(anonymous_15)
FN:292,(anonymous_16)
FNF:17
FNH:5
FNDA:1,(anonymous_0)
FNDA:0,(anonymous_1)
FNDA:0,(anonymous_2)
FNDA:1,(anonymous_3)
FNDA:0,(anonymous_4)
FNDA:1,(anonymous_5)
FNDA:0,(anonymous_6)
FNDA:0,(anonymous_7)
FNDA:0,(anonymous_8)
FNDA:1,(anonymous_9)
FNDA:0,(anonymous_10)
FNDA:0,(anonymous_11)
FNDA:0,(anonymous_12)
FNDA:0,(anonymous_13)
FNDA:0,(anonymous_14)
FNDA:1,(anonymous_15)
FNDA:0,(anonymous_16)
DA:15,1
DA:16,1
DA:17,1
DA:18,1
DA:19,1
DA:20,1
DA:21,1
DA:27,0
DA:31,0
DA:36,1
DA:37,0
DA:38,0
DA:40,0
DA:45,0
DA:51,0
DA:57,0
DA:63,0
DA:64,0
DA:69,0
DA:71,0
DA:103,0
DA:108,0
DA:109,0
DA:110,0
DA:112,0
DA:117,0
DA:122,0
DA:156,0
DA:161,0
DA:162,0
DA:169,1
DA:170,0
DA:171,0
DA:173,0
DA:180,0
DA:182,0
DA:183,0
DA:185,0
DA:187,0
DA:188,0
DA:199,0
DA:200,0
DA:205,0
DA:207,0
DA:209,0
DA:210,0
DA:218,1
DA:219,0
DA:220,0
DA:222,0
DA:224,0
DA:233,0
DA:234,0
DA:235,0
DA:237,0
DA:240,0
DA:242,0
DA:246,0
DA:247,0
DA:248,0
DA:249,0
DA:250,0
DA:253,0
DA:254,0
DA:255,0
DA:257,0
DA:270,0
DA:271,0
DA:277,0
DA:279,0
DA:284,0
DA:285,0
DA:292,1
DA:293,0
DA:294,0
DA:296,0
DA:303,0
DA:304,0
DA:306,0
DA:325,0
DA:327,0
DA:332,0
DA:336,0
DA:337,0
LF:84
LH:11
BRDA:108,0,0,0
BRDA:108,0,1,0
BRDA:187,1,0,0
BRDA:187,1,1,0
BRDA:234,2,0,0
BRDA:234,2,1,0
BRDA:246,3,0,0
BRDA:246,3,1,0
BRDA:248,4,0,0
BRDA:248,4,1,0
BRDA:249,5,0,0
BRDA:249,5,1,0
BRDA:254,6,0,0
BRDA:254,6,1,0
BRF:14
BRH:0
end_of_record
TN:
SF:src/tasks/users.tasks.js
FN:7,(anonymous_0)
FN:12,(anonymous_1)
FN:14,(anonymous_2)
FN:26,(anonymous_3)
FN:30,(anonymous_4)
FNF:5
FNH:2
FNDA:1,(anonymous_0)
FNDA:0,(anonymous_1)
FNDA:0,(anonymous_2)
FNDA:1,(anonymous_3)
FNDA:0,(anonymous_4)
DA:8,1
DA:9,1
DA:14,0
DA:15,0
DA:16,0
DA:17,0
DA:18,0
DA:20,0
DA:21,0
DA:28,1
DA:31,0
DA:32,0
DA:33,0
DA:34,0
DA:36,0
DA:37,0
LF:16
LH:3
BRF:0
BRH:0
end_of_record
